<!DOCTYPE html PUBLIC "-//W3C//DTD XHTML 1.1//EN" "https://www.w3.org/TR/xhtml11/DTD/xhtml11.dtd">
<html xmlns="https://www.w3.org/1999/xhtml">
<head>
<meta http-equiv="content-type" content="text/html; charset=UTF-8"/>
<title>TestNG Report</title>
<style type="text/css">table {margin-bottom:10px;border-collapse:collapse;empty-cells:show}th,td {border:1px solid #009;padding:.25em .5em}th {vertical-align:bottom}td {vertical-align:top}table a {font-weight:bold}.stripe td {background-color: #E6EBF9}.num {text-align:right}.passedodd td {background-color: #3F3}.passedeven td {background-color: #0A0}.skippedodd td {background-color: #DDD}.skippedeven td {background-color: #CCC}.failedodd td,.attn {background-color: #F33}.failedeven td,.stripe .attn {background-color: #D00}.stacktrace {white-space:pre;font-family:monospace}.totop {font-size:85%;text-align:center;border-bottom:2px solid #000}.invisible {display:none}</style>
</head>
<body>
<table>
<tr><th>Test</th><th># Passed</th><th># Skipped</th><th># Retried</th><th># Failed</th><th>Time (ms)</th><th>Included Groups</th><th>Excluded Groups</th></tr>
<tr><th colspan="8">Suite</th></tr>
<tr><td><a href="#t0">Chrome Test</a></td><td class="num">73</td><td class="num">0</td><td class="num">0</td><td class="num attn">10</td><td class="num">2,527,745</td><td></td><td></td></tr>
</table>
<table id='summary'><thead><tr><th>Class</th><th>Method</th><th>Start</th><th>Time (ms)</th></tr></thead><tbody><tr><th colspan="4">Suite</th></tr></tbody><tbody id="t0"><tr><th colspan="4">Chrome Test &#8212; failed</th></tr><tr class="failedeven"><td rowspan="1">com.pratian.automation.testclasses.ConfirmationDialogBox</td><td><a href="#m0">confirm</a></td><td rowspan="1">1634408560410</td><td rowspan="1">43</td></tr><tr class="failedodd"><td rowspan="2">com.pratian.automation.testclasses.Tc024</td><td><a href="#m1">validateAddStakeholderPage</a></td><td rowspan="1">1634407031021</td><td rowspan="1">15090</td></tr><tr class="failedodd"><td><a href="#m2">verifyFields</a></td><td rowspan="1">1634407046599</td><td rowspan="1">74</td></tr><tr class="failedeven"><td rowspan="1">com.pratian.automation.testclasses.Tc037</td><td><a href="#m3">editStakeHolder</a></td><td rowspan="1">1634407163832</td><td rowspan="1">21028</td></tr><tr class="failedodd"><td rowspan="1">com.pratian.automation.testclasses.Tc041</td><td><a href="#m4">vadlidateClientPage</a></td><td rowspan="1">1634408130443</td><td rowspan="1">54871</td></tr><tr class="failedeven"><td rowspan="1">com.pratian.automation.testclasses.Tc047</td><td><a href="#m5">filterStakeholder</a></td><td rowspan="1">1634408963643</td><td rowspan="1">9360</td></tr><tr class="failedodd"><td rowspan="1">com.pratian.automation.testclasses.Tc051</td><td><a href="#m6">Button</a></td><td rowspan="1">1634406830693</td><td rowspan="1">38888</td></tr><tr class="failedeven"><td rowspan="1">com.pratian.automation.testclasses.Tc060</td><td><a href="#m7">filterStakeholderInvestor</a></td><td rowspan="1">1634409016290</td><td rowspan="1">7871</td></tr><tr class="failedodd"><td rowspan="2">com.pratian.automation.testclasses.Tc061</td><td><a href="#m8">filterStakeholderCategory</a></td><td rowspan="1">1634409077254</td><td rowspan="1">6032</td></tr><tr class="failedodd"><td><a href="#m9">vadlidateClientPage</a></td><td rowspan="1">1634409059973</td><td rowspan="1">16878</td></tr><tr><th colspan="4">Chrome Test &#8212; passed</th></tr><tr class="passedeven"><td rowspan="1">com.pratian.automation.testclasses.ActiveStatus</td><td><a href="#m10">Login</a></td><td rowspan="1">1634407846731</td><td rowspan="1">7245</td></tr><tr class="passedodd"><td rowspan="3">com.pratian.automation.testclasses.AddInvalidExternal</td><td><a href="#m11">Login</a></td><td rowspan="1">1634408786230</td><td rowspan="1">6725</td></tr><tr class="passedodd"><td><a href="#m12">addInvalidext</a></td><td rowspan="1">1634408816245</td><td rowspan="1">11519</td></tr><tr class="passedodd"><td><a href="#m13">vadlidateClientPage</a></td><td rowspan="1">1634408792959</td><td rowspan="1">23284</td></tr><tr class="passedeven"><td rowspan="3">com.pratian.automation.testclasses.AddInvalidInternal</td><td><a href="#m14">Login</a></td><td rowspan="1">1634408601893</td><td rowspan="1">6734</td></tr><tr class="passedeven"><td><a href="#m15">addInvalid</a></td><td rowspan="1">1634408640826</td><td rowspan="1">10510</td></tr><tr class="passedeven"><td><a href="#m16">vadlidateClientPage</a></td><td rowspan="1">1634408608629</td><td rowspan="1">32195</td></tr><tr class="passedodd"><td rowspan="3">com.pratian.automation.testclasses.AddValidExternal</td><td><a href="#m17">Login</a></td><td rowspan="1">1634408705205</td><td rowspan="1">6580</td></tr><tr class="passedodd"><td><a href="#m18">addValidext</a></td><td rowspan="1">1634408745580</td><td rowspan="1">15532</td></tr><tr class="passedodd"><td><a href="#m19">vadlidateClientPage</a></td><td rowspan="1">1634408711789</td><td rowspan="1">33257</td></tr><tr class="passedeven"><td rowspan="3">com.pratian.automation.testclasses.AddValidInternal</td><td><a href="#m20">Login</a></td><td rowspan="1">1634408414992</td><td rowspan="1">7008</td></tr><tr class="passedeven"><td><a href="#m21">addValidInt</a></td><td rowspan="1">1634408455377</td><td rowspan="1">11149</td></tr><tr class="passedeven"><td><a href="#m22">vadlidateClientPage</a></td><td rowspan="1">1634408422002</td><td rowspan="1">33373</td></tr><tr class="passedodd"><td rowspan="3">com.pratian.automation.testclasses.ConfirmationDialogBox</td><td><a href="#m23">Login</a></td><td rowspan="1">1634408487518</td><td rowspan="1">6799</td></tr><tr class="passedodd"><td><a href="#m24">addValidInt</a></td><td rowspan="1">1634408549241</td><td rowspan="1">11163</td></tr><tr class="passedodd"><td><a href="#m25">vadlidateClientPage</a></td><td rowspan="1">1634408494319</td><td rowspan="1">54719</td></tr><tr class="passedeven"><td rowspan="1">com.pratian.automation.testclasses.CustomerStatus</td><td><a href="#m26">Login</a></td><td rowspan="1">1634407877393</td><td rowspan="1">7062</td></tr><tr class="passedodd"><td rowspan="1">com.pratian.automation.testclasses.ExitButton</td><td><a href="#m27">Login</a></td><td rowspan="1">1634407911497</td><td rowspan="1">6635</td></tr><tr class="passedeven"><td rowspan="2">com.pratian.automation.testclasses.LinkAvaibality</td><td><a href="#m28">Linkavalable</a></td><td rowspan="1">1634407694603</td><td rowspan="1">42279</td></tr><tr class="passedeven"><td><a href="#m29">Login</a></td><td rowspan="1">1634407687140</td><td rowspan="1">7460</td></tr><tr class="passedodd"><td rowspan="1">com.pratian.automation.testclasses.SortButton</td><td><a href="#m30">Login</a></td><td rowspan="1">1634407797734</td><td rowspan="1">8819</td></tr><tr class="passedeven"><td rowspan="2">com.pratian.automation.testclasses.Tc021</td><td><a href="#m31">Button</a></td><td rowspan="1">1634406715172</td><td rowspan="1">25075</td></tr><tr class="passedeven"><td><a href="#m32">Login</a></td><td rowspan="1">1634406708472</td><td rowspan="1">6697</td></tr><tr class="passedodd"><td rowspan="2">com.pratian.automation.testclasses.Tc023</td><td><a href="#m33">Login</a></td><td rowspan="1">1634407942611</td><td rowspan="1">6782</td></tr><tr class="passedodd"><td><a href="#m34">vadlidateClientPage</a></td><td rowspan="1">1634407949396</td><td rowspan="1">49583</td></tr><tr class="passedeven"><td rowspan="2">com.pratian.automation.testclasses.Tc024</td><td><a href="#m35">Login</a></td><td rowspan="1">1634407007184</td><td rowspan="1">6770</td></tr><tr class="passedeven"><td><a href="#m36">vadlidateClientPage</a></td><td rowspan="1">1634407013959</td><td rowspan="1">17059</td></tr><tr class="passedodd"><td rowspan="2">com.pratian.automation.testclasses.Tc026</td><td><a href="#m37">Login</a></td><td rowspan="1">1634408021260</td><td rowspan="1">6768</td></tr><tr class="passedodd"><td><a href="#m38">vadlidateClientPage</a></td><td rowspan="1">1634408028033</td><td rowspan="1">76150</td></tr><tr class="passedeven"><td rowspan="2">com.pratian.automation.testclasses.Tc028</td><td><a href="#m39">Login</a></td><td rowspan="1">1634407204351</td><td rowspan="1">6612</td></tr><tr class="passedeven"><td><a href="#m40">vadlidateClientPage</a></td><td rowspan="1">1634407210968</td><td rowspan="1">65653</td></tr><tr class="passedodd"><td rowspan="3">com.pratian.automation.testclasses.Tc031</td><td><a href="#m41">Login</a></td><td rowspan="1">1634408846501</td><td rowspan="1">6771</td></tr><tr class="passedodd"><td><a href="#m42">vadlidateClientPage</a></td><td rowspan="1">1634408853274</td><td rowspan="1">11030</td></tr><tr class="passedodd"><td><a href="#m43">verifyStakeholderAddbtn</a></td><td rowspan="1">1634408864306</td><td rowspan="1">3550</td></tr><tr class="passedeven"><td rowspan="3">com.pratian.automation.testclasses.Tc032</td><td><a href="#m44">Login</a></td><td rowspan="1">1634406895090</td><td rowspan="1">6857</td></tr><tr class="passedeven"><td><a href="#m45">selectStakeHolder</a></td><td rowspan="1">1634406935046</td><td rowspan="1">6155</td></tr><tr class="passedeven"><td><a href="#m46">vadlidateClientPage</a></td><td rowspan="1">1634406901950</td><td rowspan="1">33093</td></tr><tr class="passedodd"><td rowspan="2">com.pratian.automation.testclasses.Tc037</td><td><a href="#m47">Login</a></td><td rowspan="1">1634407140324</td><td rowspan="1">6584</td></tr><tr class="passedodd"><td><a href="#m48">vadlidateClientPage</a></td><td rowspan="1">1634407146910</td><td rowspan="1">16919</td></tr><tr class="passedeven"><td rowspan="3">com.pratian.automation.testclasses.Tc039</td><td><a href="#m49">Login</a></td><td rowspan="1">1634408888215</td><td rowspan="1">6707</td></tr><tr class="passedeven"><td><a href="#m50">cancelStakeholderEditDetails</a></td><td rowspan="1">1634408908380</td><td rowspan="1">11561</td></tr><tr class="passedeven"><td><a href="#m51">vadlidateClientPage</a></td><td rowspan="1">1634408894925</td><td rowspan="1">13445</td></tr><tr class="passedodd"><td rowspan="3">com.pratian.automation.testclasses.Tc040</td><td><a href="#m52">Login</a></td><td rowspan="1">1634407072378</td><td rowspan="1">6645</td></tr><tr class="passedodd"><td><a href="#m53">vadlidateClientPage</a></td><td rowspan="1">1634407079027</td><td rowspan="1">29699</td></tr><tr class="passedodd"><td><a href="#m54">viewStaleHolderList</a></td><td rowspan="1">1634407108728</td><td rowspan="1">7198</td></tr><tr class="passedeven"><td rowspan="1">com.pratian.automation.testclasses.Tc041</td><td><a href="#m55">Login</a></td><td rowspan="1">1634408123729</td><td rowspan="1">6712</td></tr><tr class="passedodd"><td rowspan="2">com.pratian.automation.testclasses.Tc042</td><td><a href="#m56">Login</a></td><td rowspan="1">1634407306843</td><td rowspan="1">6980</td></tr><tr class="passedodd"><td><a href="#m57">vadlidateClientPage</a></td><td rowspan="1">1634407313825</td><td rowspan="1">80259</td></tr><tr class="passedeven"><td rowspan="2">com.pratian.automation.testclasses.Tc044</td><td><a href="#m58">Login</a></td><td rowspan="1">1634407412418</td><td rowspan="1">6742</td></tr><tr class="passedeven"><td><a href="#m59">vadlidateClientPage</a></td><td rowspan="1">1634407419162</td><td rowspan="1">62659</td></tr><tr class="passedodd"><td rowspan="2">com.pratian.automation.testclasses.Tc047</td><td><a href="#m60">Login</a></td><td rowspan="1">1634408940169</td><td rowspan="1">6709</td></tr><tr class="passedodd"><td><a href="#m61">vadlidateClientPage</a></td><td rowspan="1">1634408946880</td><td rowspan="1">16757</td></tr><tr class="passedeven"><td rowspan="3">com.pratian.automation.testclasses.Tc048</td><td><a href="#m62">Login</a></td><td rowspan="1">1634406959669</td><td rowspan="1">6617</td></tr><tr class="passedeven"><td><a href="#m63">selectStakeHolder</a></td><td rowspan="1">1634406984937</td><td rowspan="1">1368</td></tr><tr class="passedeven"><td><a href="#m64">vadlidateClientPage</a></td><td rowspan="1">1634406966291</td><td rowspan="1">18644</td></tr><tr class="passedodd"><td rowspan="1">com.pratian.automation.testclasses.Tc051</td><td><a href="#m65">Login</a></td><td rowspan="1">1634406823797</td><td rowspan="1">6894</td></tr><tr class="passedeven"><td rowspan="2">com.pratian.automation.testclasses.Tc052</td><td><a href="#m66">Button</a></td><td rowspan="1">1634406770561</td><td rowspan="1">29317</td></tr><tr class="passedeven"><td><a href="#m67">Login</a></td><td rowspan="1">1634406763924</td><td rowspan="1">6634</td></tr><tr class="passedodd"><td rowspan="2">com.pratian.automation.testclasses.Tc055</td><td><a href="#m68">Button</a></td><td rowspan="1">1634406621732</td><td rowspan="1">23417</td></tr><tr class="passedodd"><td><a href="#m69">Login</a></td><td rowspan="1">1634406613899</td><td rowspan="1">7790</td></tr><tr class="passedeven"><td rowspan="2">com.pratian.automation.testclasses.Tc056</td><td><a href="#m70">Button</a></td><td rowspan="1">1634406674267</td><td rowspan="1">11503</td></tr><tr class="passedeven"><td><a href="#m71">Login</a></td><td rowspan="1">1634406667148</td><td rowspan="1">7115</td></tr><tr class="passedodd"><td rowspan="2">com.pratian.automation.testclasses.Tc057</td><td><a href="#m72">Login</a></td><td rowspan="1">1634408205709</td><td rowspan="1">6701</td></tr><tr class="passedodd"><td><a href="#m73">vadlidateClientPage</a></td><td rowspan="1">1634408212412</td><td rowspan="1">68440</td></tr><tr class="passedeven"><td rowspan="2">com.pratian.automation.testclasses.Tc058</td><td><a href="#m74">Login</a></td><td rowspan="1">1634408303159</td><td rowspan="1">7744</td></tr><tr class="passedeven"><td><a href="#m75">vadlidateClientPage</a></td><td rowspan="1">1634408310906</td><td rowspan="1">82166</td></tr><tr class="passedodd"><td rowspan="2">com.pratian.automation.testclasses.Tc060</td><td><a href="#m76">Login</a></td><td rowspan="1">1634408994282</td><td rowspan="1">6959</td></tr><tr class="passedodd"><td><a href="#m77">vadlidateClientPage</a></td><td rowspan="1">1634409001243</td><td rowspan="1">15045</td></tr><tr class="passedeven"><td rowspan="1">com.pratian.automation.testclasses.Tc061</td><td><a href="#m78">Login</a></td><td rowspan="1">1634409053142</td><td rowspan="1">6829</td></tr><tr class="passedodd"><td rowspan="2">com.pratian.automation.testclasses.Tc062</td><td><a href="#m79">Login</a></td><td rowspan="1">1634407503334</td><td rowspan="1">7148</td></tr><tr class="passedodd"><td><a href="#m80">vadlidateClientPage</a></td><td rowspan="1">1634407510485</td><td rowspan="1">54601</td></tr><tr class="passedeven"><td rowspan="2">com.pratian.automation.testclasses.Tc063</td><td><a href="#m81">Login</a></td><td rowspan="1">1634407592625</td><td rowspan="1">7752</td></tr><tr class="passedeven"><td><a href="#m82">vadlidateClientPage</a></td><td rowspan="1">1634407600382</td><td rowspan="1">58029</td></tr></tbody>
</table>
<h2>Chrome Test</h2><h3 id="m0">com.pratian.automation.testclasses.ConfirmationDialogBox#confirm</h3><table class="result"><tr><th>Exception</th></tr><tr><td><div class="stacktrace">java.lang.IllegalArgumentException: Cannot find elements when the XPath is null.
	at org.openqa.selenium.By$ByXPath.&lt;init&gt;(By.java:339)
	at org.openqa.selenium.By.xpath(By.java:92)
	at com.pratian.automation.testclasses.ConfirmationDialogBox.confirm(ConfirmationDialogBox.java:82)
	at java.base/java.util.ArrayList.forEach(ArrayList.java:1511)
... Removed 27 stack frames</div></td></tr></table><p class="totop"><a href="#summary">back to summary</a></p>
<h3 id="m1">com.pratian.automation.testclasses.Tc024#validateAddStakeholderPage</h3><table class="result"><tr><th>Exception</th></tr><tr><td><div class="stacktrace">org.openqa.selenium.TimeoutException: Expected condition failed: waiting for visibility of element located by By.xpath: //*[@id=&quot;maincontent&quot;]/div/div (tried for 15 second(s) with 500 milliseconds interval)
	at org.openqa.selenium.support.ui.WebDriverWait.timeoutException(WebDriverWait.java:95)
	at org.openqa.selenium.support.ui.FluentWait.until(FluentWait.java:272)
	at com.pratian.automation.testclasses.Tc024.validateAddStakeholderPage(Tc024.java:45)
	at java.base/java.util.ArrayList.forEach(ArrayList.java:1511)
Caused by: org.openqa.selenium.NoSuchElementException: no such element: Unable to locate element: {&quot;method&quot;:&quot;xpath&quot;,&quot;selector&quot;:&quot;//*[@id=&quot;maincontent&quot;]/div/div&quot;}
  (Session info: chrome=94.0.4606.81)
For documentation on this error, please visit: https://www.seleniumhq.org/exceptions/no_such_element.html
Build info: version: &apos;3.141.59&apos;, revision: &apos;e82be7d358&apos;, time: &apos;2018-11-14T08:17:03&apos;
System info: host: &apos;DESKTOP-C9JH5PO&apos;, ip: &apos;192.168.0.7&apos;, os.name: &apos;Windows 10&apos;, os.arch: &apos;amd64&apos;, os.version: &apos;10.0&apos;, java.version: &apos;16.0.2&apos;
Driver info: org.openqa.selenium.chrome.ChromeDriver
Capabilities {acceptInsecureCerts: false, browserName: chrome, browserVersion: 94.0.4606.81, chrome: {chromedriverVersion: 94.0.4606.61 (418b78f5838ed..., userDataDir: C:\Users\DELL\AppData\Local...}, goog:chromeOptions: {debuggerAddress: localhost:64315}, javascriptEnabled: true, networkConnectionEnabled: false, pageLoadStrategy: normal, platform: WINDOWS, platformName: WINDOWS, proxy: Proxy(), setWindowRect: true, strictFileInteractability: false, timeouts: {implicit: 0, pageLoad: 300000, script: 30000}, unhandledPromptBehavior: dismiss and notify, webauthn:extension:credBlob: true, webauthn:extension:largeBlob: true, webauthn:virtualAuthenticators: true}
Session ID: 657bdf21416bfd1dd4ff24ad741941ae
*** Element info: {Using=xpath, value=//*[@id=&quot;maincontent&quot;]/div/div}
	at org.openqa.selenium.remote.http.W3CHttpResponseCodec.createException(W3CHttpResponseCodec.java:187)
	at org.openqa.selenium.remote.http.W3CHttpResponseCodec.decode(W3CHttpResponseCodec.java:122)
	at org.openqa.selenium.remote.http.W3CHttpResponseCodec.decode(W3CHttpResponseCodec.java:49)
	at org.openqa.selenium.remote.HttpCommandExecutor.execute(HttpCommandExecutor.java:158)
	at org.openqa.selenium.remote.service.DriverCommandExecutor.execute(DriverCommandExecutor.java:83)
	at org.openqa.selenium.remote.RemoteWebDriver.execute(RemoteWebDriver.java:552)
	at org.openqa.selenium.remote.RemoteWebDriver.findElement(RemoteWebDriver.java:323)
	at org.openqa.selenium.remote.RemoteWebDriver.findElementByXPath(RemoteWebDriver.java:428)
	at org.openqa.selenium.By$ByXPath.findElement(By.java:353)
	at org.openqa.selenium.remote.RemoteWebDriver.findElement(RemoteWebDriver.java:315)
	at org.openqa.selenium.support.ui.ExpectedConditions$7.apply(ExpectedConditions.java:205)
	at org.openqa.selenium.support.ui.ExpectedConditions$7.apply(ExpectedConditions.java:201)
	at org.openqa.selenium.support.ui.FluentWait.until(FluentWait.java:249)
	... 29 more
... Removed 31 stack frames</div></td></tr></table><p class="totop"><a href="#summary">back to summary</a></p>
<h3 id="m2">com.pratian.automation.testclasses.Tc024#verifyFields</h3><table class="result"><tr><th>Exception</th></tr><tr><td><div class="stacktrace">org.openqa.selenium.NoSuchElementException: no such element: Unable to locate element: {&quot;method&quot;:&quot;css selector&quot;,&quot;selector&quot;:&quot;#addStakeholder_internal_name&quot;}
  (Session info: chrome=94.0.4606.81)
For documentation on this error, please visit: https://www.seleniumhq.org/exceptions/no_such_element.html
Build info: version: &apos;3.141.59&apos;, revision: &apos;e82be7d358&apos;, time: &apos;2018-11-14T08:17:03&apos;
System info: host: &apos;DESKTOP-C9JH5PO&apos;, ip: &apos;192.168.0.7&apos;, os.name: &apos;Windows 10&apos;, os.arch: &apos;amd64&apos;, os.version: &apos;10.0&apos;, java.version: &apos;16.0.2&apos;
Driver info: org.openqa.selenium.chrome.ChromeDriver
Capabilities {acceptInsecureCerts: false, browserName: chrome, browserVersion: 94.0.4606.81, chrome: {chromedriverVersion: 94.0.4606.61 (418b78f5838ed..., userDataDir: C:\Users\DELL\AppData\Local...}, goog:chromeOptions: {debuggerAddress: localhost:64315}, javascriptEnabled: true, networkConnectionEnabled: false, pageLoadStrategy: normal, platform: WINDOWS, platformName: WINDOWS, proxy: Proxy(), setWindowRect: true, strictFileInteractability: false, timeouts: {implicit: 0, pageLoad: 300000, script: 30000}, unhandledPromptBehavior: dismiss and notify, webauthn:extension:credBlob: true, webauthn:extension:largeBlob: true, webauthn:virtualAuthenticators: true}
Session ID: 657bdf21416bfd1dd4ff24ad741941ae
*** Element info: {Using=id, value=addStakeholder_internal_name}
	at org.openqa.selenium.remote.http.W3CHttpResponseCodec.createException(W3CHttpResponseCodec.java:187)
	at org.openqa.selenium.remote.http.W3CHttpResponseCodec.decode(W3CHttpResponseCodec.java:122)
	at org.openqa.selenium.remote.http.W3CHttpResponseCodec.decode(W3CHttpResponseCodec.java:49)
	at org.openqa.selenium.remote.HttpCommandExecutor.execute(HttpCommandExecutor.java:158)
	at org.openqa.selenium.remote.service.DriverCommandExecutor.execute(DriverCommandExecutor.java:83)
	at org.openqa.selenium.remote.RemoteWebDriver.execute(RemoteWebDriver.java:552)
	at org.openqa.selenium.remote.RemoteWebDriver.findElement(RemoteWebDriver.java:323)
	at org.openqa.selenium.remote.RemoteWebDriver.findElementById(RemoteWebDriver.java:372)
	at org.openqa.selenium.By$ById.findElement(By.java:188)
	at org.openqa.selenium.remote.RemoteWebDriver.findElement(RemoteWebDriver.java:315)
	at org.openqa.selenium.support.pagefactory.DefaultElementLocator.findElement(DefaultElementLocator.java:69)
	at org.openqa.selenium.support.pagefactory.internal.LocatingElementHandler.invoke(LocatingElementHandler.java:38)
	at jdk.proxy2/jdk.proxy2.$Proxy14.isDisplayed(Unknown Source)
	at com.pratian.automation.pageobjects.StakeElements.displayedFields(StakeElements.java:40)
	at com.pratian.automation.testclasses.Tc024.verifyFields(Tc024.java:58)
	at java.base/java.util.ArrayList.forEach(ArrayList.java:1511)
... Removed 31 stack frames</div></td></tr></table><p class="totop"><a href="#summary">back to summary</a></p>
<h3 id="m3">com.pratian.automation.testclasses.Tc037#editStakeHolder</h3><table class="result"><tr><th>Exception</th></tr><tr><td><div class="stacktrace">org.openqa.selenium.TimeoutException: Expected condition failed: waiting for visibility of element located by By.xpath: //*[@id=&apos;click-button&apos;]/div/div/div[2]/button (tried for 10 second(s) with 500 milliseconds interval)
Build info: version: &apos;3.141.59&apos;, revision: &apos;e82be7d358&apos;, time: &apos;2018-11-14T08:17:03&apos;
System info: host: &apos;DESKTOP-C9JH5PO&apos;, ip: &apos;192.168.0.7&apos;, os.name: &apos;Windows 10&apos;, os.arch: &apos;amd64&apos;, os.version: &apos;10.0&apos;, java.version: &apos;16.0.2&apos;
Driver info: org.openqa.selenium.chrome.ChromeDriver
Capabilities {acceptInsecureCerts: false, browserName: chrome, browserVersion: 94.0.4606.81, chrome: {chromedriverVersion: 94.0.4606.61 (418b78f5838ed..., userDataDir: C:\Users\DELL\AppData\Local...}, goog:chromeOptions: {debuggerAddress: localhost:65281}, javascriptEnabled: true, networkConnectionEnabled: false, pageLoadStrategy: normal, platform: WINDOWS, platformName: WINDOWS, proxy: Proxy(), setWindowRect: true, strictFileInteractability: false, timeouts: {implicit: 0, pageLoad: 300000, script: 30000}, unhandledPromptBehavior: dismiss and notify, webauthn:extension:credBlob: true, webauthn:extension:largeBlob: true, webauthn:virtualAuthenticators: true}
Session ID: 451b13891f65459bdb0549557daec233
	at org.openqa.selenium.support.ui.WebDriverWait.timeoutException(WebDriverWait.java:95)
	at org.openqa.selenium.support.ui.FluentWait.until(FluentWait.java:272)
	at com.pratian.automation.testclasses.Tc037.editStakeHolder(Tc037.java:51)
	at java.base/java.util.ArrayList.forEach(ArrayList.java:1511)
... Removed 27 stack frames</div></td></tr></table><p class="totop"><a href="#summary">back to summary</a></p>
<h3 id="m4">com.pratian.automation.testclasses.Tc041#vadlidateClientPage</h3><table class="result"><tr><th>Exception</th></tr><tr><td><div class="stacktrace">org.openqa.selenium.ElementClickInterceptedException: element click intercepted: Element &lt;button _ngcontent-vti-c317=&quot;&quot; aria-haspopup=&quot;true&quot; mat-menu-item=&quot;&quot; id=&quot;viewStakeholderInfo_filter_subMenu2Fn&quot; class=&quot;mat-focus-indicator mat-menu-trigger mat-menu-item mat-menu-item-submenu-trigger ng-tns-c263-82&quot; role=&quot;menuitem&quot; tabindex=&quot;0&quot; aria-disabled=&quot;false&quot;&gt;...&lt;/button&gt; is not clickable at point (1432, 257). Other element would receive the click: &lt;div id=&quot;cdk-overlay-1&quot; class=&quot;cdk-overlay-pane&quot; style=&quot;position: static;&quot;&gt;...&lt;/div&gt;
  (Session info: chrome=94.0.4606.81)
Build info: version: &apos;3.141.59&apos;, revision: &apos;e82be7d358&apos;, time: &apos;2018-11-14T08:17:03&apos;
System info: host: &apos;DESKTOP-C9JH5PO&apos;, ip: &apos;192.168.0.7&apos;, os.name: &apos;Windows 10&apos;, os.arch: &apos;amd64&apos;, os.version: &apos;10.0&apos;, java.version: &apos;16.0.2&apos;
Driver info: org.openqa.selenium.chrome.ChromeDriver
Capabilities {acceptInsecureCerts: false, browserName: chrome, browserVersion: 94.0.4606.81, chrome: {chromedriverVersion: 94.0.4606.61 (418b78f5838ed..., userDataDir: C:\Users\DELL\AppData\Local...}, goog:chromeOptions: {debuggerAddress: localhost:62822}, javascriptEnabled: true, networkConnectionEnabled: false, pageLoadStrategy: normal, platform: WINDOWS, platformName: WINDOWS, proxy: Proxy(), setWindowRect: true, strictFileInteractability: false, timeouts: {implicit: 0, pageLoad: 300000, script: 30000}, unhandledPromptBehavior: dismiss and notify, webauthn:extension:credBlob: true, webauthn:extension:largeBlob: true, webauthn:virtualAuthenticators: true}
Session ID: 6946bbe3d7b38738c07301ee73b8c8f7
	at org.openqa.selenium.remote.http.W3CHttpResponseCodec.createException(W3CHttpResponseCodec.java:187)
	at org.openqa.selenium.remote.http.W3CHttpResponseCodec.decode(W3CHttpResponseCodec.java:122)
	at org.openqa.selenium.remote.http.W3CHttpResponseCodec.decode(W3CHttpResponseCodec.java:49)
	at org.openqa.selenium.remote.HttpCommandExecutor.execute(HttpCommandExecutor.java:158)
	at org.openqa.selenium.remote.service.DriverCommandExecutor.execute(DriverCommandExecutor.java:83)
	at org.openqa.selenium.remote.RemoteWebDriver.execute(RemoteWebDriver.java:552)
	at org.openqa.selenium.remote.RemoteWebElement.execute(RemoteWebElement.java:285)
	at org.openqa.selenium.remote.RemoteWebElement.click(RemoteWebElement.java:84)
	at com.pratian.automation.testclasses.Tc041.vadlidateClientPage(Tc041.java:34)
	at java.base/java.util.ArrayList.forEach(ArrayList.java:1511)
... Removed 32 stack frames</div></td></tr></table><p class="totop"><a href="#summary">back to summary</a></p>
<h3 id="m5">com.pratian.automation.testclasses.Tc047#filterStakeholder</h3><table class="result"><tr><th>Exception</th></tr><tr><td><div class="stacktrace">org.openqa.selenium.TimeoutException: Expected condition failed: waiting for visibility of element located by By.xpath: viewStakeholder_filterBtn (tried for 6 second(s) with 500 milliseconds interval)
	at org.openqa.selenium.support.ui.WebDriverWait.timeoutException(WebDriverWait.java:95)
	at org.openqa.selenium.support.ui.FluentWait.until(FluentWait.java:272)
	at com.pratian.automation.testclasses.Tc047.filterStakeholder(Tc047.java:33)
	at java.base/java.util.ArrayList.forEach(ArrayList.java:1511)
Caused by: org.openqa.selenium.NoSuchElementException: no such element: Unable to locate element: {&quot;method&quot;:&quot;xpath&quot;,&quot;selector&quot;:&quot;viewStakeholder_filterBtn&quot;}
  (Session info: chrome=94.0.4606.81)
For documentation on this error, please visit: https://www.seleniumhq.org/exceptions/no_such_element.html
Build info: version: &apos;3.141.59&apos;, revision: &apos;e82be7d358&apos;, time: &apos;2018-11-14T08:17:03&apos;
System info: host: &apos;DESKTOP-C9JH5PO&apos;, ip: &apos;192.168.0.7&apos;, os.name: &apos;Windows 10&apos;, os.arch: &apos;amd64&apos;, os.version: &apos;10.0&apos;, java.version: &apos;16.0.2&apos;
Driver info: org.openqa.selenium.chrome.ChromeDriver
Capabilities {acceptInsecureCerts: false, browserName: chrome, browserVersion: 94.0.4606.81, chrome: {chromedriverVersion: 94.0.4606.61 (418b78f5838ed..., userDataDir: C:\Users\DELL\AppData\Local...}, goog:chromeOptions: {debuggerAddress: localhost:64532}, javascriptEnabled: true, networkConnectionEnabled: false, pageLoadStrategy: normal, platform: WINDOWS, platformName: WINDOWS, proxy: Proxy(), setWindowRect: true, strictFileInteractability: false, timeouts: {implicit: 0, pageLoad: 300000, script: 30000}, unhandledPromptBehavior: dismiss and notify, webauthn:extension:credBlob: true, webauthn:extension:largeBlob: true, webauthn:virtualAuthenticators: true}
Session ID: ed797f1a0a4358e82ee4aae989ca1969
*** Element info: {Using=xpath, value=viewStakeholder_filterBtn}
	at org.openqa.selenium.remote.http.W3CHttpResponseCodec.createException(W3CHttpResponseCodec.java:187)
	at org.openqa.selenium.remote.http.W3CHttpResponseCodec.decode(W3CHttpResponseCodec.java:122)
	at org.openqa.selenium.remote.http.W3CHttpResponseCodec.decode(W3CHttpResponseCodec.java:49)
	at org.openqa.selenium.remote.HttpCommandExecutor.execute(HttpCommandExecutor.java:158)
	at org.openqa.selenium.remote.service.DriverCommandExecutor.execute(DriverCommandExecutor.java:83)
	at org.openqa.selenium.remote.RemoteWebDriver.execute(RemoteWebDriver.java:552)
	at org.openqa.selenium.remote.RemoteWebDriver.findElement(RemoteWebDriver.java:323)
	at org.openqa.selenium.remote.RemoteWebDriver.findElementByXPath(RemoteWebDriver.java:428)
	at org.openqa.selenium.By$ByXPath.findElement(By.java:353)
	at org.openqa.selenium.remote.RemoteWebDriver.findElement(RemoteWebDriver.java:315)
	at org.openqa.selenium.support.ui.ExpectedConditions$7.apply(ExpectedConditions.java:205)
	at org.openqa.selenium.support.ui.ExpectedConditions$7.apply(ExpectedConditions.java:201)
	at org.openqa.selenium.support.ui.FluentWait.until(FluentWait.java:249)
	... 29 more
... Removed 31 stack frames</div></td></tr></table><p class="totop"><a href="#summary">back to summary</a></p>
<h3 id="m6">com.pratian.automation.testclasses.Tc051#Button</h3><table class="result"><tr><th>Exception</th></tr><tr><td><div class="stacktrace">org.openqa.selenium.NoSuchElementException: no such element: Unable to locate element: {&quot;method&quot;:&quot;xpath&quot;,&quot;selector&quot;:&quot;/html/body/ngx-app/ngx-get2aha/ngx-one-column-layout/nb-layout/div[2]/div[2]/div/mat-dialog-container/ngx-popup/div[2]/div/div[3]/div/div/div[2]/button&quot;}
  (Session info: chrome=94.0.4606.81)
For documentation on this error, please visit: https://www.seleniumhq.org/exceptions/no_such_element.html
Build info: version: &apos;3.141.59&apos;, revision: &apos;e82be7d358&apos;, time: &apos;2018-11-14T08:17:03&apos;
System info: host: &apos;DESKTOP-C9JH5PO&apos;, ip: &apos;192.168.0.7&apos;, os.name: &apos;Windows 10&apos;, os.arch: &apos;amd64&apos;, os.version: &apos;10.0&apos;, java.version: &apos;16.0.2&apos;
Driver info: org.openqa.selenium.chrome.ChromeDriver
Capabilities {acceptInsecureCerts: false, browserName: chrome, browserVersion: 94.0.4606.81, chrome: {chromedriverVersion: 94.0.4606.61 (418b78f5838ed..., userDataDir: C:\Users\DELL\AppData\Local...}, goog:chromeOptions: {debuggerAddress: localhost:49399}, javascriptEnabled: true, networkConnectionEnabled: false, pageLoadStrategy: normal, platform: WINDOWS, platformName: WINDOWS, proxy: Proxy(), setWindowRect: true, strictFileInteractability: false, timeouts: {implicit: 0, pageLoad: 300000, script: 30000}, unhandledPromptBehavior: dismiss and notify, webauthn:extension:credBlob: true, webauthn:extension:largeBlob: true, webauthn:virtualAuthenticators: true}
Session ID: b9c3833658b8418dec20ad907b77ee54
*** Element info: {Using=xpath, value=/html/body/ngx-app/ngx-get2aha/ngx-one-column-layout/nb-layout/div[2]/div[2]/div/mat-dialog-container/ngx-popup/div[2]/div/div[3]/div/div/div[2]/button}
	at org.openqa.selenium.remote.http.W3CHttpResponseCodec.createException(W3CHttpResponseCodec.java:187)
	at org.openqa.selenium.remote.http.W3CHttpResponseCodec.decode(W3CHttpResponseCodec.java:122)
	at org.openqa.selenium.remote.http.W3CHttpResponseCodec.decode(W3CHttpResponseCodec.java:49)
	at org.openqa.selenium.remote.HttpCommandExecutor.execute(HttpCommandExecutor.java:158)
	at org.openqa.selenium.remote.service.DriverCommandExecutor.execute(DriverCommandExecutor.java:83)
	at org.openqa.selenium.remote.RemoteWebDriver.execute(RemoteWebDriver.java:552)
	at org.openqa.selenium.remote.RemoteWebDriver.findElement(RemoteWebDriver.java:323)
	at org.openqa.selenium.remote.RemoteWebDriver.findElementByXPath(RemoteWebDriver.java:428)
	at org.openqa.selenium.By$ByXPath.findElement(By.java:353)
	at org.openqa.selenium.remote.RemoteWebDriver.findElement(RemoteWebDriver.java:315)
	at org.openqa.selenium.support.pagefactory.DefaultElementLocator.findElement(DefaultElementLocator.java:69)
	at org.openqa.selenium.support.pagefactory.internal.LocatingElementHandler.invoke(LocatingElementHandler.java:38)
	at jdk.proxy2/jdk.proxy2.$Proxy14.click(Unknown Source)
	at com.pratian.automation.pageobjects.StakeHolderPage.ClickYesBtn(StakeHolderPage.java:134)
	at com.pratian.automation.pageobjects.AllTestMethods.Tc051(AllTestMethods.java:43)
	at com.pratian.automation.testclasses.Tc051.Button(Tc051.java:14)
	at java.base/java.util.ArrayList.forEach(ArrayList.java:1511)
... Removed 32 stack frames</div></td></tr></table><p class="totop"><a href="#summary">back to summary</a></p>
<h3 id="m7">com.pratian.automation.testclasses.Tc060#filterStakeholderInvestor</h3><table class="result"><tr><th>Exception</th></tr><tr><td><div class="stacktrace">org.openqa.selenium.TimeoutException: Expected condition failed: waiting for visibility of element located by By.xpath: viewStakeholder_filterBtn (tried for 6 second(s) with 500 milliseconds interval)
	at org.openqa.selenium.support.ui.WebDriverWait.timeoutException(WebDriverWait.java:95)
	at org.openqa.selenium.support.ui.FluentWait.until(FluentWait.java:272)
	at com.pratian.automation.testclasses.Tc060.filterStakeholderInvestor(Tc060.java:34)
	at java.base/java.util.ArrayList.forEach(ArrayList.java:1511)
Caused by: org.openqa.selenium.NoSuchElementException: no such element: Unable to locate element: {&quot;method&quot;:&quot;xpath&quot;,&quot;selector&quot;:&quot;viewStakeholder_filterBtn&quot;}
  (Session info: chrome=94.0.4606.81)
For documentation on this error, please visit: https://www.seleniumhq.org/exceptions/no_such_element.html
Build info: version: &apos;3.141.59&apos;, revision: &apos;e82be7d358&apos;, time: &apos;2018-11-14T08:17:03&apos;
System info: host: &apos;DESKTOP-C9JH5PO&apos;, ip: &apos;192.168.0.7&apos;, os.name: &apos;Windows 10&apos;, os.arch: &apos;amd64&apos;, os.version: &apos;10.0&apos;, java.version: &apos;16.0.2&apos;
Driver info: org.openqa.selenium.chrome.ChromeDriver
Capabilities {acceptInsecureCerts: false, browserName: chrome, browserVersion: 94.0.4606.81, chrome: {chromedriverVersion: 94.0.4606.61 (418b78f5838ed..., userDataDir: C:\Users\DELL\AppData\Local...}, goog:chromeOptions: {debuggerAddress: localhost:64842}, javascriptEnabled: true, networkConnectionEnabled: false, pageLoadStrategy: normal, platform: WINDOWS, platformName: WINDOWS, proxy: Proxy(), setWindowRect: true, strictFileInteractability: false, timeouts: {implicit: 0, pageLoad: 300000, script: 30000}, unhandledPromptBehavior: dismiss and notify, webauthn:extension:credBlob: true, webauthn:extension:largeBlob: true, webauthn:virtualAuthenticators: true}
Session ID: 8b9d5b63fd2097ff2be1e51de6494bdc
*** Element info: {Using=xpath, value=viewStakeholder_filterBtn}
	at org.openqa.selenium.remote.http.W3CHttpResponseCodec.createException(W3CHttpResponseCodec.java:187)
	at org.openqa.selenium.remote.http.W3CHttpResponseCodec.decode(W3CHttpResponseCodec.java:122)
	at org.openqa.selenium.remote.http.W3CHttpResponseCodec.decode(W3CHttpResponseCodec.java:49)
	at org.openqa.selenium.remote.HttpCommandExecutor.execute(HttpCommandExecutor.java:158)
	at org.openqa.selenium.remote.service.DriverCommandExecutor.execute(DriverCommandExecutor.java:83)
	at org.openqa.selenium.remote.RemoteWebDriver.execute(RemoteWebDriver.java:552)
	at org.openqa.selenium.remote.RemoteWebDriver.findElement(RemoteWebDriver.java:323)
	at org.openqa.selenium.remote.RemoteWebDriver.findElementByXPath(RemoteWebDriver.java:428)
	at org.openqa.selenium.By$ByXPath.findElement(By.java:353)
	at org.openqa.selenium.remote.RemoteWebDriver.findElement(RemoteWebDriver.java:315)
	at org.openqa.selenium.support.ui.ExpectedConditions$7.apply(ExpectedConditions.java:205)
	at org.openqa.selenium.support.ui.ExpectedConditions$7.apply(ExpectedConditions.java:201)
	at org.openqa.selenium.support.ui.FluentWait.until(FluentWait.java:249)
	... 29 more
... Removed 31 stack frames</div></td></tr></table><p class="totop"><a href="#summary">back to summary</a></p>
<h3 id="m8">com.pratian.automation.testclasses.Tc061#filterStakeholderCategory</h3><table class="result"><tr><th>Exception</th></tr><tr><td><div class="stacktrace">org.openqa.selenium.TimeoutException: Expected condition failed: waiting for visibility of element located by By.id: maincontent (tried for 6 second(s) with 500 milliseconds interval)
	at org.openqa.selenium.support.ui.WebDriverWait.timeoutException(WebDriverWait.java:95)
	at org.openqa.selenium.support.ui.FluentWait.until(FluentWait.java:272)
	at com.pratian.automation.testclasses.Tc061.filterStakeholderCategory(Tc061.java:29)
	at java.base/java.util.ArrayList.forEach(ArrayList.java:1511)
Caused by: org.openqa.selenium.NoSuchElementException: no such element: Unable to locate element: {&quot;method&quot;:&quot;css selector&quot;,&quot;selector&quot;:&quot;#maincontent&quot;}
  (Session info: chrome=94.0.4606.81)
For documentation on this error, please visit: https://www.seleniumhq.org/exceptions/no_such_element.html
Build info: version: &apos;3.141.59&apos;, revision: &apos;e82be7d358&apos;, time: &apos;2018-11-14T08:17:03&apos;
System info: host: &apos;DESKTOP-C9JH5PO&apos;, ip: &apos;192.168.0.7&apos;, os.name: &apos;Windows 10&apos;, os.arch: &apos;amd64&apos;, os.version: &apos;10.0&apos;, java.version: &apos;16.0.2&apos;
Driver info: org.openqa.selenium.chrome.ChromeDriver
Capabilities {acceptInsecureCerts: false, browserName: chrome, browserVersion: 94.0.4606.81, chrome: {chromedriverVersion: 94.0.4606.61 (418b78f5838ed..., userDataDir: C:\Users\DELL\AppData\Local...}, goog:chromeOptions: {debuggerAddress: localhost:59406}, javascriptEnabled: true, networkConnectionEnabled: false, pageLoadStrategy: normal, platform: WINDOWS, platformName: WINDOWS, proxy: Proxy(), setWindowRect: true, strictFileInteractability: false, timeouts: {implicit: 0, pageLoad: 300000, script: 30000}, unhandledPromptBehavior: dismiss and notify, webauthn:extension:credBlob: true, webauthn:extension:largeBlob: true, webauthn:virtualAuthenticators: true}
Session ID: da460c8919b8ef78bad03145e5fbf4a2
*** Element info: {Using=id, value=maincontent}
	at org.openqa.selenium.remote.http.W3CHttpResponseCodec.createException(W3CHttpResponseCodec.java:187)
	at org.openqa.selenium.remote.http.W3CHttpResponseCodec.decode(W3CHttpResponseCodec.java:122)
	at org.openqa.selenium.remote.http.W3CHttpResponseCodec.decode(W3CHttpResponseCodec.java:49)
	at org.openqa.selenium.remote.HttpCommandExecutor.execute(HttpCommandExecutor.java:158)
	at org.openqa.selenium.remote.service.DriverCommandExecutor.execute(DriverCommandExecutor.java:83)
	at org.openqa.selenium.remote.RemoteWebDriver.execute(RemoteWebDriver.java:552)
	at org.openqa.selenium.remote.RemoteWebDriver.findElement(RemoteWebDriver.java:323)
	at org.openqa.selenium.remote.RemoteWebDriver.findElementById(RemoteWebDriver.java:372)
	at org.openqa.selenium.By$ById.findElement(By.java:188)
	at org.openqa.selenium.remote.RemoteWebDriver.findElement(RemoteWebDriver.java:315)
	at org.openqa.selenium.support.ui.ExpectedConditions$7.apply(ExpectedConditions.java:205)
	at org.openqa.selenium.support.ui.ExpectedConditions$7.apply(ExpectedConditions.java:201)
	at org.openqa.selenium.support.ui.FluentWait.until(FluentWait.java:249)
	... 29 more
... Removed 31 stack frames</div></td></tr></table><p class="totop"><a href="#summary">back to summary</a></p>
<h3 id="m9">com.pratian.automation.testclasses.Tc061#vadlidateClientPage</h3><table class="result"><tr><th>Exception</th></tr><tr><td><div class="stacktrace">org.openqa.selenium.TimeoutException: timeout: Timed out receiving message from renderer: 10.000
  (Session info: chrome=94.0.4606.81)
Build info: version: &apos;3.141.59&apos;, revision: &apos;e82be7d358&apos;, time: &apos;2018-11-14T08:17:03&apos;
System info: host: &apos;DESKTOP-C9JH5PO&apos;, ip: &apos;192.168.0.7&apos;, os.name: &apos;Windows 10&apos;, os.arch: &apos;amd64&apos;, os.version: &apos;10.0&apos;, java.version: &apos;16.0.2&apos;
Driver info: org.openqa.selenium.chrome.ChromeDriver
Capabilities {acceptInsecureCerts: false, browserName: chrome, browserVersion: 94.0.4606.81, chrome: {chromedriverVersion: 94.0.4606.61 (418b78f5838ed..., userDataDir: C:\Users\DELL\AppData\Local...}, goog:chromeOptions: {debuggerAddress: localhost:59406}, javascriptEnabled: true, networkConnectionEnabled: false, pageLoadStrategy: normal, platform: WINDOWS, platformName: WINDOWS, proxy: Proxy(), setWindowRect: true, strictFileInteractability: false, timeouts: {implicit: 0, pageLoad: 300000, script: 30000}, unhandledPromptBehavior: dismiss and notify, webauthn:extension:credBlob: true, webauthn:extension:largeBlob: true, webauthn:virtualAuthenticators: true}
Session ID: da460c8919b8ef78bad03145e5fbf4a2
*** Element info: {Using=xpath, value=/html/body/ngx-app/ngx-get2aha/ngx-one-column-layout/nb-layout/div/div/div/div/div/nb-layout-column/ngx-dashboard/ngx-sidebar/div/div/div/div[2]/ul[3]/li/a}
	at org.openqa.selenium.remote.http.W3CHttpResponseCodec.createException(W3CHttpResponseCodec.java:187)
	at org.openqa.selenium.remote.http.W3CHttpResponseCodec.decode(W3CHttpResponseCodec.java:122)
	at org.openqa.selenium.remote.http.W3CHttpResponseCodec.decode(W3CHttpResponseCodec.java:49)
	at org.openqa.selenium.remote.HttpCommandExecutor.execute(HttpCommandExecutor.java:158)
	at org.openqa.selenium.remote.service.DriverCommandExecutor.execute(DriverCommandExecutor.java:83)
	at org.openqa.selenium.remote.RemoteWebDriver.execute(RemoteWebDriver.java:552)
	at org.openqa.selenium.remote.RemoteWebDriver.findElement(RemoteWebDriver.java:323)
	at org.openqa.selenium.remote.RemoteWebDriver.findElementByXPath(RemoteWebDriver.java:428)
	at org.openqa.selenium.By$ByXPath.findElement(By.java:353)
	at org.openqa.selenium.remote.RemoteWebDriver.findElement(RemoteWebDriver.java:315)
	at org.openqa.selenium.support.ui.ExpectedConditions$7.apply(ExpectedConditions.java:205)
	at org.openqa.selenium.support.ui.ExpectedConditions$7.apply(ExpectedConditions.java:201)
	at org.openqa.selenium.support.ui.FluentWait.until(FluentWait.java:249)
	at com.pratian.automation.testclasses.Tc061.vadlidateClientPage(Tc061.java:20)
	at java.base/java.util.ArrayList.forEach(ArrayList.java:1511)
... Removed 32 stack frames</div></td></tr></table><p class="totop"><a href="#summary">back to summary</a></p>
<h3 id="m10">com.pratian.automation.testclasses.ActiveStatus#Login</h3><table class="result"><tr class="param"><th>Parameter #1</th><th>Parameter #2</th></tr><tr class="param stripe"><td>prahas.kattimani@pratian.com</td><td>Qwerty123</td></tr></table><p class="totop"><a href="#summary">back to summary</a></p>
<h3 id="m11">com.pratian.automation.testclasses.AddInvalidExternal#Login</h3><table class="result"><tr class="param"><th>Parameter #1</th><th>Parameter #2</th></tr><tr class="param stripe"><td>prahas.kattimani@pratian.com</td><td>Qwerty123</td></tr></table><p class="totop"><a href="#summary">back to summary</a></p>
<h3 id="m12">com.pratian.automation.testclasses.AddInvalidExternal#addInvalidext</h3><table class="result"><tr><th class="invisible"/></tr></table><p class="totop"><a href="#summary">back to summary</a></p>
<h3 id="m13">com.pratian.automation.testclasses.AddInvalidExternal#vadlidateClientPage</h3><table class="result"><tr><th class="invisible"/></tr></table><p class="totop"><a href="#summary">back to summary</a></p>
<h3 id="m14">com.pratian.automation.testclasses.AddInvalidInternal#Login</h3><table class="result"><tr class="param"><th>Parameter #1</th><th>Parameter #2</th></tr><tr class="param stripe"><td>prahas.kattimani@pratian.com</td><td>Qwerty123</td></tr></table><p class="totop"><a href="#summary">back to summary</a></p>
<h3 id="m15">com.pratian.automation.testclasses.AddInvalidInternal#addInvalid</h3><table class="result"><tr><th class="invisible"/></tr></table><p class="totop"><a href="#summary">back to summary</a></p>
<h3 id="m16">com.pratian.automation.testclasses.AddInvalidInternal#vadlidateClientPage</h3><table class="result"><tr><th class="invisible"/></tr></table><p class="totop"><a href="#summary">back to summary</a></p>
<h3 id="m17">com.pratian.automation.testclasses.AddValidExternal#Login</h3><table class="result"><tr class="param"><th>Parameter #1</th><th>Parameter #2</th></tr><tr class="param stripe"><td>prahas.kattimani@pratian.com</td><td>Qwerty123</td></tr></table><p class="totop"><a href="#summary">back to summary</a></p>
<h3 id="m18">com.pratian.automation.testclasses.AddValidExternal#addValidext</h3><table class="result"><tr><th class="invisible"/></tr></table><p class="totop"><a href="#summary">back to summary</a></p>
<h3 id="m19">com.pratian.automation.testclasses.AddValidExternal#vadlidateClientPage</h3><table class="result"><tr><th class="invisible"/></tr></table><p class="totop"><a href="#summary">back to summary</a></p>
<h3 id="m20">com.pratian.automation.testclasses.AddValidInternal#Login</h3><table class="result"><tr class="param"><th>Parameter #1</th><th>Parameter #2</th></tr><tr class="param stripe"><td>prahas.kattimani@pratian.com</td><td>Qwerty123</td></tr></table><p class="totop"><a href="#summary">back to summary</a></p>
<h3 id="m21">com.pratian.automation.testclasses.AddValidInternal#addValidInt</h3><table class="result"><tr><th class="invisible"/></tr></table><p class="totop"><a href="#summary">back to summary</a></p>
<h3 id="m22">com.pratian.automation.testclasses.AddValidInternal#vadlidateClientPage</h3><table class="result"><tr><th class="invisible"/></tr></table><p class="totop"><a href="#summary">back to summary</a></p>
<h3 id="m23">com.pratian.automation.testclasses.ConfirmationDialogBox#Login</h3><table class="result"><tr class="param"><th>Parameter #1</th><th>Parameter #2</th></tr><tr class="param stripe"><td>prahas.kattimani@pratian.com</td><td>Qwerty123</td></tr></table><p class="totop"><a href="#summary">back to summary</a></p>
<h3 id="m24">com.pratian.automation.testclasses.ConfirmationDialogBox#addValidInt</h3><table class="result"><tr><th class="invisible"/></tr></table><p class="totop"><a href="#summary">back to summary</a></p>
<h3 id="m25">com.pratian.automation.testclasses.ConfirmationDialogBox#vadlidateClientPage</h3><table class="result"><tr><th class="invisible"/></tr></table><p class="totop"><a href="#summary">back to summary</a></p>
<h3 id="m26">com.pratian.automation.testclasses.CustomerStatus#Login</h3><table class="result"><tr class="param"><th>Parameter #1</th><th>Parameter #2</th></tr><tr class="param stripe"><td>prahas.kattimani@pratian.com</td><td>Qwerty123</td></tr></table><p class="totop"><a href="#summary">back to summary</a></p>
<h3 id="m27">com.pratian.automation.testclasses.ExitButton#Login</h3><table class="result"><tr class="param"><th>Parameter #1</th><th>Parameter #2</th></tr><tr class="param stripe"><td>prahas.kattimani@pratian.com</td><td>Qwerty123</td></tr></table><p class="totop"><a href="#summary">back to summary</a></p>
<h3 id="m28">com.pratian.automation.testclasses.LinkAvaibality#Linkavalable</h3><table class="result"><tr><th class="invisible"/></tr></table><p class="totop"><a href="#summary">back to summary</a></p>
<h3 id="m29">com.pratian.automation.testclasses.LinkAvaibality#Login</h3><table class="result"><tr class="param"><th>Parameter #1</th><th>Parameter #2</th></tr><tr class="param stripe"><td>prahas.kattimani@pratian.com</td><td>Qwerty123</td></tr></table><p class="totop"><a href="#summary">back to summary</a></p>
<h3 id="m30">com.pratian.automation.testclasses.SortButton#Login</h3><table class="result"><tr class="param"><th>Parameter #1</th><th>Parameter #2</th></tr><tr class="param stripe"><td>prahas.kattimani@pratian.com</td><td>Qwerty123</td></tr></table><p class="totop"><a href="#summary">back to summary</a></p>
<h3 id="m31">com.pratian.automation.testclasses.Tc021#Button</h3><table class="result"><tr><th class="invisible"/></tr></table><p class="totop"><a href="#summary">back to summary</a></p>
<h3 id="m32">com.pratian.automation.testclasses.Tc021#Login</h3><table class="result"><tr class="param"><th>Parameter #1</th><th>Parameter #2</th></tr><tr class="param stripe"><td>prahas.kattimani@pratian.com</td><td>Qwerty123</td></tr></table><p class="totop"><a href="#summary">back to summary</a></p>
<h3 id="m33">com.pratian.automation.testclasses.Tc023#Login</h3><table class="result"><tr class="param"><th>Parameter #1</th><th>Parameter #2</th></tr><tr class="param stripe"><td>prahas.kattimani@pratian.com</td><td>Qwerty123</td></tr></table><p class="totop"><a href="#summary">back to summary</a></p>
<h3 id="m34">com.pratian.automation.testclasses.Tc023#vadlidateClientPage</h3><table class="result"><tr><th class="invisible"/></tr></table><p class="totop"><a href="#summary">back to summary</a></p>
<h3 id="m35">com.pratian.automation.testclasses.Tc024#Login</h3><table class="result"><tr class="param"><th>Parameter #1</th><th>Parameter #2</th></tr><tr class="param stripe"><td>prahas.kattimani@pratian.com</td><td>Qwerty123</td></tr></table><p class="totop"><a href="#summary">back to summary</a></p>
<h3 id="m36">com.pratian.automation.testclasses.Tc024#vadlidateClientPage</h3><table class="result"><tr><th class="invisible"/></tr></table><p class="totop"><a href="#summary">back to summary</a></p>
<h3 id="m37">com.pratian.automation.testclasses.Tc026#Login</h3><table class="result"><tr class="param"><th>Parameter #1</th><th>Parameter #2</th></tr><tr class="param stripe"><td>prahas.kattimani@pratian.com</td><td>Qwerty123</td></tr></table><p class="totop"><a href="#summary">back to summary</a></p>
<h3 id="m38">com.pratian.automation.testclasses.Tc026#vadlidateClientPage</h3><table class="result"><tr><th class="invisible"/></tr></table><p class="totop"><a href="#summary">back to summary</a></p>
<h3 id="m39">com.pratian.automation.testclasses.Tc028#Login</h3><table class="result"><tr class="param"><th>Parameter #1</th><th>Parameter #2</th></tr><tr class="param stripe"><td>prahas.kattimani@pratian.com</td><td>Qwerty123</td></tr></table><p class="totop"><a href="#summary">back to summary</a></p>
<h3 id="m40">com.pratian.automation.testclasses.Tc028#vadlidateClientPage</h3><table class="result"><tr><th class="invisible"/></tr></table><p class="totop"><a href="#summary">back to summary</a></p>
<h3 id="m41">com.pratian.automation.testclasses.Tc031#Login</h3><table class="result"><tr class="param"><th>Parameter #1</th><th>Parameter #2</th></tr><tr class="param stripe"><td>prahas.kattimani@pratian.com</td><td>Qwerty123</td></tr></table><p class="totop"><a href="#summary">back to summary</a></p>
<h3 id="m42">com.pratian.automation.testclasses.Tc031#vadlidateClientPage</h3><table class="result"><tr><th class="invisible"/></tr></table><p class="totop"><a href="#summary">back to summary</a></p>
<h3 id="m43">com.pratian.automation.testclasses.Tc031#verifyStakeholderAddbtn</h3><table class="result"><tr><th class="invisible"/></tr></table><p class="totop"><a href="#summary">back to summary</a></p>
<h3 id="m44">com.pratian.automation.testclasses.Tc032#Login</h3><table class="result"><tr class="param"><th>Parameter #1</th><th>Parameter #2</th></tr><tr class="param stripe"><td>prahas.kattimani@pratian.com</td><td>Qwerty123</td></tr></table><p class="totop"><a href="#summary">back to summary</a></p>
<h3 id="m45">com.pratian.automation.testclasses.Tc032#selectStakeHolder</h3><table class="result"><tr><th class="invisible"/></tr></table><p class="totop"><a href="#summary">back to summary</a></p>
<h3 id="m46">com.pratian.automation.testclasses.Tc032#vadlidateClientPage</h3><table class="result"><tr><th class="invisible"/></tr></table><p class="totop"><a href="#summary">back to summary</a></p>
<h3 id="m47">com.pratian.automation.testclasses.Tc037#Login</h3><table class="result"><tr class="param"><th>Parameter #1</th><th>Parameter #2</th></tr><tr class="param stripe"><td>prahas.kattimani@pratian.com</td><td>Qwerty123</td></tr></table><p class="totop"><a href="#summary">back to summary</a></p>
<h3 id="m48">com.pratian.automation.testclasses.Tc037#vadlidateClientPage</h3><table class="result"><tr><th class="invisible"/></tr></table><p class="totop"><a href="#summary">back to summary</a></p>
<h3 id="m49">com.pratian.automation.testclasses.Tc039#Login</h3><table class="result"><tr class="param"><th>Parameter #1</th><th>Parameter #2</th></tr><tr class="param stripe"><td>prahas.kattimani@pratian.com</td><td>Qwerty123</td></tr></table><p class="totop"><a href="#summary">back to summary</a></p>
<h3 id="m50">com.pratian.automation.testclasses.Tc039#cancelStakeholderEditDetails</h3><table class="result"><tr><th class="invisible"/></tr></table><p class="totop"><a href="#summary">back to summary</a></p>
<h3 id="m51">com.pratian.automation.testclasses.Tc039#vadlidateClientPage</h3><table class="result"><tr><th class="invisible"/></tr></table><p class="totop"><a href="#summary">back to summary</a></p>
<h3 id="m52">com.pratian.automation.testclasses.Tc040#Login</h3><table class="result"><tr class="param"><th>Parameter #1</th><th>Parameter #2</th></tr><tr class="param stripe"><td>prahas.kattimani@pratian.com</td><td>Qwerty123</td></tr></table><p class="totop"><a href="#summary">back to summary</a></p>
<h3 id="m53">com.pratian.automation.testclasses.Tc040#vadlidateClientPage</h3><table class="result"><tr><th class="invisible"/></tr></table><p class="totop"><a href="#summary">back to summary</a></p>
<h3 id="m54">com.pratian.automation.testclasses.Tc040#viewStaleHolderList</h3><table class="result"><tr><th class="invisible"/></tr></table><p class="totop"><a href="#summary">back to summary</a></p>
<h3 id="m55">com.pratian.automation.testclasses.Tc041#Login</h3><table class="result"><tr class="param"><th>Parameter #1</th><th>Parameter #2</th></tr><tr class="param stripe"><td>prahas.kattimani@pratian.com</td><td>Qwerty123</td></tr></table><p class="totop"><a href="#summary">back to summary</a></p>
<h3 id="m56">com.pratian.automation.testclasses.Tc042#Login</h3><table class="result"><tr class="param"><th>Parameter #1</th><th>Parameter #2</th></tr><tr class="param stripe"><td>prahas.kattimani@pratian.com</td><td>Qwerty123</td></tr></table><p class="totop"><a href="#summary">back to summary</a></p>
<h3 id="m57">com.pratian.automation.testclasses.Tc042#vadlidateClientPage</h3><table class="result"><tr><th class="invisible"/></tr></table><p class="totop"><a href="#summary">back to summary</a></p>
<h3 id="m58">com.pratian.automation.testclasses.Tc044#Login</h3><table class="result"><tr class="param"><th>Parameter #1</th><th>Parameter #2</th></tr><tr class="param stripe"><td>prahas.kattimani@pratian.com</td><td>Qwerty123</td></tr></table><p class="totop"><a href="#summary">back to summary</a></p>
<h3 id="m59">com.pratian.automation.testclasses.Tc044#vadlidateClientPage</h3><table class="result"><tr><th class="invisible"/></tr></table><p class="totop"><a href="#summary">back to summary</a></p>
<h3 id="m60">com.pratian.automation.testclasses.Tc047#Login</h3><table class="result"><tr class="param"><th>Parameter #1</th><th>Parameter #2</th></tr><tr class="param stripe"><td>prahas.kattimani@pratian.com</td><td>Qwerty123</td></tr></table><p class="totop"><a href="#summary">back to summary</a></p>
<h3 id="m61">com.pratian.automation.testclasses.Tc047#vadlidateClientPage</h3><table class="result"><tr><th class="invisible"/></tr></table><p class="totop"><a href="#summary">back to summary</a></p>
<h3 id="m62">com.pratian.automation.testclasses.Tc048#Login</h3><table class="result"><tr class="param"><th>Parameter #1</th><th>Parameter #2</th></tr><tr class="param stripe"><td>prahas.kattimani@pratian.com</td><td>Qwerty123</td></tr></table><p class="totop"><a href="#summary">back to summary</a></p>
<h3 id="m63">com.pratian.automation.testclasses.Tc048#selectStakeHolder</h3><table class="result"><tr><th class="invisible"/></tr></table><p class="totop"><a href="#summary">back to summary</a></p>
<h3 id="m64">com.pratian.automation.testclasses.Tc048#vadlidateClientPage</h3><table class="result"><tr><th class="invisible"/></tr></table><p class="totop"><a href="#summary">back to summary</a></p>
<h3 id="m65">com.pratian.automation.testclasses.Tc051#Login</h3><table class="result"><tr class="param"><th>Parameter #1</th><th>Parameter #2</th></tr><tr class="param stripe"><td>prahas.kattimani@pratian.com</td><td>Qwerty123</td></tr></table><p class="totop"><a href="#summary">back to summary</a></p>
<h3 id="m66">com.pratian.automation.testclasses.Tc052#Button</h3><table class="result"><tr><th class="invisible"/></tr></table><p class="totop"><a href="#summary">back to summary</a></p>
<h3 id="m67">com.pratian.automation.testclasses.Tc052#Login</h3><table class="result"><tr class="param"><th>Parameter #1</th><th>Parameter #2</th></tr><tr class="param stripe"><td>prahas.kattimani@pratian.com</td><td>Qwerty123</td></tr></table><p class="totop"><a href="#summary">back to summary</a></p>
<h3 id="m68">com.pratian.automation.testclasses.Tc055#Button</h3><table class="result"><tr><th class="invisible"/></tr></table><p class="totop"><a href="#summary">back to summary</a></p>
<h3 id="m69">com.pratian.automation.testclasses.Tc055#Login</h3><table class="result"><tr class="param"><th>Parameter #1</th><th>Parameter #2</th></tr><tr class="param stripe"><td>prahas.kattimani@pratian.com</td><td>Qwerty123</td></tr></table><p class="totop"><a href="#summary">back to summary</a></p>
<h3 id="m70">com.pratian.automation.testclasses.Tc056#Button</h3><table class="result"><tr><th class="invisible"/></tr></table><p class="totop"><a href="#summary">back to summary</a></p>
<h3 id="m71">com.pratian.automation.testclasses.Tc056#Login</h3><table class="result"><tr class="param"><th>Parameter #1</th><th>Parameter #2</th></tr><tr class="param stripe"><td>prahas.kattimani@pratian.com</td><td>Qwerty123</td></tr></table><p class="totop"><a href="#summary">back to summary</a></p>
<h3 id="m72">com.pratian.automation.testclasses.Tc057#Login</h3><table class="result"><tr class="param"><th>Parameter #1</th><th>Parameter #2</th></tr><tr class="param stripe"><td>prahas.kattimani@pratian.com</td><td>Qwerty123</td></tr></table><p class="totop"><a href="#summary">back to summary</a></p>
<h3 id="m73">com.pratian.automation.testclasses.Tc057#vadlidateClientPage</h3><table class="result"><tr><th class="invisible"/></tr></table><p class="totop"><a href="#summary">back to summary</a></p>
<h3 id="m74">com.pratian.automation.testclasses.Tc058#Login</h3><table class="result"><tr class="param"><th>Parameter #1</th><th>Parameter #2</th></tr><tr class="param stripe"><td>prahas.kattimani@pratian.com</td><td>Qwerty123</td></tr></table><p class="totop"><a href="#summary">back to summary</a></p>
<h3 id="m75">com.pratian.automation.testclasses.Tc058#vadlidateClientPage</h3><table class="result"><tr><th class="invisible"/></tr></table><p class="totop"><a href="#summary">back to summary</a></p>
<h3 id="m76">com.pratian.automation.testclasses.Tc060#Login</h3><table class="result"><tr class="param"><th>Parameter #1</th><th>Parameter #2</th></tr><tr class="param stripe"><td>prahas.kattimani@pratian.com</td><td>Qwerty123</td></tr></table><p class="totop"><a href="#summary">back to summary</a></p>
<h3 id="m77">com.pratian.automation.testclasses.Tc060#vadlidateClientPage</h3><table class="result"><tr><th class="invisible"/></tr></table><p class="totop"><a href="#summary">back to summary</a></p>
<h3 id="m78">com.pratian.automation.testclasses.Tc061#Login</h3><table class="result"><tr class="param"><th>Parameter #1</th><th>Parameter #2</th></tr><tr class="param stripe"><td>prahas.kattimani@pratian.com</td><td>Qwerty123</td></tr></table><p class="totop"><a href="#summary">back to summary</a></p>
<h3 id="m79">com.pratian.automation.testclasses.Tc062#Login</h3><table class="result"><tr class="param"><th>Parameter #1</th><th>Parameter #2</th></tr><tr class="param stripe"><td>prahas.kattimani@pratian.com</td><td>Qwerty123</td></tr></table><p class="totop"><a href="#summary">back to summary</a></p>
<h3 id="m80">com.pratian.automation.testclasses.Tc062#vadlidateClientPage</h3><table class="result"><tr><th class="invisible"/></tr></table><p class="totop"><a href="#summary">back to summary</a></p>
<h3 id="m81">com.pratian.automation.testclasses.Tc063#Login</h3><table class="result"><tr class="param"><th>Parameter #1</th><th>Parameter #2</th></tr><tr class="param stripe"><td>prahas.kattimani@pratian.com</td><td>Qwerty123</td></tr></table><p class="totop"><a href="#summary">back to summary</a></p>
<h3 id="m82">com.pratian.automation.testclasses.Tc063#vadlidateClientPage</h3><table class="result"><tr><th class="invisible"/></tr></table><p class="totop"><a href="#summary">back to summary</a></p>
</body>
</html>
