<?xml version="1.0" encoding="UTF-8"?>
<testng-results ignored="0" total="83" passed="73" failed="10" skipped="0">
  <reporter-output>
  </reporter-output>
  <suite started-at="2021-10-16T23:19:16 IST" name="Suite" finished-at="2021-10-17T00:01:24 IST" duration-ms="2527745">
    <groups>
    </groups>
    <test started-at="2021-10-16T23:19:16 IST" name="Chrome Test" finished-at="2021-10-17T00:01:24 IST" duration-ms="2527745">
      <class name="com.pratian.automation.testclasses.AddValidExternal">
        <test-method is-config="true" signature="setUp(java.lang.String)[pri:0, instance:com.pratian.automation.testclasses.AddValidExternal@420a85c4]" started-at="2021-10-16T23:54:39 IST" name="setUp" finished-at="2021-10-16T23:55:04 IST" duration-ms="25253" status="PASS">
          <params>
            <param index="0">
              <value>
                <![CDATA[chrome]]>
              </value>
            </param>
          </params>
          <reporter-output>
          </reporter-output>
        </test-method> <!-- setUp -->
        <test-method signature="Login(java.lang.String,java.lang.String)[pri:0, instance:com.pratian.automation.testclasses.AddValidExternal@420a85c4]" started-at="2021-10-16T23:55:05 IST" name="Login" data-provider="login" finished-at="2021-10-16T23:55:11 IST" duration-ms="6580" status="PASS">
          <params>
            <param index="0">
              <value>
                <![CDATA[prahas.kattimani@pratian.com]]>
              </value>
            </param>
            <param index="1">
              <value>
                <![CDATA[Qwerty123]]>
              </value>
            </param>
          </params>
          <reporter-output>
          </reporter-output>
        </test-method> <!-- Login -->
        <test-method signature="vadlidateClientPage()[pri:1, instance:com.pratian.automation.testclasses.AddValidExternal@420a85c4]" started-at="2021-10-16T23:55:11 IST" name="vadlidateClientPage" finished-at="2021-10-16T23:55:45 IST" duration-ms="33257" status="PASS">
          <reporter-output>
          </reporter-output>
        </test-method> <!-- vadlidateClientPage -->
        <test-method signature="addValidext()[pri:2, instance:com.pratian.automation.testclasses.AddValidExternal@420a85c4]" started-at="2021-10-16T23:55:45 IST" name="addValidext" finished-at="2021-10-16T23:56:01 IST" duration-ms="15532" status="PASS">
          <reporter-output>
          </reporter-output>
        </test-method> <!-- addValidext -->
        <test-method is-config="true" signature="tearDown()[pri:0, instance:com.pratian.automation.testclasses.AddValidExternal@420a85c4]" started-at="2021-10-16T23:56:01 IST" name="tearDown" finished-at="2021-10-16T23:56:02 IST" duration-ms="1491" status="PASS">
          <reporter-output>
          </reporter-output>
        </test-method> <!-- tearDown -->
      </class> <!-- com.pratian.automation.testclasses.AddValidExternal -->
      <class name="com.pratian.automation.testclasses.Tc056">
        <test-method is-config="true" signature="setUp(java.lang.String)[pri:0, instance:com.pratian.automation.testclasses.Tc056@bb9e6dc]" started-at="2021-10-16T23:20:46 IST" name="setUp" finished-at="2021-10-16T23:21:07 IST" duration-ms="20976" status="PASS">
          <params>
            <param index="0">
              <value>
                <![CDATA[chrome]]>
              </value>
            </param>
          </params>
          <reporter-output>
          </reporter-output>
        </test-method> <!-- setUp -->
        <test-method signature="Login(java.lang.String,java.lang.String)[pri:0, instance:com.pratian.automation.testclasses.Tc056@bb9e6dc]" started-at="2021-10-16T23:21:07 IST" name="Login" data-provider="login" finished-at="2021-10-16T23:21:14 IST" duration-ms="7115" status="PASS">
          <params>
            <param index="0">
              <value>
                <![CDATA[prahas.kattimani@pratian.com]]>
              </value>
            </param>
            <param index="1">
              <value>
                <![CDATA[Qwerty123]]>
              </value>
            </param>
          </params>
          <reporter-output>
          </reporter-output>
        </test-method> <!-- Login -->
        <test-method signature="Button()[pri:1, instance:com.pratian.automation.testclasses.Tc056@bb9e6dc]" started-at="2021-10-16T23:21:14 IST" name="Button" finished-at="2021-10-16T23:21:25 IST" duration-ms="11503" status="PASS">
          <reporter-output>
          </reporter-output>
        </test-method> <!-- Button -->
        <test-method is-config="true" signature="tearDown()[pri:0, instance:com.pratian.automation.testclasses.Tc056@bb9e6dc]" started-at="2021-10-16T23:21:25 IST" name="tearDown" finished-at="2021-10-16T23:21:26 IST" duration-ms="326" status="PASS">
          <reporter-output>
          </reporter-output>
        </test-method> <!-- tearDown -->
      </class> <!-- com.pratian.automation.testclasses.Tc056 -->
      <class name="com.pratian.automation.testclasses.CustomerStatus">
        <test-method is-config="true" signature="setUp(java.lang.String)[pri:0, instance:com.pratian.automation.testclasses.CustomerStatus@4ef782af]" started-at="2021-10-16T23:40:55 IST" name="setUp" finished-at="2021-10-16T23:41:17 IST" duration-ms="21410" status="PASS">
          <params>
            <param index="0">
              <value>
                <![CDATA[chrome]]>
              </value>
            </param>
          </params>
          <reporter-output>
          </reporter-output>
        </test-method> <!-- setUp -->
        <test-method signature="Login(java.lang.String,java.lang.String)[pri:0, instance:com.pratian.automation.testclasses.CustomerStatus@4ef782af]" started-at="2021-10-16T23:41:17 IST" name="Login" data-provider="login" finished-at="2021-10-16T23:41:24 IST" duration-ms="7062" status="PASS">
          <params>
            <param index="0">
              <value>
                <![CDATA[prahas.kattimani@pratian.com]]>
              </value>
            </param>
            <param index="1">
              <value>
                <![CDATA[Qwerty123]]>
              </value>
            </param>
          </params>
          <reporter-output>
          </reporter-output>
        </test-method> <!-- Login -->
        <test-method is-config="true" signature="tearDown()[pri:0, instance:com.pratian.automation.testclasses.CustomerStatus@4ef782af]" started-at="2021-10-16T23:41:24 IST" name="tearDown" finished-at="2021-10-16T23:41:25 IST" duration-ms="1275" status="PASS">
          <reporter-output>
          </reporter-output>
        </test-method> <!-- tearDown -->
      </class> <!-- com.pratian.automation.testclasses.CustomerStatus -->
      <class name="com.pratian.automation.testclasses.Tc055">
        <test-method is-config="true" signature="setUp(java.lang.String)[pri:0, instance:com.pratian.automation.testclasses.Tc055@1130520d]" started-at="2021-10-16T23:19:16 IST" name="setUp" finished-at="2021-10-16T23:20:11 IST" duration-ms="55150" status="PASS">
          <params>
            <param index="0">
              <value>
                <![CDATA[chrome]]>
              </value>
            </param>
          </params>
          <reporter-output>
          </reporter-output>
        </test-method> <!-- setUp -->
        <test-method signature="Login(java.lang.String,java.lang.String)[pri:0, instance:com.pratian.automation.testclasses.Tc055@1130520d]" started-at="2021-10-16T23:20:13 IST" name="Login" data-provider="login" finished-at="2021-10-16T23:20:21 IST" duration-ms="7790" status="PASS">
          <params>
            <param index="0">
              <value>
                <![CDATA[prahas.kattimani@pratian.com]]>
              </value>
            </param>
            <param index="1">
              <value>
                <![CDATA[Qwerty123]]>
              </value>
            </param>
          </params>
          <reporter-output>
          </reporter-output>
        </test-method> <!-- Login -->
        <test-method signature="Button()[pri:1, instance:com.pratian.automation.testclasses.Tc055@1130520d]" started-at="2021-10-16T23:20:21 IST" name="Button" finished-at="2021-10-16T23:20:45 IST" duration-ms="23417" status="PASS">
          <reporter-output>
          </reporter-output>
        </test-method> <!-- Button -->
        <test-method is-config="true" signature="tearDown()[pri:0, instance:com.pratian.automation.testclasses.Tc055@1130520d]" started-at="2021-10-16T23:20:45 IST" name="tearDown" finished-at="2021-10-16T23:20:46 IST" duration-ms="917" status="PASS">
          <reporter-output>
          </reporter-output>
        </test-method> <!-- tearDown -->
      </class> <!-- com.pratian.automation.testclasses.Tc055 -->
      <class name="com.pratian.automation.testclasses.Tc032">
        <test-method is-config="true" signature="setUp(java.lang.String)[pri:0, instance:com.pratian.automation.testclasses.Tc032@4a00d9cf]" started-at="2021-10-16T23:24:32 IST" name="setUp" finished-at="2021-10-16T23:24:55 IST" duration-ms="23025" status="PASS">
          <params>
            <param index="0">
              <value>
                <![CDATA[chrome]]>
              </value>
            </param>
          </params>
          <reporter-output>
          </reporter-output>
        </test-method> <!-- setUp -->
        <test-method signature="Login(java.lang.String,java.lang.String)[pri:0, instance:com.pratian.automation.testclasses.Tc032@4a00d9cf]" started-at="2021-10-16T23:24:55 IST" name="Login" data-provider="login" finished-at="2021-10-16T23:25:01 IST" duration-ms="6857" status="PASS">
          <params>
            <param index="0">
              <value>
                <![CDATA[prahas.kattimani@pratian.com]]>
              </value>
            </param>
            <param index="1">
              <value>
                <![CDATA[Qwerty123]]>
              </value>
            </param>
          </params>
          <reporter-output>
          </reporter-output>
        </test-method> <!-- Login -->
        <test-method signature="vadlidateClientPage()[pri:1, instance:com.pratian.automation.testclasses.Tc032@4a00d9cf]" started-at="2021-10-16T23:25:01 IST" name="vadlidateClientPage" finished-at="2021-10-16T23:25:35 IST" duration-ms="33093" status="PASS">
          <reporter-output>
          </reporter-output>
        </test-method> <!-- vadlidateClientPage -->
        <test-method signature="selectStakeHolder()[pri:2, instance:com.pratian.automation.testclasses.Tc032@4a00d9cf]" started-at="2021-10-16T23:25:35 IST" name="selectStakeHolder" finished-at="2021-10-16T23:25:41 IST" duration-ms="6155" status="PASS">
          <reporter-output>
          </reporter-output>
        </test-method> <!-- selectStakeHolder -->
        <test-method is-config="true" signature="tearDown()[pri:0, instance:com.pratian.automation.testclasses.Tc032@4a00d9cf]" started-at="2021-10-16T23:25:41 IST" name="tearDown" finished-at="2021-10-16T23:25:41 IST" duration-ms="525" status="PASS">
          <reporter-output>
          </reporter-output>
        </test-method> <!-- tearDown -->
      </class> <!-- com.pratian.automation.testclasses.Tc032 -->
      <class name="com.pratian.automation.testclasses.Tc031">
        <test-method is-config="true" signature="setUp(java.lang.String)[pri:0, instance:com.pratian.automation.testclasses.Tc031@62833051]" started-at="2021-10-16T23:57:08 IST" name="setUp" finished-at="2021-10-16T23:57:26 IST" duration-ms="18024" status="PASS">
          <params>
            <param index="0">
              <value>
                <![CDATA[chrome]]>
              </value>
            </param>
          </params>
          <reporter-output>
          </reporter-output>
        </test-method> <!-- setUp -->
        <test-method signature="Login(java.lang.String,java.lang.String)[pri:0, instance:com.pratian.automation.testclasses.Tc031@62833051]" started-at="2021-10-16T23:57:26 IST" name="Login" data-provider="login" finished-at="2021-10-16T23:57:33 IST" duration-ms="6771" status="PASS">
          <params>
            <param index="0">
              <value>
                <![CDATA[prahas.kattimani@pratian.com]]>
              </value>
            </param>
            <param index="1">
              <value>
                <![CDATA[Qwerty123]]>
              </value>
            </param>
          </params>
          <reporter-output>
          </reporter-output>
        </test-method> <!-- Login -->
        <test-method signature="vadlidateClientPage()[pri:1, instance:com.pratian.automation.testclasses.Tc031@62833051]" started-at="2021-10-16T23:57:33 IST" name="vadlidateClientPage" finished-at="2021-10-16T23:57:44 IST" duration-ms="11030" status="PASS">
          <reporter-output>
          </reporter-output>
        </test-method> <!-- vadlidateClientPage -->
        <test-method signature="verifyStakeholderAddbtn()[pri:2, instance:com.pratian.automation.testclasses.Tc031@62833051]" started-at="2021-10-16T23:57:44 IST" name="verifyStakeholderAddbtn" finished-at="2021-10-16T23:57:47 IST" duration-ms="3550" status="PASS">
          <reporter-output>
          </reporter-output>
        </test-method> <!-- verifyStakeholderAddbtn -->
        <test-method is-config="true" signature="tearDown()[pri:0, instance:com.pratian.automation.testclasses.Tc031@62833051]" started-at="2021-10-16T23:57:47 IST" name="tearDown" finished-at="2021-10-16T23:57:48 IST" duration-ms="767" status="PASS">
          <reporter-output>
          </reporter-output>
        </test-method> <!-- tearDown -->
      </class> <!-- com.pratian.automation.testclasses.Tc031 -->
      <class name="com.pratian.automation.testclasses.Tc037">
        <test-method is-config="true" signature="setUp(java.lang.String)[pri:0, instance:com.pratian.automation.testclasses.Tc037@1cb346ea]" started-at="2021-10-16T23:28:37 IST" name="setUp" finished-at="2021-10-16T23:29:00 IST" duration-ms="22960" status="PASS">
          <params>
            <param index="0">
              <value>
                <![CDATA[chrome]]>
              </value>
            </param>
          </params>
          <reporter-output>
          </reporter-output>
        </test-method> <!-- setUp -->
        <test-method signature="Login(java.lang.String,java.lang.String)[pri:0, instance:com.pratian.automation.testclasses.Tc037@1cb346ea]" started-at="2021-10-16T23:29:00 IST" name="Login" data-provider="login" finished-at="2021-10-16T23:29:06 IST" duration-ms="6584" status="PASS">
          <params>
            <param index="0">
              <value>
                <![CDATA[prahas.kattimani@pratian.com]]>
              </value>
            </param>
            <param index="1">
              <value>
                <![CDATA[Qwerty123]]>
              </value>
            </param>
          </params>
          <reporter-output>
          </reporter-output>
        </test-method> <!-- Login -->
        <test-method signature="vadlidateClientPage()[pri:1, instance:com.pratian.automation.testclasses.Tc037@1cb346ea]" started-at="2021-10-16T23:29:06 IST" name="vadlidateClientPage" finished-at="2021-10-16T23:29:23 IST" duration-ms="16919" status="PASS">
          <reporter-output>
          </reporter-output>
        </test-method> <!-- vadlidateClientPage -->
        <test-method signature="editStakeHolder()[pri:2, instance:com.pratian.automation.testclasses.Tc037@1cb346ea]" started-at="2021-10-16T23:29:23 IST" name="editStakeHolder" finished-at="2021-10-16T23:29:44 IST" duration-ms="21028" status="FAIL">
          <exception class="org.openqa.selenium.TimeoutException">
            <message>
              <![CDATA[Expected condition failed: waiting for visibility of element located by By.xpath: //*[@id='click-button']/div/div/div[2]/button (tried for 10 second(s) with 500 milliseconds interval)
Build info: version: '3.141.59', revision: 'e82be7d358', time: '2018-11-14T08:17:03'
System info: host: 'DESKTOP-C9JH5PO', ip: '192.168.0.7', os.name: 'Windows 10', os.arch: 'amd64', os.version: '10.0', java.version: '16.0.2'
Driver info: org.openqa.selenium.chrome.ChromeDriver
Capabilities {acceptInsecureCerts: false, browserName: chrome, browserVersion: 94.0.4606.81, chrome: {chromedriverVersion: 94.0.4606.61 (418b78f5838ed..., userDataDir: C:\Users\DELL\AppData\Local...}, goog:chromeOptions: {debuggerAddress: localhost:65281}, javascriptEnabled: true, networkConnectionEnabled: false, pageLoadStrategy: normal, platform: WINDOWS, platformName: WINDOWS, proxy: Proxy(), setWindowRect: true, strictFileInteractability: false, timeouts: {implicit: 0, pageLoad: 300000, script: 30000}, unhandledPromptBehavior: dismiss and notify, webauthn:extension:credBlob: true, webauthn:extension:largeBlob: true, webauthn:virtualAuthenticators: true}
Session ID: 451b13891f65459bdb0549557daec233]]>
            </message>
            <full-stacktrace>
              <![CDATA[org.openqa.selenium.TimeoutException: Expected condition failed: waiting for visibility of element located by By.xpath: //*[@id='click-button']/div/div/div[2]/button (tried for 10 second(s) with 500 milliseconds interval)
Build info: version: '3.141.59', revision: 'e82be7d358', time: '2018-11-14T08:17:03'
System info: host: 'DESKTOP-C9JH5PO', ip: '192.168.0.7', os.name: 'Windows 10', os.arch: 'amd64', os.version: '10.0', java.version: '16.0.2'
Driver info: org.openqa.selenium.chrome.ChromeDriver
Capabilities {acceptInsecureCerts: false, browserName: chrome, browserVersion: 94.0.4606.81, chrome: {chromedriverVersion: 94.0.4606.61 (418b78f5838ed..., userDataDir: C:\Users\DELL\AppData\Local...}, goog:chromeOptions: {debuggerAddress: localhost:65281}, javascriptEnabled: true, networkConnectionEnabled: false, pageLoadStrategy: normal, platform: WINDOWS, platformName: WINDOWS, proxy: Proxy(), setWindowRect: true, strictFileInteractability: false, timeouts: {implicit: 0, pageLoad: 300000, script: 30000}, unhandledPromptBehavior: dismiss and notify, webauthn:extension:credBlob: true, webauthn:extension:largeBlob: true, webauthn:virtualAuthenticators: true}
Session ID: 451b13891f65459bdb0549557daec233
at org.openqa.selenium.support.ui.WebDriverWait.timeoutException(WebDriverWait.java:95)
at org.openqa.selenium.support.ui.FluentWait.until(FluentWait.java:272)
at com.pratian.automation.testclasses.Tc037.editStakeHolder(Tc037.java:51)
at java.base/jdk.internal.reflect.NativeMethodAccessorImpl.invoke0(Native Method)
at java.base/jdk.internal.reflect.NativeMethodAccessorImpl.invoke(NativeMethodAccessorImpl.java:78)
at java.base/jdk.internal.reflect.DelegatingMethodAccessorImpl.invoke(DelegatingMethodAccessorImpl.java:43)
at java.base/java.lang.reflect.Method.invoke(Method.java:567)
at org.testng.internal.MethodInvocationHelper.invokeMethod(MethodInvocationHelper.java:133)
at org.testng.internal.TestInvoker.invokeMethod(TestInvoker.java:598)
at org.testng.internal.TestInvoker.invokeTestMethod(TestInvoker.java:173)
at org.testng.internal.MethodRunner.runInSequence(MethodRunner.java:46)
at org.testng.internal.TestInvoker$MethodInvocationAgent.invoke(TestInvoker.java:824)
at org.testng.internal.TestInvoker.invokeTestMethods(TestInvoker.java:146)
at org.testng.internal.TestMethodWorker.invokeTestMethods(TestMethodWorker.java:146)
at org.testng.internal.TestMethodWorker.run(TestMethodWorker.java:128)
at java.base/java.util.ArrayList.forEach(ArrayList.java:1511)
at org.testng.TestRunner.privateRun(TestRunner.java:794)
at org.testng.TestRunner.run(TestRunner.java:596)
at org.testng.SuiteRunner.runTest(SuiteRunner.java:377)
at org.testng.SuiteRunner.runSequentially(SuiteRunner.java:371)
at org.testng.SuiteRunner.privateRun(SuiteRunner.java:332)
at org.testng.SuiteRunner.run(SuiteRunner.java:276)
at org.testng.SuiteRunnerWorker.runSuite(SuiteRunnerWorker.java:53)
at org.testng.SuiteRunnerWorker.run(SuiteRunnerWorker.java:96)
at org.testng.TestNG.runSuitesSequentially(TestNG.java:1212)
at org.testng.TestNG.runSuitesLocally(TestNG.java:1134)
at org.testng.TestNG.runSuites(TestNG.java:1063)
at org.testng.TestNG.run(TestNG.java:1031)
at org.testng.remote.AbstractRemoteTestNG.run(AbstractRemoteTestNG.java:115)
at org.testng.remote.RemoteTestNG.initAndRun(RemoteTestNG.java:251)
at org.testng.remote.RemoteTestNG.main(RemoteTestNG.java:77)
]]>
            </full-stacktrace>
          </exception> <!-- org.openqa.selenium.TimeoutException -->
          <reporter-output>
          </reporter-output>
        </test-method> <!-- editStakeHolder -->
        <test-method is-config="true" signature="tearDown()[pri:0, instance:com.pratian.automation.testclasses.Tc037@1cb346ea]" started-at="2021-10-16T23:29:46 IST" name="tearDown" finished-at="2021-10-16T23:29:47 IST" duration-ms="402" status="PASS">
          <reporter-output>
          </reporter-output>
        </test-method> <!-- tearDown -->
      </class> <!-- com.pratian.automation.testclasses.Tc037 -->
      <class name="com.pratian.automation.testclasses.Tc058">
        <test-method is-config="true" signature="setUp(java.lang.String)[pri:0, instance:com.pratian.automation.testclasses.Tc058@5d43661b]" started-at="2021-10-16T23:48:02 IST" name="setUp" finished-at="2021-10-16T23:48:23 IST" duration-ms="20620" status="PASS">
          <params>
            <param index="0">
              <value>
                <![CDATA[chrome]]>
              </value>
            </param>
          </params>
          <reporter-output>
          </reporter-output>
        </test-method> <!-- setUp -->
        <test-method signature="Login(java.lang.String,java.lang.String)[pri:0, instance:com.pratian.automation.testclasses.Tc058@5d43661b]" started-at="2021-10-16T23:48:23 IST" name="Login" data-provider="login" finished-at="2021-10-16T23:48:30 IST" duration-ms="7744" status="PASS">
          <params>
            <param index="0">
              <value>
                <![CDATA[prahas.kattimani@pratian.com]]>
              </value>
            </param>
            <param index="1">
              <value>
                <![CDATA[Qwerty123]]>
              </value>
            </param>
          </params>
          <reporter-output>
          </reporter-output>
        </test-method> <!-- Login -->
        <test-method signature="vadlidateClientPage()[pri:1, instance:com.pratian.automation.testclasses.Tc058@5d43661b]" started-at="2021-10-16T23:48:30 IST" name="vadlidateClientPage" finished-at="2021-10-16T23:49:53 IST" duration-ms="82166" status="PASS">
          <reporter-output>
          </reporter-output>
        </test-method> <!-- vadlidateClientPage -->
        <test-method is-config="true" signature="tearDown()[pri:0, instance:com.pratian.automation.testclasses.Tc058@5d43661b]" started-at="2021-10-16T23:49:53 IST" name="tearDown" finished-at="2021-10-16T23:49:53 IST" duration-ms="639" status="PASS">
          <reporter-output>
          </reporter-output>
        </test-method> <!-- tearDown -->
      </class> <!-- com.pratian.automation.testclasses.Tc058 -->
      <class name="com.pratian.automation.testclasses.Tc057">
        <test-method is-config="true" signature="setUp(java.lang.String)[pri:0, instance:com.pratian.automation.testclasses.Tc057@7f8a9499]" started-at="2021-10-16T23:46:28 IST" name="setUp" finished-at="2021-10-16T23:46:45 IST" duration-ms="16693" status="PASS">
          <params>
            <param index="0">
              <value>
                <![CDATA[chrome]]>
              </value>
            </param>
          </params>
          <reporter-output>
          </reporter-output>
        </test-method> <!-- setUp -->
        <test-method signature="Login(java.lang.String,java.lang.String)[pri:0, instance:com.pratian.automation.testclasses.Tc057@7f8a9499]" started-at="2021-10-16T23:46:45 IST" name="Login" data-provider="login" finished-at="2021-10-16T23:46:52 IST" duration-ms="6701" status="PASS">
          <params>
            <param index="0">
              <value>
                <![CDATA[prahas.kattimani@pratian.com]]>
              </value>
            </param>
            <param index="1">
              <value>
                <![CDATA[Qwerty123]]>
              </value>
            </param>
          </params>
          <reporter-output>
          </reporter-output>
        </test-method> <!-- Login -->
        <test-method signature="vadlidateClientPage()[pri:1, instance:com.pratian.automation.testclasses.Tc057@7f8a9499]" started-at="2021-10-16T23:46:52 IST" name="vadlidateClientPage" finished-at="2021-10-16T23:48:00 IST" duration-ms="68440" status="PASS">
          <reporter-output>
          </reporter-output>
        </test-method> <!-- vadlidateClientPage -->
        <test-method is-config="true" signature="tearDown()[pri:0, instance:com.pratian.automation.testclasses.Tc057@7f8a9499]" started-at="2021-10-16T23:48:00 IST" name="tearDown" finished-at="2021-10-16T23:48:02 IST" duration-ms="1650" status="PASS">
          <reporter-output>
          </reporter-output>
        </test-method> <!-- tearDown -->
      </class> <!-- com.pratian.automation.testclasses.Tc057 -->
      <class name="com.pratian.automation.testclasses.Tc052">
        <test-method is-config="true" signature="setUp(java.lang.String)[pri:0, instance:com.pratian.automation.testclasses.Tc052@589da3f3]" started-at="2021-10-16T23:22:21 IST" name="setUp" finished-at="2021-10-16T23:22:43 IST" duration-ms="22272" status="PASS">
          <params>
            <param index="0">
              <value>
                <![CDATA[chrome]]>
              </value>
            </param>
          </params>
          <reporter-output>
          </reporter-output>
        </test-method> <!-- setUp -->
        <test-method signature="Login(java.lang.String,java.lang.String)[pri:0, instance:com.pratian.automation.testclasses.Tc052@589da3f3]" started-at="2021-10-16T23:22:43 IST" name="Login" data-provider="login" finished-at="2021-10-16T23:22:50 IST" duration-ms="6634" status="PASS">
          <params>
            <param index="0">
              <value>
                <![CDATA[prahas.kattimani@pratian.com]]>
              </value>
            </param>
            <param index="1">
              <value>
                <![CDATA[Qwerty123]]>
              </value>
            </param>
          </params>
          <reporter-output>
          </reporter-output>
        </test-method> <!-- Login -->
        <test-method signature="Button()[pri:1, instance:com.pratian.automation.testclasses.Tc052@589da3f3]" started-at="2021-10-16T23:22:50 IST" name="Button" finished-at="2021-10-16T23:23:19 IST" duration-ms="29317" status="PASS">
          <reporter-output>
          </reporter-output>
        </test-method> <!-- Button -->
        <test-method is-config="true" signature="tearDown()[pri:0, instance:com.pratian.automation.testclasses.Tc052@589da3f3]" started-at="2021-10-16T23:23:19 IST" name="tearDown" finished-at="2021-10-16T23:23:20 IST" duration-ms="329" status="PASS">
          <reporter-output>
          </reporter-output>
        </test-method> <!-- tearDown -->
      </class> <!-- com.pratian.automation.testclasses.Tc052 -->
      <class name="com.pratian.automation.testclasses.Tc051">
        <test-method is-config="true" signature="setUp(java.lang.String)[pri:0, instance:com.pratian.automation.testclasses.Tc051@39d76cb5]" started-at="2021-10-16T23:23:20 IST" name="setUp" finished-at="2021-10-16T23:23:43 IST" duration-ms="23541" status="PASS">
          <params>
            <param index="0">
              <value>
                <![CDATA[chrome]]>
              </value>
            </param>
          </params>
          <reporter-output>
          </reporter-output>
        </test-method> <!-- setUp -->
        <test-method signature="Login(java.lang.String,java.lang.String)[pri:0, instance:com.pratian.automation.testclasses.Tc051@39d76cb5]" started-at="2021-10-16T23:23:43 IST" name="Login" data-provider="login" finished-at="2021-10-16T23:23:50 IST" duration-ms="6894" status="PASS">
          <params>
            <param index="0">
              <value>
                <![CDATA[prahas.kattimani@pratian.com]]>
              </value>
            </param>
            <param index="1">
              <value>
                <![CDATA[Qwerty123]]>
              </value>
            </param>
          </params>
          <reporter-output>
          </reporter-output>
        </test-method> <!-- Login -->
        <test-method signature="Button()[pri:1, instance:com.pratian.automation.testclasses.Tc051@39d76cb5]" started-at="2021-10-16T23:23:50 IST" name="Button" finished-at="2021-10-16T23:24:29 IST" duration-ms="38888" status="FAIL">
          <exception class="org.openqa.selenium.NoSuchElementException">
            <message>
              <![CDATA[no such element: Unable to locate element: {"method":"xpath","selector":"/html/body/ngx-app/ngx-get2aha/ngx-one-column-layout/nb-layout/div[2]/div[2]/div/mat-dialog-container/ngx-popup/div[2]/div/div[3]/div/div/div[2]/button"}
  (Session info: chrome=94.0.4606.81)
For documentation on this error, please visit: https://www.seleniumhq.org/exceptions/no_such_element.html
Build info: version: '3.141.59', revision: 'e82be7d358', time: '2018-11-14T08:17:03'
System info: host: 'DESKTOP-C9JH5PO', ip: '192.168.0.7', os.name: 'Windows 10', os.arch: 'amd64', os.version: '10.0', java.version: '16.0.2'
Driver info: org.openqa.selenium.chrome.ChromeDriver
Capabilities {acceptInsecureCerts: false, browserName: chrome, browserVersion: 94.0.4606.81, chrome: {chromedriverVersion: 94.0.4606.61 (418b78f5838ed..., userDataDir: C:\Users\DELL\AppData\Local...}, goog:chromeOptions: {debuggerAddress: localhost:49399}, javascriptEnabled: true, networkConnectionEnabled: false, pageLoadStrategy: normal, platform: WINDOWS, platformName: WINDOWS, proxy: Proxy(), setWindowRect: true, strictFileInteractability: false, timeouts: {implicit: 0, pageLoad: 300000, script: 30000}, unhandledPromptBehavior: dismiss and notify, webauthn:extension:credBlob: true, webauthn:extension:largeBlob: true, webauthn:virtualAuthenticators: true}
Session ID: b9c3833658b8418dec20ad907b77ee54
*** Element info: {Using=xpath, value=/html/body/ngx-app/ngx-get2aha/ngx-one-column-layout/nb-layout/div[2]/div[2]/div/mat-dialog-container/ngx-popup/div[2]/div/div[3]/div/div/div[2]/button}]]>
            </message>
            <full-stacktrace>
              <![CDATA[org.openqa.selenium.NoSuchElementException: no such element: Unable to locate element: {"method":"xpath","selector":"/html/body/ngx-app/ngx-get2aha/ngx-one-column-layout/nb-layout/div[2]/div[2]/div/mat-dialog-container/ngx-popup/div[2]/div/div[3]/div/div/div[2]/button"}
  (Session info: chrome=94.0.4606.81)
For documentation on this error, please visit: https://www.seleniumhq.org/exceptions/no_such_element.html
Build info: version: '3.141.59', revision: 'e82be7d358', time: '2018-11-14T08:17:03'
System info: host: 'DESKTOP-C9JH5PO', ip: '192.168.0.7', os.name: 'Windows 10', os.arch: 'amd64', os.version: '10.0', java.version: '16.0.2'
Driver info: org.openqa.selenium.chrome.ChromeDriver
Capabilities {acceptInsecureCerts: false, browserName: chrome, browserVersion: 94.0.4606.81, chrome: {chromedriverVersion: 94.0.4606.61 (418b78f5838ed..., userDataDir: C:\Users\DELL\AppData\Local...}, goog:chromeOptions: {debuggerAddress: localhost:49399}, javascriptEnabled: true, networkConnectionEnabled: false, pageLoadStrategy: normal, platform: WINDOWS, platformName: WINDOWS, proxy: Proxy(), setWindowRect: true, strictFileInteractability: false, timeouts: {implicit: 0, pageLoad: 300000, script: 30000}, unhandledPromptBehavior: dismiss and notify, webauthn:extension:credBlob: true, webauthn:extension:largeBlob: true, webauthn:virtualAuthenticators: true}
Session ID: b9c3833658b8418dec20ad907b77ee54
*** Element info: {Using=xpath, value=/html/body/ngx-app/ngx-get2aha/ngx-one-column-layout/nb-layout/div[2]/div[2]/div/mat-dialog-container/ngx-popup/div[2]/div/div[3]/div/div/div[2]/button}
at java.base/jdk.internal.reflect.NativeConstructorAccessorImpl.newInstance0(Native Method)
at java.base/jdk.internal.reflect.NativeConstructorAccessorImpl.newInstance(NativeConstructorAccessorImpl.java:78)
at java.base/jdk.internal.reflect.DelegatingConstructorAccessorImpl.newInstance(DelegatingConstructorAccessorImpl.java:45)
at java.base/java.lang.reflect.Constructor.newInstanceWithCaller(Constructor.java:499)
at java.base/java.lang.reflect.Constructor.newInstance(Constructor.java:480)
at org.openqa.selenium.remote.http.W3CHttpResponseCodec.createException(W3CHttpResponseCodec.java:187)
at org.openqa.selenium.remote.http.W3CHttpResponseCodec.decode(W3CHttpResponseCodec.java:122)
at org.openqa.selenium.remote.http.W3CHttpResponseCodec.decode(W3CHttpResponseCodec.java:49)
at org.openqa.selenium.remote.HttpCommandExecutor.execute(HttpCommandExecutor.java:158)
at org.openqa.selenium.remote.service.DriverCommandExecutor.execute(DriverCommandExecutor.java:83)
at org.openqa.selenium.remote.RemoteWebDriver.execute(RemoteWebDriver.java:552)
at org.openqa.selenium.remote.RemoteWebDriver.findElement(RemoteWebDriver.java:323)
at org.openqa.selenium.remote.RemoteWebDriver.findElementByXPath(RemoteWebDriver.java:428)
at org.openqa.selenium.By$ByXPath.findElement(By.java:353)
at org.openqa.selenium.remote.RemoteWebDriver.findElement(RemoteWebDriver.java:315)
at org.openqa.selenium.support.pagefactory.DefaultElementLocator.findElement(DefaultElementLocator.java:69)
at org.openqa.selenium.support.pagefactory.internal.LocatingElementHandler.invoke(LocatingElementHandler.java:38)
at jdk.proxy2/jdk.proxy2.$Proxy14.click(Unknown Source)
at com.pratian.automation.pageobjects.StakeHolderPage.ClickYesBtn(StakeHolderPage.java:134)
at com.pratian.automation.pageobjects.AllTestMethods.Tc051(AllTestMethods.java:43)
at com.pratian.automation.testclasses.Tc051.Button(Tc051.java:14)
at java.base/jdk.internal.reflect.NativeMethodAccessorImpl.invoke0(Native Method)
at java.base/jdk.internal.reflect.NativeMethodAccessorImpl.invoke(NativeMethodAccessorImpl.java:78)
at java.base/jdk.internal.reflect.DelegatingMethodAccessorImpl.invoke(DelegatingMethodAccessorImpl.java:43)
at java.base/java.lang.reflect.Method.invoke(Method.java:567)
at org.testng.internal.MethodInvocationHelper.invokeMethod(MethodInvocationHelper.java:133)
at org.testng.internal.TestInvoker.invokeMethod(TestInvoker.java:598)
at org.testng.internal.TestInvoker.invokeTestMethod(TestInvoker.java:173)
at org.testng.internal.MethodRunner.runInSequence(MethodRunner.java:46)
at org.testng.internal.TestInvoker$MethodInvocationAgent.invoke(TestInvoker.java:824)
at org.testng.internal.TestInvoker.invokeTestMethods(TestInvoker.java:146)
at org.testng.internal.TestMethodWorker.invokeTestMethods(TestMethodWorker.java:146)
at org.testng.internal.TestMethodWorker.run(TestMethodWorker.java:128)
at java.base/java.util.ArrayList.forEach(ArrayList.java:1511)
at org.testng.TestRunner.privateRun(TestRunner.java:794)
at org.testng.TestRunner.run(TestRunner.java:596)
at org.testng.SuiteRunner.runTest(SuiteRunner.java:377)
at org.testng.SuiteRunner.runSequentially(SuiteRunner.java:371)
at org.testng.SuiteRunner.privateRun(SuiteRunner.java:332)
at org.testng.SuiteRunner.run(SuiteRunner.java:276)
at org.testng.SuiteRunnerWorker.runSuite(SuiteRunnerWorker.java:53)
at org.testng.SuiteRunnerWorker.run(SuiteRunnerWorker.java:96)
at org.testng.TestNG.runSuitesSequentially(TestNG.java:1212)
at org.testng.TestNG.runSuitesLocally(TestNG.java:1134)
at org.testng.TestNG.runSuites(TestNG.java:1063)
at org.testng.TestNG.run(TestNG.java:1031)
at org.testng.remote.AbstractRemoteTestNG.run(AbstractRemoteTestNG.java:115)
at org.testng.remote.RemoteTestNG.initAndRun(RemoteTestNG.java:251)
at org.testng.remote.RemoteTestNG.main(RemoteTestNG.java:77)
]]>
            </full-stacktrace>
          </exception> <!-- org.openqa.selenium.NoSuchElementException -->
          <reporter-output>
          </reporter-output>
        </test-method> <!-- Button -->
        <test-method is-config="true" signature="tearDown()[pri:0, instance:com.pratian.automation.testclasses.Tc051@39d76cb5]" started-at="2021-10-16T23:24:31 IST" name="tearDown" finished-at="2021-10-16T23:24:32 IST" duration-ms="769" status="PASS">
          <reporter-output>
          </reporter-output>
        </test-method> <!-- tearDown -->
      </class> <!-- com.pratian.automation.testclasses.Tc051 -->
      <class name="com.pratian.automation.testclasses.LinkAvaibality">
        <test-method is-config="true" signature="setUp(java.lang.String)[pri:0, instance:com.pratian.automation.testclasses.LinkAvaibality@329dbdbf]" started-at="2021-10-16T23:37:39 IST" name="setUp" finished-at="2021-10-16T23:38:06 IST" duration-ms="27366" status="PASS">
          <params>
            <param index="0">
              <value>
                <![CDATA[chrome]]>
              </value>
            </param>
          </params>
          <reporter-output>
          </reporter-output>
        </test-method> <!-- setUp -->
        <test-method signature="Login(java.lang.String,java.lang.String)[pri:0, instance:com.pratian.automation.testclasses.LinkAvaibality@329dbdbf]" started-at="2021-10-16T23:38:07 IST" name="Login" data-provider="login" finished-at="2021-10-16T23:38:14 IST" duration-ms="7460" status="PASS">
          <params>
            <param index="0">
              <value>
                <![CDATA[prahas.kattimani@pratian.com]]>
              </value>
            </param>
            <param index="1">
              <value>
                <![CDATA[Qwerty123]]>
              </value>
            </param>
          </params>
          <reporter-output>
          </reporter-output>
        </test-method> <!-- Login -->
        <test-method signature="Linkavalable()[pri:1, instance:com.pratian.automation.testclasses.LinkAvaibality@329dbdbf]" started-at="2021-10-16T23:38:14 IST" name="Linkavalable" finished-at="2021-10-16T23:38:56 IST" duration-ms="42279" status="PASS">
          <reporter-output>
          </reporter-output>
        </test-method> <!-- Linkavalable -->
        <test-method is-config="true" signature="tearDown()[pri:0, instance:com.pratian.automation.testclasses.LinkAvaibality@329dbdbf]" started-at="2021-10-16T23:38:56 IST" name="tearDown" finished-at="2021-10-16T23:39:30 IST" duration-ms="33572" status="PASS">
          <reporter-output>
          </reporter-output>
        </test-method> <!-- tearDown -->
      </class> <!-- com.pratian.automation.testclasses.LinkAvaibality -->
      <class name="com.pratian.automation.testclasses.Tc039">
        <test-method is-config="true" signature="setUp(java.lang.String)[pri:0, instance:com.pratian.automation.testclasses.Tc039@1c852c0f]" started-at="2021-10-16T23:57:48 IST" name="setUp" finished-at="2021-10-16T23:58:08 IST" duration-ms="19466" status="PASS">
          <params>
            <param index="0">
              <value>
                <![CDATA[chrome]]>
              </value>
            </param>
          </params>
          <reporter-output>
          </reporter-output>
        </test-method> <!-- setUp -->
        <test-method signature="Login(java.lang.String,java.lang.String)[pri:0, instance:com.pratian.automation.testclasses.Tc039@1c852c0f]" started-at="2021-10-16T23:58:08 IST" name="Login" data-provider="login" finished-at="2021-10-16T23:58:14 IST" duration-ms="6707" status="PASS">
          <params>
            <param index="0">
              <value>
                <![CDATA[prahas.kattimani@pratian.com]]>
              </value>
            </param>
            <param index="1">
              <value>
                <![CDATA[Qwerty123]]>
              </value>
            </param>
          </params>
          <reporter-output>
          </reporter-output>
        </test-method> <!-- Login -->
        <test-method signature="vadlidateClientPage()[pri:1, instance:com.pratian.automation.testclasses.Tc039@1c852c0f]" started-at="2021-10-16T23:58:14 IST" name="vadlidateClientPage" finished-at="2021-10-16T23:58:28 IST" duration-ms="13445" status="PASS">
          <reporter-output>
          </reporter-output>
        </test-method> <!-- vadlidateClientPage -->
        <test-method signature="cancelStakeholderEditDetails()[pri:2, instance:com.pratian.automation.testclasses.Tc039@1c852c0f]" started-at="2021-10-16T23:58:28 IST" name="cancelStakeholderEditDetails" finished-at="2021-10-16T23:58:39 IST" duration-ms="11561" status="PASS">
          <reporter-output>
          </reporter-output>
        </test-method> <!-- cancelStakeholderEditDetails -->
        <test-method is-config="true" signature="tearDown()[pri:0, instance:com.pratian.automation.testclasses.Tc039@1c852c0f]" started-at="2021-10-16T23:58:39 IST" name="tearDown" finished-at="2021-10-16T23:58:41 IST" duration-ms="1191" status="PASS">
          <reporter-output>
          </reporter-output>
        </test-method> <!-- tearDown -->
      </class> <!-- com.pratian.automation.testclasses.Tc039 -->
      <class name="com.pratian.automation.testclasses.SortButton">
        <test-method is-config="true" signature="setUp(java.lang.String)[pri:0, instance:com.pratian.automation.testclasses.SortButton@7354b8c5]" started-at="2021-10-16T23:39:30 IST" name="setUp" finished-at="2021-10-16T23:39:57 IST" duration-ms="27098" status="PASS">
          <params>
            <param index="0">
              <value>
                <![CDATA[chrome]]>
              </value>
            </param>
          </params>
          <reporter-output>
          </reporter-output>
        </test-method> <!-- setUp -->
        <test-method signature="Login(java.lang.String,java.lang.String)[pri:0, instance:com.pratian.automation.testclasses.SortButton@7354b8c5]" started-at="2021-10-16T23:39:57 IST" name="Login" data-provider="login" finished-at="2021-10-16T23:40:06 IST" duration-ms="8819" status="PASS">
          <params>
            <param index="0">
              <value>
                <![CDATA[prahas.kattimani@pratian.com]]>
              </value>
            </param>
            <param index="1">
              <value>
                <![CDATA[Qwerty123]]>
              </value>
            </param>
          </params>
          <reporter-output>
          </reporter-output>
        </test-method> <!-- Login -->
        <test-method is-config="true" signature="tearDown()[pri:0, instance:com.pratian.automation.testclasses.SortButton@7354b8c5]" started-at="2021-10-16T23:40:06 IST" name="tearDown" finished-at="2021-10-16T23:40:24 IST" duration-ms="18154" status="PASS">
          <reporter-output>
          </reporter-output>
        </test-method> <!-- tearDown -->
      </class> <!-- com.pratian.automation.testclasses.SortButton -->
      <class name="com.pratian.automation.testclasses.ConfirmationDialogBox">
        <test-method is-config="true" signature="setUp(java.lang.String)[pri:0, instance:com.pratian.automation.testclasses.ConfirmationDialogBox@2fba3fc4]" started-at="2021-10-16T23:51:07 IST" name="setUp" finished-at="2021-10-16T23:51:27 IST" duration-ms="20031" status="PASS">
          <params>
            <param index="0">
              <value>
                <![CDATA[chrome]]>
              </value>
            </param>
          </params>
          <reporter-output>
          </reporter-output>
        </test-method> <!-- setUp -->
        <test-method signature="Login(java.lang.String,java.lang.String)[pri:0, instance:com.pratian.automation.testclasses.ConfirmationDialogBox@2fba3fc4]" started-at="2021-10-16T23:51:27 IST" name="Login" data-provider="login" finished-at="2021-10-16T23:51:34 IST" duration-ms="6799" status="PASS">
          <params>
            <param index="0">
              <value>
                <![CDATA[prahas.kattimani@pratian.com]]>
              </value>
            </param>
            <param index="1">
              <value>
                <![CDATA[Qwerty123]]>
              </value>
            </param>
          </params>
          <reporter-output>
          </reporter-output>
        </test-method> <!-- Login -->
        <test-method signature="vadlidateClientPage()[pri:1, instance:com.pratian.automation.testclasses.ConfirmationDialogBox@2fba3fc4]" started-at="2021-10-16T23:51:34 IST" name="vadlidateClientPage" finished-at="2021-10-16T23:52:29 IST" duration-ms="54719" status="PASS">
          <reporter-output>
          </reporter-output>
        </test-method> <!-- vadlidateClientPage -->
        <test-method signature="addValidInt()[pri:2, instance:com.pratian.automation.testclasses.ConfirmationDialogBox@2fba3fc4]" started-at="2021-10-16T23:52:29 IST" name="addValidInt" finished-at="2021-10-16T23:52:40 IST" duration-ms="11163" status="PASS">
          <reporter-output>
          </reporter-output>
        </test-method> <!-- addValidInt -->
        <test-method signature="confirm()[pri:3, instance:com.pratian.automation.testclasses.ConfirmationDialogBox@2fba3fc4]" started-at="2021-10-16T23:52:40 IST" name="confirm" finished-at="2021-10-16T23:52:40 IST" duration-ms="43" status="FAIL">
          <exception class="java.lang.IllegalArgumentException">
            <message>
              <![CDATA[Cannot find elements when the XPath is null.]]>
            </message>
            <full-stacktrace>
              <![CDATA[java.lang.IllegalArgumentException: Cannot find elements when the XPath is null.
at org.openqa.selenium.By$ByXPath.<init>(By.java:339)
at org.openqa.selenium.By.xpath(By.java:92)
at com.pratian.automation.testclasses.ConfirmationDialogBox.confirm(ConfirmationDialogBox.java:82)
at java.base/jdk.internal.reflect.NativeMethodAccessorImpl.invoke0(Native Method)
at java.base/jdk.internal.reflect.NativeMethodAccessorImpl.invoke(NativeMethodAccessorImpl.java:78)
at java.base/jdk.internal.reflect.DelegatingMethodAccessorImpl.invoke(DelegatingMethodAccessorImpl.java:43)
at java.base/java.lang.reflect.Method.invoke(Method.java:567)
at org.testng.internal.MethodInvocationHelper.invokeMethod(MethodInvocationHelper.java:133)
at org.testng.internal.TestInvoker.invokeMethod(TestInvoker.java:598)
at org.testng.internal.TestInvoker.invokeTestMethod(TestInvoker.java:173)
at org.testng.internal.MethodRunner.runInSequence(MethodRunner.java:46)
at org.testng.internal.TestInvoker$MethodInvocationAgent.invoke(TestInvoker.java:824)
at org.testng.internal.TestInvoker.invokeTestMethods(TestInvoker.java:146)
at org.testng.internal.TestMethodWorker.invokeTestMethods(TestMethodWorker.java:146)
at org.testng.internal.TestMethodWorker.run(TestMethodWorker.java:128)
at java.base/java.util.ArrayList.forEach(ArrayList.java:1511)
at org.testng.TestRunner.privateRun(TestRunner.java:794)
at org.testng.TestRunner.run(TestRunner.java:596)
at org.testng.SuiteRunner.runTest(SuiteRunner.java:377)
at org.testng.SuiteRunner.runSequentially(SuiteRunner.java:371)
at org.testng.SuiteRunner.privateRun(SuiteRunner.java:332)
at org.testng.SuiteRunner.run(SuiteRunner.java:276)
at org.testng.SuiteRunnerWorker.runSuite(SuiteRunnerWorker.java:53)
at org.testng.SuiteRunnerWorker.run(SuiteRunnerWorker.java:96)
at org.testng.TestNG.runSuitesSequentially(TestNG.java:1212)
at org.testng.TestNG.runSuitesLocally(TestNG.java:1134)
at org.testng.TestNG.runSuites(TestNG.java:1063)
at org.testng.TestNG.run(TestNG.java:1031)
at org.testng.remote.AbstractRemoteTestNG.run(AbstractRemoteTestNG.java:115)
at org.testng.remote.RemoteTestNG.initAndRun(RemoteTestNG.java:251)
at org.testng.remote.RemoteTestNG.main(RemoteTestNG.java:77)
]]>
            </full-stacktrace>
          </exception> <!-- java.lang.IllegalArgumentException -->
          <reporter-output>
          </reporter-output>
        </test-method> <!-- confirm -->
        <test-method is-config="true" signature="tearDown()[pri:0, instance:com.pratian.automation.testclasses.ConfirmationDialogBox@2fba3fc4]" started-at="2021-10-16T23:52:52 IST" name="tearDown" finished-at="2021-10-16T23:52:59 IST" duration-ms="6694" status="PASS">
          <reporter-output>
          </reporter-output>
        </test-method> <!-- tearDown -->
      </class> <!-- com.pratian.automation.testclasses.ConfirmationDialogBox -->
      <class name="com.pratian.automation.testclasses.Tc023">
        <test-method is-config="true" signature="setUp(java.lang.String)[pri:0, instance:com.pratian.automation.testclasses.Tc023@479cbee5]" started-at="2021-10-16T23:41:58 IST" name="setUp" finished-at="2021-10-16T23:42:22 IST" duration-ms="23712" status="PASS">
          <params>
            <param index="0">
              <value>
                <![CDATA[chrome]]>
              </value>
            </param>
          </params>
          <reporter-output>
          </reporter-output>
        </test-method> <!-- setUp -->
        <test-method signature="Login(java.lang.String,java.lang.String)[pri:0, instance:com.pratian.automation.testclasses.Tc023@479cbee5]" started-at="2021-10-16T23:42:22 IST" name="Login" data-provider="login" finished-at="2021-10-16T23:42:29 IST" duration-ms="6782" status="PASS">
          <params>
            <param index="0">
              <value>
                <![CDATA[prahas.kattimani@pratian.com]]>
              </value>
            </param>
            <param index="1">
              <value>
                <![CDATA[Qwerty123]]>
              </value>
            </param>
          </params>
          <reporter-output>
          </reporter-output>
        </test-method> <!-- Login -->
        <test-method signature="vadlidateClientPage()[pri:1, instance:com.pratian.automation.testclasses.Tc023@479cbee5]" started-at="2021-10-16T23:42:29 IST" name="vadlidateClientPage" finished-at="2021-10-16T23:43:18 IST" duration-ms="49583" status="PASS">
          <reporter-output>
          </reporter-output>
        </test-method> <!-- vadlidateClientPage -->
        <test-method is-config="true" signature="tearDown()[pri:0, instance:com.pratian.automation.testclasses.Tc023@479cbee5]" started-at="2021-10-16T23:43:18 IST" name="tearDown" finished-at="2021-10-16T23:43:20 IST" duration-ms="1211" status="PASS">
          <reporter-output>
          </reporter-output>
        </test-method> <!-- tearDown -->
      </class> <!-- com.pratian.automation.testclasses.Tc023 -->
      <class name="com.pratian.automation.testclasses.Tc044">
        <test-method is-config="true" signature="setUp(java.lang.String)[pri:0, instance:com.pratian.automation.testclasses.Tc044@4d518b32]" started-at="2021-10-16T23:33:14 IST" name="setUp" finished-at="2021-10-16T23:33:32 IST" duration-ms="17544" status="PASS">
          <params>
            <param index="0">
              <value>
                <![CDATA[chrome]]>
              </value>
            </param>
          </params>
          <reporter-output>
          </reporter-output>
        </test-method> <!-- setUp -->
        <test-method signature="Login(java.lang.String,java.lang.String)[pri:0, instance:com.pratian.automation.testclasses.Tc044@4d518b32]" started-at="2021-10-16T23:33:32 IST" name="Login" data-provider="login" finished-at="2021-10-16T23:33:39 IST" duration-ms="6742" status="PASS">
          <params>
            <param index="0">
              <value>
                <![CDATA[prahas.kattimani@pratian.com]]>
              </value>
            </param>
            <param index="1">
              <value>
                <![CDATA[Qwerty123]]>
              </value>
            </param>
          </params>
          <reporter-output>
          </reporter-output>
        </test-method> <!-- Login -->
        <test-method signature="vadlidateClientPage()[pri:1, instance:com.pratian.automation.testclasses.Tc044@4d518b32]" started-at="2021-10-16T23:33:39 IST" name="vadlidateClientPage" finished-at="2021-10-16T23:34:41 IST" duration-ms="62659" status="PASS">
          <reporter-output>
          </reporter-output>
        </test-method> <!-- vadlidateClientPage -->
        <test-method is-config="true" signature="tearDown()[pri:0, instance:com.pratian.automation.testclasses.Tc044@4d518b32]" started-at="2021-10-16T23:34:41 IST" name="tearDown" finished-at="2021-10-16T23:34:43 IST" duration-ms="1578" status="PASS">
          <reporter-output>
          </reporter-output>
        </test-method> <!-- tearDown -->
      </class> <!-- com.pratian.automation.testclasses.Tc044 -->
      <class name="com.pratian.automation.testclasses.Tc021">
        <test-method is-config="true" signature="setUp(java.lang.String)[pri:0, instance:com.pratian.automation.testclasses.Tc021@5456afaa]" started-at="2021-10-16T23:21:26 IST" name="setUp" finished-at="2021-10-16T23:21:48 IST" duration-ms="22309" status="PASS">
          <params>
            <param index="0">
              <value>
                <![CDATA[chrome]]>
              </value>
            </param>
          </params>
          <reporter-output>
          </reporter-output>
        </test-method> <!-- setUp -->
        <test-method signature="Login(java.lang.String,java.lang.String)[pri:0, instance:com.pratian.automation.testclasses.Tc021@5456afaa]" started-at="2021-10-16T23:21:48 IST" name="Login" data-provider="login" finished-at="2021-10-16T23:21:55 IST" duration-ms="6697" status="PASS">
          <params>
            <param index="0">
              <value>
                <![CDATA[prahas.kattimani@pratian.com]]>
              </value>
            </param>
            <param index="1">
              <value>
                <![CDATA[Qwerty123]]>
              </value>
            </param>
          </params>
          <reporter-output>
          </reporter-output>
        </test-method> <!-- Login -->
        <test-method signature="Button()[pri:1, instance:com.pratian.automation.testclasses.Tc021@5456afaa]" started-at="2021-10-16T23:21:55 IST" name="Button" finished-at="2021-10-16T23:22:20 IST" duration-ms="25075" status="PASS">
          <reporter-output>
          </reporter-output>
        </test-method> <!-- Button -->
        <test-method is-config="true" signature="tearDown()[pri:0, instance:com.pratian.automation.testclasses.Tc021@5456afaa]" started-at="2021-10-16T23:22:20 IST" name="tearDown" finished-at="2021-10-16T23:22:21 IST" duration-ms="1364" status="PASS">
          <reporter-output>
          </reporter-output>
        </test-method> <!-- tearDown -->
      </class> <!-- com.pratian.automation.testclasses.Tc021 -->
      <class name="com.pratian.automation.testclasses.Tc042">
        <test-method is-config="true" signature="setUp(java.lang.String)[pri:0, instance:com.pratian.automation.testclasses.Tc042@14a50707]" started-at="2021-10-16T23:31:19 IST" name="setUp" finished-at="2021-10-16T23:31:46 IST" duration-ms="27157" status="PASS">
          <params>
            <param index="0">
              <value>
                <![CDATA[chrome]]>
              </value>
            </param>
          </params>
          <reporter-output>
          </reporter-output>
        </test-method> <!-- setUp -->
        <test-method signature="Login(java.lang.String,java.lang.String)[pri:0, instance:com.pratian.automation.testclasses.Tc042@14a50707]" started-at="2021-10-16T23:31:46 IST" name="Login" data-provider="login" finished-at="2021-10-16T23:31:53 IST" duration-ms="6980" status="PASS">
          <params>
            <param index="0">
              <value>
                <![CDATA[prahas.kattimani@pratian.com]]>
              </value>
            </param>
            <param index="1">
              <value>
                <![CDATA[Qwerty123]]>
              </value>
            </param>
          </params>
          <reporter-output>
          </reporter-output>
        </test-method> <!-- Login -->
        <test-method signature="vadlidateClientPage()[pri:1, instance:com.pratian.automation.testclasses.Tc042@14a50707]" started-at="2021-10-16T23:31:53 IST" name="vadlidateClientPage" finished-at="2021-10-16T23:33:14 IST" duration-ms="80259" status="PASS">
          <reporter-output>
          </reporter-output>
        </test-method> <!-- vadlidateClientPage -->
        <test-method is-config="true" signature="tearDown()[pri:0, instance:com.pratian.automation.testclasses.Tc042@14a50707]" started-at="2021-10-16T23:33:14 IST" name="tearDown" finished-at="2021-10-16T23:33:14 IST" duration-ms="720" status="PASS">
          <reporter-output>
          </reporter-output>
        </test-method> <!-- tearDown -->
      </class> <!-- com.pratian.automation.testclasses.Tc042 -->
      <class name="com.pratian.automation.testclasses.Tc026">
        <test-method is-config="true" signature="setUp(java.lang.String)[pri:0, instance:com.pratian.automation.testclasses.Tc026@59e2d8e3]" started-at="2021-10-16T23:43:20 IST" name="setUp" finished-at="2021-10-16T23:43:41 IST" duration-ms="21014" status="PASS">
          <params>
            <param index="0">
              <value>
                <![CDATA[chrome]]>
              </value>
            </param>
          </params>
          <reporter-output>
          </reporter-output>
        </test-method> <!-- setUp -->
        <test-method signature="Login(java.lang.String,java.lang.String)[pri:0, instance:com.pratian.automation.testclasses.Tc026@59e2d8e3]" started-at="2021-10-16T23:43:41 IST" name="Login" data-provider="login" finished-at="2021-10-16T23:43:48 IST" duration-ms="6768" status="PASS">
          <params>
            <param index="0">
              <value>
                <![CDATA[prahas.kattimani@pratian.com]]>
              </value>
            </param>
            <param index="1">
              <value>
                <![CDATA[Qwerty123]]>
              </value>
            </param>
          </params>
          <reporter-output>
          </reporter-output>
        </test-method> <!-- Login -->
        <test-method signature="vadlidateClientPage()[pri:1, instance:com.pratian.automation.testclasses.Tc026@59e2d8e3]" started-at="2021-10-16T23:43:48 IST" name="vadlidateClientPage" finished-at="2021-10-16T23:45:04 IST" duration-ms="76150" status="PASS">
          <reporter-output>
          </reporter-output>
        </test-method> <!-- vadlidateClientPage -->
        <test-method is-config="true" signature="tearDown()[pri:0, instance:com.pratian.automation.testclasses.Tc026@59e2d8e3]" started-at="2021-10-16T23:45:04 IST" name="tearDown" finished-at="2021-10-16T23:45:04 IST" duration-ms="622" status="PASS">
          <reporter-output>
          </reporter-output>
        </test-method> <!-- tearDown -->
      </class> <!-- com.pratian.automation.testclasses.Tc026 -->
      <class name="com.pratian.automation.testclasses.Tc048">
        <test-method is-config="true" signature="setUp(java.lang.String)[pri:0, instance:com.pratian.automation.testclasses.Tc048@6736fa8d]" started-at="2021-10-16T23:25:41 IST" name="setUp" finished-at="2021-10-16T23:25:59 IST" duration-ms="17897" status="PASS">
          <params>
            <param index="0">
              <value>
                <![CDATA[chrome]]>
              </value>
            </param>
          </params>
          <reporter-output>
          </reporter-output>
        </test-method> <!-- setUp -->
        <test-method signature="Login(java.lang.String,java.lang.String)[pri:0, instance:com.pratian.automation.testclasses.Tc048@6736fa8d]" started-at="2021-10-16T23:25:59 IST" name="Login" data-provider="login" finished-at="2021-10-16T23:26:06 IST" duration-ms="6617" status="PASS">
          <params>
            <param index="0">
              <value>
                <![CDATA[prahas.kattimani@pratian.com]]>
              </value>
            </param>
            <param index="1">
              <value>
                <![CDATA[Qwerty123]]>
              </value>
            </param>
          </params>
          <reporter-output>
          </reporter-output>
        </test-method> <!-- Login -->
        <test-method signature="vadlidateClientPage()[pri:1, instance:com.pratian.automation.testclasses.Tc048@6736fa8d]" started-at="2021-10-16T23:26:06 IST" name="vadlidateClientPage" finished-at="2021-10-16T23:26:24 IST" duration-ms="18644" status="PASS">
          <reporter-output>
          </reporter-output>
        </test-method> <!-- vadlidateClientPage -->
        <test-method signature="selectStakeHolder()[pri:2, instance:com.pratian.automation.testclasses.Tc048@6736fa8d]" started-at="2021-10-16T23:26:24 IST" name="selectStakeHolder" finished-at="2021-10-16T23:26:26 IST" duration-ms="1368" status="PASS">
          <reporter-output>
          </reporter-output>
        </test-method> <!-- selectStakeHolder -->
        <test-method is-config="true" signature="tearDown()[pri:0, instance:com.pratian.automation.testclasses.Tc048@6736fa8d]" started-at="2021-10-16T23:26:26 IST" name="tearDown" finished-at="2021-10-16T23:26:26 IST" duration-ms="522" status="PASS">
          <reporter-output>
          </reporter-output>
        </test-method> <!-- tearDown -->
      </class> <!-- com.pratian.automation.testclasses.Tc048 -->
      <class name="com.pratian.automation.testclasses.ExitButton">
        <test-method is-config="true" signature="setUp(java.lang.String)[pri:0, instance:com.pratian.automation.testclasses.ExitButton@11d8ae8b]" started-at="2021-10-16T23:41:25 IST" name="setUp" finished-at="2021-10-16T23:41:51 IST" duration-ms="25736" status="PASS">
          <params>
            <param index="0">
              <value>
                <![CDATA[chrome]]>
              </value>
            </param>
          </params>
          <reporter-output>
          </reporter-output>
        </test-method> <!-- setUp -->
        <test-method signature="Login(java.lang.String,java.lang.String)[pri:0, instance:com.pratian.automation.testclasses.ExitButton@11d8ae8b]" started-at="2021-10-16T23:41:51 IST" name="Login" data-provider="login" finished-at="2021-10-16T23:41:58 IST" duration-ms="6635" status="PASS">
          <params>
            <param index="0">
              <value>
                <![CDATA[prahas.kattimani@pratian.com]]>
              </value>
            </param>
            <param index="1">
              <value>
                <![CDATA[Qwerty123]]>
              </value>
            </param>
          </params>
          <reporter-output>
          </reporter-output>
        </test-method> <!-- Login -->
        <test-method is-config="true" signature="tearDown()[pri:0, instance:com.pratian.automation.testclasses.ExitButton@11d8ae8b]" started-at="2021-10-16T23:41:58 IST" name="tearDown" finished-at="2021-10-16T23:41:58 IST" duration-ms="697" status="PASS">
          <reporter-output>
          </reporter-output>
        </test-method> <!-- tearDown -->
      </class> <!-- com.pratian.automation.testclasses.ExitButton -->
      <class name="com.pratian.automation.testclasses.Tc047">
        <test-method is-config="true" signature="setUp(java.lang.String)[pri:0, instance:com.pratian.automation.testclasses.Tc047@a37aefe]" started-at="2021-10-16T23:58:41 IST" name="setUp" finished-at="2021-10-16T23:59:00 IST" duration-ms="19002" status="PASS">
          <params>
            <param index="0">
              <value>
                <![CDATA[chrome]]>
              </value>
            </param>
          </params>
          <reporter-output>
          </reporter-output>
        </test-method> <!-- setUp -->
        <test-method signature="Login(java.lang.String,java.lang.String)[pri:0, instance:com.pratian.automation.testclasses.Tc047@a37aefe]" started-at="2021-10-16T23:59:00 IST" name="Login" data-provider="login" finished-at="2021-10-16T23:59:06 IST" duration-ms="6709" status="PASS">
          <params>
            <param index="0">
              <value>
                <![CDATA[prahas.kattimani@pratian.com]]>
              </value>
            </param>
            <param index="1">
              <value>
                <![CDATA[Qwerty123]]>
              </value>
            </param>
          </params>
          <reporter-output>
          </reporter-output>
        </test-method> <!-- Login -->
        <test-method signature="vadlidateClientPage()[pri:1, instance:com.pratian.automation.testclasses.Tc047@a37aefe]" started-at="2021-10-16T23:59:06 IST" name="vadlidateClientPage" finished-at="2021-10-16T23:59:23 IST" duration-ms="16757" status="PASS">
          <reporter-output>
          </reporter-output>
        </test-method> <!-- vadlidateClientPage -->
        <test-method signature="filterStakeholder()[pri:2, instance:com.pratian.automation.testclasses.Tc047@a37aefe]" started-at="2021-10-16T23:59:23 IST" name="filterStakeholder" finished-at="2021-10-16T23:59:33 IST" duration-ms="9360" status="FAIL">
          <exception class="org.openqa.selenium.TimeoutException">
            <message>
              <![CDATA[Expected condition failed: waiting for visibility of element located by By.xpath: viewStakeholder_filterBtn (tried for 6 second(s) with 500 milliseconds interval)]]>
            </message>
            <full-stacktrace>
              <![CDATA[org.openqa.selenium.TimeoutException: Expected condition failed: waiting for visibility of element located by By.xpath: viewStakeholder_filterBtn (tried for 6 second(s) with 500 milliseconds interval)
at org.openqa.selenium.support.ui.WebDriverWait.timeoutException(WebDriverWait.java:95)
at org.openqa.selenium.support.ui.FluentWait.until(FluentWait.java:272)
at com.pratian.automation.testclasses.Tc047.filterStakeholder(Tc047.java:33)
at java.base/jdk.internal.reflect.NativeMethodAccessorImpl.invoke0(Native Method)
at java.base/jdk.internal.reflect.NativeMethodAccessorImpl.invoke(NativeMethodAccessorImpl.java:78)
at java.base/jdk.internal.reflect.DelegatingMethodAccessorImpl.invoke(DelegatingMethodAccessorImpl.java:43)
at java.base/java.lang.reflect.Method.invoke(Method.java:567)
at org.testng.internal.MethodInvocationHelper.invokeMethod(MethodInvocationHelper.java:133)
at org.testng.internal.TestInvoker.invokeMethod(TestInvoker.java:598)
at org.testng.internal.TestInvoker.invokeTestMethod(TestInvoker.java:173)
at org.testng.internal.MethodRunner.runInSequence(MethodRunner.java:46)
at org.testng.internal.TestInvoker$MethodInvocationAgent.invoke(TestInvoker.java:824)
at org.testng.internal.TestInvoker.invokeTestMethods(TestInvoker.java:146)
at org.testng.internal.TestMethodWorker.invokeTestMethods(TestMethodWorker.java:146)
at org.testng.internal.TestMethodWorker.run(TestMethodWorker.java:128)
at java.base/java.util.ArrayList.forEach(ArrayList.java:1511)
at org.testng.TestRunner.privateRun(TestRunner.java:794)
at org.testng.TestRunner.run(TestRunner.java:596)
at org.testng.SuiteRunner.runTest(SuiteRunner.java:377)
at org.testng.SuiteRunner.runSequentially(SuiteRunner.java:371)
at org.testng.SuiteRunner.privateRun(SuiteRunner.java:332)
at org.testng.SuiteRunner.run(SuiteRunner.java:276)
at org.testng.SuiteRunnerWorker.runSuite(SuiteRunnerWorker.java:53)
at org.testng.SuiteRunnerWorker.run(SuiteRunnerWorker.java:96)
at org.testng.TestNG.runSuitesSequentially(TestNG.java:1212)
at org.testng.TestNG.runSuitesLocally(TestNG.java:1134)
at org.testng.TestNG.runSuites(TestNG.java:1063)
at org.testng.TestNG.run(TestNG.java:1031)
at org.testng.remote.AbstractRemoteTestNG.run(AbstractRemoteTestNG.java:115)
at org.testng.remote.RemoteTestNG.initAndRun(RemoteTestNG.java:251)
at org.testng.remote.RemoteTestNG.main(RemoteTestNG.java:77)
Caused by: org.openqa.selenium.NoSuchElementException: no such element: Unable to locate element: {"method":"xpath","selector":"viewStakeholder_filterBtn"}
  (Session info: chrome=94.0.4606.81)
For documentation on this error, please visit: https://www.seleniumhq.org/exceptions/no_such_element.html
Build info: version: '3.141.59', revision: 'e82be7d358', time: '2018-11-14T08:17:03'
System info: host: 'DESKTOP-C9JH5PO', ip: '192.168.0.7', os.name: 'Windows 10', os.arch: 'amd64', os.version: '10.0', java.version: '16.0.2'
Driver info: org.openqa.selenium.chrome.ChromeDriver
Capabilities {acceptInsecureCerts: false, browserName: chrome, browserVersion: 94.0.4606.81, chrome: {chromedriverVersion: 94.0.4606.61 (418b78f5838ed..., userDataDir: C:\Users\DELL\AppData\Local...}, goog:chromeOptions: {debuggerAddress: localhost:64532}, javascriptEnabled: true, networkConnectionEnabled: false, pageLoadStrategy: normal, platform: WINDOWS, platformName: WINDOWS, proxy: Proxy(), setWindowRect: true, strictFileInteractability: false, timeouts: {implicit: 0, pageLoad: 300000, script: 30000}, unhandledPromptBehavior: dismiss and notify, webauthn:extension:credBlob: true, webauthn:extension:largeBlob: true, webauthn:virtualAuthenticators: true}
Session ID: ed797f1a0a4358e82ee4aae989ca1969
*** Element info: {Using=xpath, value=viewStakeholder_filterBtn}
at jdk.internal.reflect.GeneratedConstructorAccessor32.newInstance(Unknown Source)
at java.base/jdk.internal.reflect.DelegatingConstructorAccessorImpl.newInstance(DelegatingConstructorAccessorImpl.java:45)
at java.base/java.lang.reflect.Constructor.newInstanceWithCaller(Constructor.java:499)
at java.base/java.lang.reflect.Constructor.newInstance(Constructor.java:480)
at org.openqa.selenium.remote.http.W3CHttpResponseCodec.createException(W3CHttpResponseCodec.java:187)
at org.openqa.selenium.remote.http.W3CHttpResponseCodec.decode(W3CHttpResponseCodec.java:122)
at org.openqa.selenium.remote.http.W3CHttpResponseCodec.decode(W3CHttpResponseCodec.java:49)
at org.openqa.selenium.remote.HttpCommandExecutor.execute(HttpCommandExecutor.java:158)
at org.openqa.selenium.remote.service.DriverCommandExecutor.execute(DriverCommandExecutor.java:83)
at org.openqa.selenium.remote.RemoteWebDriver.execute(RemoteWebDriver.java:552)
at org.openqa.selenium.remote.RemoteWebDriver.findElement(RemoteWebDriver.java:323)
at org.openqa.selenium.remote.RemoteWebDriver.findElementByXPath(RemoteWebDriver.java:428)
at org.openqa.selenium.By$ByXPath.findElement(By.java:353)
at org.openqa.selenium.remote.RemoteWebDriver.findElement(RemoteWebDriver.java:315)
at org.openqa.selenium.support.ui.ExpectedConditions$7.apply(ExpectedConditions.java:205)
at org.openqa.selenium.support.ui.ExpectedConditions$7.apply(ExpectedConditions.java:201)
at org.openqa.selenium.support.ui.FluentWait.until(FluentWait.java:249)
... 29 more
]]>
            </full-stacktrace>
          </exception> <!-- org.openqa.selenium.TimeoutException -->
          <reporter-output>
          </reporter-output>
        </test-method> <!-- filterStakeholder -->
        <test-method is-config="true" signature="tearDown()[pri:0, instance:com.pratian.automation.testclasses.Tc047@a37aefe]" started-at="2021-10-16T23:59:33 IST" name="tearDown" finished-at="2021-10-16T23:59:35 IST" duration-ms="1615" status="PASS">
          <reporter-output>
          </reporter-output>
        </test-method> <!-- tearDown -->
      </class> <!-- com.pratian.automation.testclasses.Tc047 -->
      <class name="com.pratian.automation.testclasses.Tc024">
        <test-method is-config="true" signature="setUp(java.lang.String)[pri:0, instance:com.pratian.automation.testclasses.Tc024@52815fa3]" started-at="2021-10-16T23:26:26 IST" name="setUp" finished-at="2021-10-16T23:26:47 IST" duration-ms="20289" status="PASS">
          <params>
            <param index="0">
              <value>
                <![CDATA[chrome]]>
              </value>
            </param>
          </params>
          <reporter-output>
          </reporter-output>
        </test-method> <!-- setUp -->
        <test-method signature="Login(java.lang.String,java.lang.String)[pri:0, instance:com.pratian.automation.testclasses.Tc024@52815fa3]" started-at="2021-10-16T23:26:47 IST" name="Login" data-provider="login" finished-at="2021-10-16T23:26:53 IST" duration-ms="6770" status="PASS">
          <params>
            <param index="0">
              <value>
                <![CDATA[prahas.kattimani@pratian.com]]>
              </value>
            </param>
            <param index="1">
              <value>
                <![CDATA[Qwerty123]]>
              </value>
            </param>
          </params>
          <reporter-output>
          </reporter-output>
        </test-method> <!-- Login -->
        <test-method signature="vadlidateClientPage()[pri:1, instance:com.pratian.automation.testclasses.Tc024@52815fa3]" started-at="2021-10-16T23:26:53 IST" name="vadlidateClientPage" finished-at="2021-10-16T23:27:11 IST" duration-ms="17059" status="PASS">
          <reporter-output>
          </reporter-output>
        </test-method> <!-- vadlidateClientPage -->
        <test-method signature="validateAddStakeholderPage()[pri:2, instance:com.pratian.automation.testclasses.Tc024@52815fa3]" started-at="2021-10-16T23:27:11 IST" name="validateAddStakeholderPage" finished-at="2021-10-16T23:27:26 IST" duration-ms="15090" status="FAIL">
          <exception class="org.openqa.selenium.TimeoutException">
            <message>
              <![CDATA[Expected condition failed: waiting for visibility of element located by By.xpath: //*[@id="maincontent"]/div/div (tried for 15 second(s) with 500 milliseconds interval)]]>
            </message>
            <full-stacktrace>
              <![CDATA[org.openqa.selenium.TimeoutException: Expected condition failed: waiting for visibility of element located by By.xpath: //*[@id="maincontent"]/div/div (tried for 15 second(s) with 500 milliseconds interval)
at org.openqa.selenium.support.ui.WebDriverWait.timeoutException(WebDriverWait.java:95)
at org.openqa.selenium.support.ui.FluentWait.until(FluentWait.java:272)
at com.pratian.automation.testclasses.Tc024.validateAddStakeholderPage(Tc024.java:45)
at java.base/jdk.internal.reflect.NativeMethodAccessorImpl.invoke0(Native Method)
at java.base/jdk.internal.reflect.NativeMethodAccessorImpl.invoke(NativeMethodAccessorImpl.java:78)
at java.base/jdk.internal.reflect.DelegatingMethodAccessorImpl.invoke(DelegatingMethodAccessorImpl.java:43)
at java.base/java.lang.reflect.Method.invoke(Method.java:567)
at org.testng.internal.MethodInvocationHelper.invokeMethod(MethodInvocationHelper.java:133)
at org.testng.internal.TestInvoker.invokeMethod(TestInvoker.java:598)
at org.testng.internal.TestInvoker.invokeTestMethod(TestInvoker.java:173)
at org.testng.internal.MethodRunner.runInSequence(MethodRunner.java:46)
at org.testng.internal.TestInvoker$MethodInvocationAgent.invoke(TestInvoker.java:824)
at org.testng.internal.TestInvoker.invokeTestMethods(TestInvoker.java:146)
at org.testng.internal.TestMethodWorker.invokeTestMethods(TestMethodWorker.java:146)
at org.testng.internal.TestMethodWorker.run(TestMethodWorker.java:128)
at java.base/java.util.ArrayList.forEach(ArrayList.java:1511)
at org.testng.TestRunner.privateRun(TestRunner.java:794)
at org.testng.TestRunner.run(TestRunner.java:596)
at org.testng.SuiteRunner.runTest(SuiteRunner.java:377)
at org.testng.SuiteRunner.runSequentially(SuiteRunner.java:371)
at org.testng.SuiteRunner.privateRun(SuiteRunner.java:332)
at org.testng.SuiteRunner.run(SuiteRunner.java:276)
at org.testng.SuiteRunnerWorker.runSuite(SuiteRunnerWorker.java:53)
at org.testng.SuiteRunnerWorker.run(SuiteRunnerWorker.java:96)
at org.testng.TestNG.runSuitesSequentially(TestNG.java:1212)
at org.testng.TestNG.runSuitesLocally(TestNG.java:1134)
at org.testng.TestNG.runSuites(TestNG.java:1063)
at org.testng.TestNG.run(TestNG.java:1031)
at org.testng.remote.AbstractRemoteTestNG.run(AbstractRemoteTestNG.java:115)
at org.testng.remote.RemoteTestNG.initAndRun(RemoteTestNG.java:251)
at org.testng.remote.RemoteTestNG.main(RemoteTestNG.java:77)
Caused by: org.openqa.selenium.NoSuchElementException: no such element: Unable to locate element: {"method":"xpath","selector":"//*[@id="maincontent"]/div/div"}
  (Session info: chrome=94.0.4606.81)
For documentation on this error, please visit: https://www.seleniumhq.org/exceptions/no_such_element.html
Build info: version: '3.141.59', revision: 'e82be7d358', time: '2018-11-14T08:17:03'
System info: host: 'DESKTOP-C9JH5PO', ip: '192.168.0.7', os.name: 'Windows 10', os.arch: 'amd64', os.version: '10.0', java.version: '16.0.2'
Driver info: org.openqa.selenium.chrome.ChromeDriver
Capabilities {acceptInsecureCerts: false, browserName: chrome, browserVersion: 94.0.4606.81, chrome: {chromedriverVersion: 94.0.4606.61 (418b78f5838ed..., userDataDir: C:\Users\DELL\AppData\Local...}, goog:chromeOptions: {debuggerAddress: localhost:64315}, javascriptEnabled: true, networkConnectionEnabled: false, pageLoadStrategy: normal, platform: WINDOWS, platformName: WINDOWS, proxy: Proxy(), setWindowRect: true, strictFileInteractability: false, timeouts: {implicit: 0, pageLoad: 300000, script: 30000}, unhandledPromptBehavior: dismiss and notify, webauthn:extension:credBlob: true, webauthn:extension:largeBlob: true, webauthn:virtualAuthenticators: true}
Session ID: 657bdf21416bfd1dd4ff24ad741941ae
*** Element info: {Using=xpath, value=//*[@id="maincontent"]/div/div}
at jdk.internal.reflect.GeneratedConstructorAccessor32.newInstance(Unknown Source)
at java.base/jdk.internal.reflect.DelegatingConstructorAccessorImpl.newInstance(DelegatingConstructorAccessorImpl.java:45)
at java.base/java.lang.reflect.Constructor.newInstanceWithCaller(Constructor.java:499)
at java.base/java.lang.reflect.Constructor.newInstance(Constructor.java:480)
at org.openqa.selenium.remote.http.W3CHttpResponseCodec.createException(W3CHttpResponseCodec.java:187)
at org.openqa.selenium.remote.http.W3CHttpResponseCodec.decode(W3CHttpResponseCodec.java:122)
at org.openqa.selenium.remote.http.W3CHttpResponseCodec.decode(W3CHttpResponseCodec.java:49)
at org.openqa.selenium.remote.HttpCommandExecutor.execute(HttpCommandExecutor.java:158)
at org.openqa.selenium.remote.service.DriverCommandExecutor.execute(DriverCommandExecutor.java:83)
at org.openqa.selenium.remote.RemoteWebDriver.execute(RemoteWebDriver.java:552)
at org.openqa.selenium.remote.RemoteWebDriver.findElement(RemoteWebDriver.java:323)
at org.openqa.selenium.remote.RemoteWebDriver.findElementByXPath(RemoteWebDriver.java:428)
at org.openqa.selenium.By$ByXPath.findElement(By.java:353)
at org.openqa.selenium.remote.RemoteWebDriver.findElement(RemoteWebDriver.java:315)
at org.openqa.selenium.support.ui.ExpectedConditions$7.apply(ExpectedConditions.java:205)
at org.openqa.selenium.support.ui.ExpectedConditions$7.apply(ExpectedConditions.java:201)
at org.openqa.selenium.support.ui.FluentWait.until(FluentWait.java:249)
... 29 more
]]>
            </full-stacktrace>
          </exception> <!-- org.openqa.selenium.TimeoutException -->
          <reporter-output>
          </reporter-output>
        </test-method> <!-- validateAddStakeholderPage -->
        <test-method signature="verifyFields()[pri:3, instance:com.pratian.automation.testclasses.Tc024@52815fa3]" started-at="2021-10-16T23:27:26 IST" name="verifyFields" finished-at="2021-10-16T23:27:26 IST" duration-ms="74" status="FAIL">
          <exception class="org.openqa.selenium.NoSuchElementException">
            <message>
              <![CDATA[no such element: Unable to locate element: {"method":"css selector","selector":"#addStakeholder_internal_name"}
  (Session info: chrome=94.0.4606.81)
For documentation on this error, please visit: https://www.seleniumhq.org/exceptions/no_such_element.html
Build info: version: '3.141.59', revision: 'e82be7d358', time: '2018-11-14T08:17:03'
System info: host: 'DESKTOP-C9JH5PO', ip: '192.168.0.7', os.name: 'Windows 10', os.arch: 'amd64', os.version: '10.0', java.version: '16.0.2'
Driver info: org.openqa.selenium.chrome.ChromeDriver
Capabilities {acceptInsecureCerts: false, browserName: chrome, browserVersion: 94.0.4606.81, chrome: {chromedriverVersion: 94.0.4606.61 (418b78f5838ed..., userDataDir: C:\Users\DELL\AppData\Local...}, goog:chromeOptions: {debuggerAddress: localhost:64315}, javascriptEnabled: true, networkConnectionEnabled: false, pageLoadStrategy: normal, platform: WINDOWS, platformName: WINDOWS, proxy: Proxy(), setWindowRect: true, strictFileInteractability: false, timeouts: {implicit: 0, pageLoad: 300000, script: 30000}, unhandledPromptBehavior: dismiss and notify, webauthn:extension:credBlob: true, webauthn:extension:largeBlob: true, webauthn:virtualAuthenticators: true}
Session ID: 657bdf21416bfd1dd4ff24ad741941ae
*** Element info: {Using=id, value=addStakeholder_internal_name}]]>
            </message>
            <full-stacktrace>
              <![CDATA[org.openqa.selenium.NoSuchElementException: no such element: Unable to locate element: {"method":"css selector","selector":"#addStakeholder_internal_name"}
  (Session info: chrome=94.0.4606.81)
For documentation on this error, please visit: https://www.seleniumhq.org/exceptions/no_such_element.html
Build info: version: '3.141.59', revision: 'e82be7d358', time: '2018-11-14T08:17:03'
System info: host: 'DESKTOP-C9JH5PO', ip: '192.168.0.7', os.name: 'Windows 10', os.arch: 'amd64', os.version: '10.0', java.version: '16.0.2'
Driver info: org.openqa.selenium.chrome.ChromeDriver
Capabilities {acceptInsecureCerts: false, browserName: chrome, browserVersion: 94.0.4606.81, chrome: {chromedriverVersion: 94.0.4606.61 (418b78f5838ed..., userDataDir: C:\Users\DELL\AppData\Local...}, goog:chromeOptions: {debuggerAddress: localhost:64315}, javascriptEnabled: true, networkConnectionEnabled: false, pageLoadStrategy: normal, platform: WINDOWS, platformName: WINDOWS, proxy: Proxy(), setWindowRect: true, strictFileInteractability: false, timeouts: {implicit: 0, pageLoad: 300000, script: 30000}, unhandledPromptBehavior: dismiss and notify, webauthn:extension:credBlob: true, webauthn:extension:largeBlob: true, webauthn:virtualAuthenticators: true}
Session ID: 657bdf21416bfd1dd4ff24ad741941ae
*** Element info: {Using=id, value=addStakeholder_internal_name}
at jdk.internal.reflect.GeneratedConstructorAccessor32.newInstance(Unknown Source)
at java.base/jdk.internal.reflect.DelegatingConstructorAccessorImpl.newInstance(DelegatingConstructorAccessorImpl.java:45)
at java.base/java.lang.reflect.Constructor.newInstanceWithCaller(Constructor.java:499)
at java.base/java.lang.reflect.Constructor.newInstance(Constructor.java:480)
at org.openqa.selenium.remote.http.W3CHttpResponseCodec.createException(W3CHttpResponseCodec.java:187)
at org.openqa.selenium.remote.http.W3CHttpResponseCodec.decode(W3CHttpResponseCodec.java:122)
at org.openqa.selenium.remote.http.W3CHttpResponseCodec.decode(W3CHttpResponseCodec.java:49)
at org.openqa.selenium.remote.HttpCommandExecutor.execute(HttpCommandExecutor.java:158)
at org.openqa.selenium.remote.service.DriverCommandExecutor.execute(DriverCommandExecutor.java:83)
at org.openqa.selenium.remote.RemoteWebDriver.execute(RemoteWebDriver.java:552)
at org.openqa.selenium.remote.RemoteWebDriver.findElement(RemoteWebDriver.java:323)
at org.openqa.selenium.remote.RemoteWebDriver.findElementById(RemoteWebDriver.java:372)
at org.openqa.selenium.By$ById.findElement(By.java:188)
at org.openqa.selenium.remote.RemoteWebDriver.findElement(RemoteWebDriver.java:315)
at org.openqa.selenium.support.pagefactory.DefaultElementLocator.findElement(DefaultElementLocator.java:69)
at org.openqa.selenium.support.pagefactory.internal.LocatingElementHandler.invoke(LocatingElementHandler.java:38)
at jdk.proxy2/jdk.proxy2.$Proxy14.isDisplayed(Unknown Source)
at com.pratian.automation.pageobjects.StakeElements.displayedFields(StakeElements.java:40)
at com.pratian.automation.testclasses.Tc024.verifyFields(Tc024.java:58)
at java.base/jdk.internal.reflect.NativeMethodAccessorImpl.invoke0(Native Method)
at java.base/jdk.internal.reflect.NativeMethodAccessorImpl.invoke(NativeMethodAccessorImpl.java:78)
at java.base/jdk.internal.reflect.DelegatingMethodAccessorImpl.invoke(DelegatingMethodAccessorImpl.java:43)
at java.base/java.lang.reflect.Method.invoke(Method.java:567)
at org.testng.internal.MethodInvocationHelper.invokeMethod(MethodInvocationHelper.java:133)
at org.testng.internal.TestInvoker.invokeMethod(TestInvoker.java:598)
at org.testng.internal.TestInvoker.invokeTestMethod(TestInvoker.java:173)
at org.testng.internal.MethodRunner.runInSequence(MethodRunner.java:46)
at org.testng.internal.TestInvoker$MethodInvocationAgent.invoke(TestInvoker.java:824)
at org.testng.internal.TestInvoker.invokeTestMethods(TestInvoker.java:146)
at org.testng.internal.TestMethodWorker.invokeTestMethods(TestMethodWorker.java:146)
at org.testng.internal.TestMethodWorker.run(TestMethodWorker.java:128)
at java.base/java.util.ArrayList.forEach(ArrayList.java:1511)
at org.testng.TestRunner.privateRun(TestRunner.java:794)
at org.testng.TestRunner.run(TestRunner.java:596)
at org.testng.SuiteRunner.runTest(SuiteRunner.java:377)
at org.testng.SuiteRunner.runSequentially(SuiteRunner.java:371)
at org.testng.SuiteRunner.privateRun(SuiteRunner.java:332)
at org.testng.SuiteRunner.run(SuiteRunner.java:276)
at org.testng.SuiteRunnerWorker.runSuite(SuiteRunnerWorker.java:53)
at org.testng.SuiteRunnerWorker.run(SuiteRunnerWorker.java:96)
at org.testng.TestNG.runSuitesSequentially(TestNG.java:1212)
at org.testng.TestNG.runSuitesLocally(TestNG.java:1134)
at org.testng.TestNG.runSuites(TestNG.java:1063)
at org.testng.TestNG.run(TestNG.java:1031)
at org.testng.remote.AbstractRemoteTestNG.run(AbstractRemoteTestNG.java:115)
at org.testng.remote.RemoteTestNG.initAndRun(RemoteTestNG.java:251)
at org.testng.remote.RemoteTestNG.main(RemoteTestNG.java:77)
]]>
            </full-stacktrace>
          </exception> <!-- org.openqa.selenium.NoSuchElementException -->
          <reporter-output>
          </reporter-output>
        </test-method> <!-- verifyFields -->
        <test-method is-config="true" signature="tearDown()[pri:0, instance:com.pratian.automation.testclasses.Tc024@52815fa3]" started-at="2021-10-16T23:27:26 IST" name="tearDown" finished-at="2021-10-16T23:27:27 IST" duration-ms="443" status="PASS">
          <reporter-output>
          </reporter-output>
        </test-method> <!-- tearDown -->
      </class> <!-- com.pratian.automation.testclasses.Tc024 -->
      <class name="com.pratian.automation.testclasses.AddValidInternal">
        <test-method is-config="true" signature="setUp(java.lang.String)[pri:0, instance:com.pratian.automation.testclasses.AddValidInternal@12299890]" started-at="2021-10-16T23:49:53 IST" name="setUp" finished-at="2021-10-16T23:50:14 IST" duration-ms="21231" status="PASS">
          <params>
            <param index="0">
              <value>
                <![CDATA[chrome]]>
              </value>
            </param>
          </params>
          <reporter-output>
          </reporter-output>
        </test-method> <!-- setUp -->
        <test-method signature="Login(java.lang.String,java.lang.String)[pri:0, instance:com.pratian.automation.testclasses.AddValidInternal@12299890]" started-at="2021-10-16T23:50:14 IST" name="Login" data-provider="login" finished-at="2021-10-16T23:50:22 IST" duration-ms="7008" status="PASS">
          <params>
            <param index="0">
              <value>
                <![CDATA[prahas.kattimani@pratian.com]]>
              </value>
            </param>
            <param index="1">
              <value>
                <![CDATA[Qwerty123]]>
              </value>
            </param>
          </params>
          <reporter-output>
          </reporter-output>
        </test-method> <!-- Login -->
        <test-method signature="vadlidateClientPage()[pri:1, instance:com.pratian.automation.testclasses.AddValidInternal@12299890]" started-at="2021-10-16T23:50:22 IST" name="vadlidateClientPage" finished-at="2021-10-16T23:50:55 IST" duration-ms="33373" status="PASS">
          <reporter-output>
          </reporter-output>
        </test-method> <!-- vadlidateClientPage -->
        <test-method signature="addValidInt()[pri:2, instance:com.pratian.automation.testclasses.AddValidInternal@12299890]" started-at="2021-10-16T23:50:55 IST" name="addValidInt" finished-at="2021-10-16T23:51:06 IST" duration-ms="11149" status="PASS">
          <reporter-output>
          </reporter-output>
        </test-method> <!-- addValidInt -->
        <test-method is-config="true" signature="tearDown()[pri:0, instance:com.pratian.automation.testclasses.AddValidInternal@12299890]" started-at="2021-10-16T23:51:06 IST" name="tearDown" finished-at="2021-10-16T23:51:07 IST" duration-ms="924" status="PASS">
          <reporter-output>
          </reporter-output>
        </test-method> <!-- tearDown -->
      </class> <!-- com.pratian.automation.testclasses.AddValidInternal -->
      <class name="com.pratian.automation.testclasses.Tc041">
        <test-method is-config="true" signature="setUp(java.lang.String)[pri:0, instance:com.pratian.automation.testclasses.Tc041@2b72cb8a]" started-at="2021-10-16T23:45:04 IST" name="setUp" finished-at="2021-10-16T23:45:23 IST" duration-ms="18897" status="PASS">
          <params>
            <param index="0">
              <value>
                <![CDATA[chrome]]>
              </value>
            </param>
          </params>
          <reporter-output>
          </reporter-output>
        </test-method> <!-- setUp -->
        <test-method signature="Login(java.lang.String,java.lang.String)[pri:0, instance:com.pratian.automation.testclasses.Tc041@2b72cb8a]" started-at="2021-10-16T23:45:23 IST" name="Login" data-provider="login" finished-at="2021-10-16T23:45:30 IST" duration-ms="6712" status="PASS">
          <params>
            <param index="0">
              <value>
                <![CDATA[prahas.kattimani@pratian.com]]>
              </value>
            </param>
            <param index="1">
              <value>
                <![CDATA[Qwerty123]]>
              </value>
            </param>
          </params>
          <reporter-output>
          </reporter-output>
        </test-method> <!-- Login -->
        <test-method signature="vadlidateClientPage()[pri:1, instance:com.pratian.automation.testclasses.Tc041@2b72cb8a]" started-at="2021-10-16T23:45:30 IST" name="vadlidateClientPage" finished-at="2021-10-16T23:46:25 IST" duration-ms="54871" status="FAIL">
          <exception class="org.openqa.selenium.ElementClickInterceptedException">
            <message>
              <![CDATA[element click intercepted: Element <button _ngcontent-vti-c317="" aria-haspopup="true" mat-menu-item="" id="viewStakeholderInfo_filter_subMenu2Fn" class="mat-focus-indicator mat-menu-trigger mat-menu-item mat-menu-item-submenu-trigger ng-tns-c263-82" role="menuitem" tabindex="0" aria-disabled="false">...</button> is not clickable at point (1432, 257). Other element would receive the click: <div id="cdk-overlay-1" class="cdk-overlay-pane" style="position: static;">...</div>
  (Session info: chrome=94.0.4606.81)
Build info: version: '3.141.59', revision: 'e82be7d358', time: '2018-11-14T08:17:03'
System info: host: 'DESKTOP-C9JH5PO', ip: '192.168.0.7', os.name: 'Windows 10', os.arch: 'amd64', os.version: '10.0', java.version: '16.0.2'
Driver info: org.openqa.selenium.chrome.ChromeDriver
Capabilities {acceptInsecureCerts: false, browserName: chrome, browserVersion: 94.0.4606.81, chrome: {chromedriverVersion: 94.0.4606.61 (418b78f5838ed..., userDataDir: C:\Users\DELL\AppData\Local...}, goog:chromeOptions: {debuggerAddress: localhost:62822}, javascriptEnabled: true, networkConnectionEnabled: false, pageLoadStrategy: normal, platform: WINDOWS, platformName: WINDOWS, proxy: Proxy(), setWindowRect: true, strictFileInteractability: false, timeouts: {implicit: 0, pageLoad: 300000, script: 30000}, unhandledPromptBehavior: dismiss and notify, webauthn:extension:credBlob: true, webauthn:extension:largeBlob: true, webauthn:virtualAuthenticators: true}
Session ID: 6946bbe3d7b38738c07301ee73b8c8f7]]>
            </message>
            <full-stacktrace>
              <![CDATA[org.openqa.selenium.ElementClickInterceptedException: element click intercepted: Element <button _ngcontent-vti-c317="" aria-haspopup="true" mat-menu-item="" id="viewStakeholderInfo_filter_subMenu2Fn" class="mat-focus-indicator mat-menu-trigger mat-menu-item mat-menu-item-submenu-trigger ng-tns-c263-82" role="menuitem" tabindex="0" aria-disabled="false">...</button> is not clickable at point (1432, 257). Other element would receive the click: <div id="cdk-overlay-1" class="cdk-overlay-pane" style="position: static;">...</div>
  (Session info: chrome=94.0.4606.81)
Build info: version: '3.141.59', revision: 'e82be7d358', time: '2018-11-14T08:17:03'
System info: host: 'DESKTOP-C9JH5PO', ip: '192.168.0.7', os.name: 'Windows 10', os.arch: 'amd64', os.version: '10.0', java.version: '16.0.2'
Driver info: org.openqa.selenium.chrome.ChromeDriver
Capabilities {acceptInsecureCerts: false, browserName: chrome, browserVersion: 94.0.4606.81, chrome: {chromedriverVersion: 94.0.4606.61 (418b78f5838ed..., userDataDir: C:\Users\DELL\AppData\Local...}, goog:chromeOptions: {debuggerAddress: localhost:62822}, javascriptEnabled: true, networkConnectionEnabled: false, pageLoadStrategy: normal, platform: WINDOWS, platformName: WINDOWS, proxy: Proxy(), setWindowRect: true, strictFileInteractability: false, timeouts: {implicit: 0, pageLoad: 300000, script: 30000}, unhandledPromptBehavior: dismiss and notify, webauthn:extension:credBlob: true, webauthn:extension:largeBlob: true, webauthn:virtualAuthenticators: true}
Session ID: 6946bbe3d7b38738c07301ee73b8c8f7
at java.base/jdk.internal.reflect.NativeConstructorAccessorImpl.newInstance0(Native Method)
at java.base/jdk.internal.reflect.NativeConstructorAccessorImpl.newInstance(NativeConstructorAccessorImpl.java:78)
at java.base/jdk.internal.reflect.DelegatingConstructorAccessorImpl.newInstance(DelegatingConstructorAccessorImpl.java:45)
at java.base/java.lang.reflect.Constructor.newInstanceWithCaller(Constructor.java:499)
at java.base/java.lang.reflect.Constructor.newInstance(Constructor.java:480)
at org.openqa.selenium.remote.http.W3CHttpResponseCodec.createException(W3CHttpResponseCodec.java:187)
at org.openqa.selenium.remote.http.W3CHttpResponseCodec.decode(W3CHttpResponseCodec.java:122)
at org.openqa.selenium.remote.http.W3CHttpResponseCodec.decode(W3CHttpResponseCodec.java:49)
at org.openqa.selenium.remote.HttpCommandExecutor.execute(HttpCommandExecutor.java:158)
at org.openqa.selenium.remote.service.DriverCommandExecutor.execute(DriverCommandExecutor.java:83)
at org.openqa.selenium.remote.RemoteWebDriver.execute(RemoteWebDriver.java:552)
at org.openqa.selenium.remote.RemoteWebElement.execute(RemoteWebElement.java:285)
at org.openqa.selenium.remote.RemoteWebElement.click(RemoteWebElement.java:84)
at com.pratian.automation.testclasses.Tc041.vadlidateClientPage(Tc041.java:34)
at java.base/jdk.internal.reflect.NativeMethodAccessorImpl.invoke0(Native Method)
at java.base/jdk.internal.reflect.NativeMethodAccessorImpl.invoke(NativeMethodAccessorImpl.java:78)
at java.base/jdk.internal.reflect.DelegatingMethodAccessorImpl.invoke(DelegatingMethodAccessorImpl.java:43)
at java.base/java.lang.reflect.Method.invoke(Method.java:567)
at org.testng.internal.MethodInvocationHelper.invokeMethod(MethodInvocationHelper.java:133)
at org.testng.internal.TestInvoker.invokeMethod(TestInvoker.java:598)
at org.testng.internal.TestInvoker.invokeTestMethod(TestInvoker.java:173)
at org.testng.internal.MethodRunner.runInSequence(MethodRunner.java:46)
at org.testng.internal.TestInvoker$MethodInvocationAgent.invoke(TestInvoker.java:824)
at org.testng.internal.TestInvoker.invokeTestMethods(TestInvoker.java:146)
at org.testng.internal.TestMethodWorker.invokeTestMethods(TestMethodWorker.java:146)
at org.testng.internal.TestMethodWorker.run(TestMethodWorker.java:128)
at java.base/java.util.ArrayList.forEach(ArrayList.java:1511)
at org.testng.TestRunner.privateRun(TestRunner.java:794)
at org.testng.TestRunner.run(TestRunner.java:596)
at org.testng.SuiteRunner.runTest(SuiteRunner.java:377)
at org.testng.SuiteRunner.runSequentially(SuiteRunner.java:371)
at org.testng.SuiteRunner.privateRun(SuiteRunner.java:332)
at org.testng.SuiteRunner.run(SuiteRunner.java:276)
at org.testng.SuiteRunnerWorker.runSuite(SuiteRunnerWorker.java:53)
at org.testng.SuiteRunnerWorker.run(SuiteRunnerWorker.java:96)
at org.testng.TestNG.runSuitesSequentially(TestNG.java:1212)
at org.testng.TestNG.runSuitesLocally(TestNG.java:1134)
at org.testng.TestNG.runSuites(TestNG.java:1063)
at org.testng.TestNG.run(TestNG.java:1031)
at org.testng.remote.AbstractRemoteTestNG.run(AbstractRemoteTestNG.java:115)
at org.testng.remote.RemoteTestNG.initAndRun(RemoteTestNG.java:251)
at org.testng.remote.RemoteTestNG.main(RemoteTestNG.java:77)
]]>
            </full-stacktrace>
          </exception> <!-- org.openqa.selenium.ElementClickInterceptedException -->
          <reporter-output>
          </reporter-output>
        </test-method> <!-- vadlidateClientPage -->
        <test-method is-config="true" signature="tearDown()[pri:0, instance:com.pratian.automation.testclasses.Tc041@2b72cb8a]" started-at="2021-10-16T23:46:27 IST" name="tearDown" finished-at="2021-10-16T23:46:28 IST" duration-ms="1369" status="PASS">
          <reporter-output>
          </reporter-output>
        </test-method> <!-- tearDown -->
      </class> <!-- com.pratian.automation.testclasses.Tc041 -->
      <class name="com.pratian.automation.testclasses.Tc063">
        <test-method is-config="true" signature="setUp(java.lang.String)[pri:0, instance:com.pratian.automation.testclasses.Tc063@e3c0e40]" started-at="2021-10-16T23:36:06 IST" name="setUp" finished-at="2021-10-16T23:36:32 IST" duration-ms="26486" status="PASS">
          <params>
            <param index="0">
              <value>
                <![CDATA[chrome]]>
              </value>
            </param>
          </params>
          <reporter-output>
          </reporter-output>
        </test-method> <!-- setUp -->
        <test-method signature="Login(java.lang.String,java.lang.String)[pri:0, instance:com.pratian.automation.testclasses.Tc063@e3c0e40]" started-at="2021-10-16T23:36:32 IST" name="Login" data-provider="login" finished-at="2021-10-16T23:36:40 IST" duration-ms="7752" status="PASS">
          <params>
            <param index="0">
              <value>
                <![CDATA[prahas.kattimani@pratian.com]]>
              </value>
            </param>
            <param index="1">
              <value>
                <![CDATA[Qwerty123]]>
              </value>
            </param>
          </params>
          <reporter-output>
          </reporter-output>
        </test-method> <!-- Login -->
        <test-method signature="vadlidateClientPage()[pri:1, instance:com.pratian.automation.testclasses.Tc063@e3c0e40]" started-at="2021-10-16T23:36:40 IST" name="vadlidateClientPage" finished-at="2021-10-16T23:37:38 IST" duration-ms="58029" status="PASS">
          <reporter-output>
          </reporter-output>
        </test-method> <!-- vadlidateClientPage -->
        <test-method is-config="true" signature="tearDown()[pri:0, instance:com.pratian.automation.testclasses.Tc063@e3c0e40]" started-at="2021-10-16T23:37:38 IST" name="tearDown" finished-at="2021-10-16T23:37:39 IST" duration-ms="1044" status="PASS">
          <reporter-output>
          </reporter-output>
        </test-method> <!-- tearDown -->
      </class> <!-- com.pratian.automation.testclasses.Tc063 -->
      <class name="com.pratian.automation.testclasses.AddInvalidExternal">
        <test-method is-config="true" signature="setUp(java.lang.String)[pri:0, instance:com.pratian.automation.testclasses.AddInvalidExternal@1c39680d]" started-at="2021-10-16T23:56:02 IST" name="setUp" finished-at="2021-10-16T23:56:26 IST" duration-ms="23425" status="PASS">
          <params>
            <param index="0">
              <value>
                <![CDATA[chrome]]>
              </value>
            </param>
          </params>
          <reporter-output>
          </reporter-output>
        </test-method> <!-- setUp -->
        <test-method signature="Login(java.lang.String,java.lang.String)[pri:0, instance:com.pratian.automation.testclasses.AddInvalidExternal@1c39680d]" started-at="2021-10-16T23:56:26 IST" name="Login" data-provider="login" finished-at="2021-10-16T23:56:32 IST" duration-ms="6725" status="PASS">
          <params>
            <param index="0">
              <value>
                <![CDATA[prahas.kattimani@pratian.com]]>
              </value>
            </param>
            <param index="1">
              <value>
                <![CDATA[Qwerty123]]>
              </value>
            </param>
          </params>
          <reporter-output>
          </reporter-output>
        </test-method> <!-- Login -->
        <test-method signature="vadlidateClientPage()[pri:1, instance:com.pratian.automation.testclasses.AddInvalidExternal@1c39680d]" started-at="2021-10-16T23:56:32 IST" name="vadlidateClientPage" finished-at="2021-10-16T23:56:56 IST" duration-ms="23284" status="PASS">
          <reporter-output>
          </reporter-output>
        </test-method> <!-- vadlidateClientPage -->
        <test-method signature="addInvalidext()[pri:2, instance:com.pratian.automation.testclasses.AddInvalidExternal@1c39680d]" started-at="2021-10-16T23:56:56 IST" name="addInvalidext" finished-at="2021-10-16T23:57:07 IST" duration-ms="11519" status="PASS">
          <reporter-output>
          </reporter-output>
        </test-method> <!-- addInvalidext -->
        <test-method is-config="true" signature="tearDown()[pri:0, instance:com.pratian.automation.testclasses.AddInvalidExternal@1c39680d]" started-at="2021-10-16T23:57:07 IST" name="tearDown" finished-at="2021-10-16T23:57:08 IST" duration-ms="685" status="PASS">
          <reporter-output>
          </reporter-output>
        </test-method> <!-- tearDown -->
      </class> <!-- com.pratian.automation.testclasses.AddInvalidExternal -->
      <class name="com.pratian.automation.testclasses.Tc062">
        <test-method is-config="true" signature="setUp(java.lang.String)[pri:0, instance:com.pratian.automation.testclasses.Tc062@4bd31064]" started-at="2021-10-16T23:34:43 IST" name="setUp" finished-at="2021-10-16T23:35:03 IST" duration-ms="19879" status="PASS">
          <params>
            <param index="0">
              <value>
                <![CDATA[chrome]]>
              </value>
            </param>
          </params>
          <reporter-output>
          </reporter-output>
        </test-method> <!-- setUp -->
        <test-method signature="Login(java.lang.String,java.lang.String)[pri:0, instance:com.pratian.automation.testclasses.Tc062@4bd31064]" started-at="2021-10-16T23:35:03 IST" name="Login" data-provider="login" finished-at="2021-10-16T23:35:10 IST" duration-ms="7148" status="PASS">
          <params>
            <param index="0">
              <value>
                <![CDATA[prahas.kattimani@pratian.com]]>
              </value>
            </param>
            <param index="1">
              <value>
                <![CDATA[Qwerty123]]>
              </value>
            </param>
          </params>
          <reporter-output>
          </reporter-output>
        </test-method> <!-- Login -->
        <test-method signature="vadlidateClientPage()[pri:1, instance:com.pratian.automation.testclasses.Tc062@4bd31064]" started-at="2021-10-16T23:35:10 IST" name="vadlidateClientPage" finished-at="2021-10-16T23:36:05 IST" duration-ms="54601" status="PASS">
          <reporter-output>
          </reporter-output>
        </test-method> <!-- vadlidateClientPage -->
        <test-method is-config="true" signature="tearDown()[pri:0, instance:com.pratian.automation.testclasses.Tc062@4bd31064]" started-at="2021-10-16T23:36:05 IST" name="tearDown" finished-at="2021-10-16T23:36:06 IST" duration-ms="997" status="PASS">
          <reporter-output>
          </reporter-output>
        </test-method> <!-- tearDown -->
      </class> <!-- com.pratian.automation.testclasses.Tc062 -->
      <class name="com.pratian.automation.testclasses.Tc040">
        <test-method is-config="true" signature="setUp(java.lang.String)[pri:0, instance:com.pratian.automation.testclasses.Tc040@50313382]" started-at="2021-10-16T23:27:27 IST" name="setUp" finished-at="2021-10-16T23:27:52 IST" duration-ms="24922" status="PASS">
          <params>
            <param index="0">
              <value>
                <![CDATA[chrome]]>
              </value>
            </param>
          </params>
          <reporter-output>
          </reporter-output>
        </test-method> <!-- setUp -->
        <test-method signature="Login(java.lang.String,java.lang.String)[pri:0, instance:com.pratian.automation.testclasses.Tc040@50313382]" started-at="2021-10-16T23:27:52 IST" name="Login" data-provider="login" finished-at="2021-10-16T23:27:59 IST" duration-ms="6645" status="PASS">
          <params>
            <param index="0">
              <value>
                <![CDATA[prahas.kattimani@pratian.com]]>
              </value>
            </param>
            <param index="1">
              <value>
                <![CDATA[Qwerty123]]>
              </value>
            </param>
          </params>
          <reporter-output>
          </reporter-output>
        </test-method> <!-- Login -->
        <test-method signature="vadlidateClientPage()[pri:1, instance:com.pratian.automation.testclasses.Tc040@50313382]" started-at="2021-10-16T23:27:59 IST" name="vadlidateClientPage" finished-at="2021-10-16T23:28:28 IST" duration-ms="29699" status="PASS">
          <reporter-output>
          </reporter-output>
        </test-method> <!-- vadlidateClientPage -->
        <test-method signature="viewStaleHolderList()[pri:2, instance:com.pratian.automation.testclasses.Tc040@50313382]" started-at="2021-10-16T23:28:28 IST" name="viewStaleHolderList" finished-at="2021-10-16T23:28:35 IST" duration-ms="7198" status="PASS">
          <reporter-output>
          </reporter-output>
        </test-method> <!-- viewStaleHolderList -->
        <test-method is-config="true" signature="tearDown()[pri:0, instance:com.pratian.automation.testclasses.Tc040@50313382]" started-at="2021-10-16T23:28:35 IST" name="tearDown" finished-at="2021-10-16T23:28:37 IST" duration-ms="1403" status="PASS">
          <reporter-output>
          </reporter-output>
        </test-method> <!-- tearDown -->
      </class> <!-- com.pratian.automation.testclasses.Tc040 -->
      <class name="com.pratian.automation.testclasses.Tc061">
        <test-method is-config="true" signature="setUp(java.lang.String)[pri:0, instance:com.pratian.automation.testclasses.Tc061@266374ef]" started-at="2021-10-17T00:00:29 IST" name="setUp" finished-at="2021-10-17T00:00:53 IST" duration-ms="23299" status="PASS">
          <params>
            <param index="0">
              <value>
                <![CDATA[chrome]]>
              </value>
            </param>
          </params>
          <reporter-output>
          </reporter-output>
        </test-method> <!-- setUp -->
        <test-method signature="Login(java.lang.String,java.lang.String)[pri:0, instance:com.pratian.automation.testclasses.Tc061@266374ef]" started-at="2021-10-17T00:00:53 IST" name="Login" data-provider="login" finished-at="2021-10-17T00:00:59 IST" duration-ms="6829" status="PASS">
          <params>
            <param index="0">
              <value>
                <![CDATA[prahas.kattimani@pratian.com]]>
              </value>
            </param>
            <param index="1">
              <value>
                <![CDATA[Qwerty123]]>
              </value>
            </param>
          </params>
          <reporter-output>
          </reporter-output>
        </test-method> <!-- Login -->
        <test-method signature="vadlidateClientPage()[pri:1, instance:com.pratian.automation.testclasses.Tc061@266374ef]" started-at="2021-10-17T00:00:59 IST" name="vadlidateClientPage" finished-at="2021-10-17T00:01:16 IST" duration-ms="16878" status="FAIL">
          <exception class="org.openqa.selenium.TimeoutException">
            <message>
              <![CDATA[timeout: Timed out receiving message from renderer: 10.000
  (Session info: chrome=94.0.4606.81)
Build info: version: '3.141.59', revision: 'e82be7d358', time: '2018-11-14T08:17:03'
System info: host: 'DESKTOP-C9JH5PO', ip: '192.168.0.7', os.name: 'Windows 10', os.arch: 'amd64', os.version: '10.0', java.version: '16.0.2'
Driver info: org.openqa.selenium.chrome.ChromeDriver
Capabilities {acceptInsecureCerts: false, browserName: chrome, browserVersion: 94.0.4606.81, chrome: {chromedriverVersion: 94.0.4606.61 (418b78f5838ed..., userDataDir: C:\Users\DELL\AppData\Local...}, goog:chromeOptions: {debuggerAddress: localhost:59406}, javascriptEnabled: true, networkConnectionEnabled: false, pageLoadStrategy: normal, platform: WINDOWS, platformName: WINDOWS, proxy: Proxy(), setWindowRect: true, strictFileInteractability: false, timeouts: {implicit: 0, pageLoad: 300000, script: 30000}, unhandledPromptBehavior: dismiss and notify, webauthn:extension:credBlob: true, webauthn:extension:largeBlob: true, webauthn:virtualAuthenticators: true}
Session ID: da460c8919b8ef78bad03145e5fbf4a2
*** Element info: {Using=xpath, value=/html/body/ngx-app/ngx-get2aha/ngx-one-column-layout/nb-layout/div/div/div/div/div/nb-layout-column/ngx-dashboard/ngx-sidebar/div/div/div/div[2]/ul[3]/li/a}]]>
            </message>
            <full-stacktrace>
              <![CDATA[org.openqa.selenium.TimeoutException: timeout: Timed out receiving message from renderer: 10.000
  (Session info: chrome=94.0.4606.81)
Build info: version: '3.141.59', revision: 'e82be7d358', time: '2018-11-14T08:17:03'
System info: host: 'DESKTOP-C9JH5PO', ip: '192.168.0.7', os.name: 'Windows 10', os.arch: 'amd64', os.version: '10.0', java.version: '16.0.2'
Driver info: org.openqa.selenium.chrome.ChromeDriver
Capabilities {acceptInsecureCerts: false, browserName: chrome, browserVersion: 94.0.4606.81, chrome: {chromedriverVersion: 94.0.4606.61 (418b78f5838ed..., userDataDir: C:\Users\DELL\AppData\Local...}, goog:chromeOptions: {debuggerAddress: localhost:59406}, javascriptEnabled: true, networkConnectionEnabled: false, pageLoadStrategy: normal, platform: WINDOWS, platformName: WINDOWS, proxy: Proxy(), setWindowRect: true, strictFileInteractability: false, timeouts: {implicit: 0, pageLoad: 300000, script: 30000}, unhandledPromptBehavior: dismiss and notify, webauthn:extension:credBlob: true, webauthn:extension:largeBlob: true, webauthn:virtualAuthenticators: true}
Session ID: da460c8919b8ef78bad03145e5fbf4a2
*** Element info: {Using=xpath, value=/html/body/ngx-app/ngx-get2aha/ngx-one-column-layout/nb-layout/div/div/div/div/div/nb-layout-column/ngx-dashboard/ngx-sidebar/div/div/div/div[2]/ul[3]/li/a}
at java.base/jdk.internal.reflect.NativeConstructorAccessorImpl.newInstance0(Native Method)
at java.base/jdk.internal.reflect.NativeConstructorAccessorImpl.newInstance(NativeConstructorAccessorImpl.java:78)
at java.base/jdk.internal.reflect.DelegatingConstructorAccessorImpl.newInstance(DelegatingConstructorAccessorImpl.java:45)
at java.base/java.lang.reflect.Constructor.newInstanceWithCaller(Constructor.java:499)
at java.base/java.lang.reflect.Constructor.newInstance(Constructor.java:480)
at org.openqa.selenium.remote.http.W3CHttpResponseCodec.createException(W3CHttpResponseCodec.java:187)
at org.openqa.selenium.remote.http.W3CHttpResponseCodec.decode(W3CHttpResponseCodec.java:122)
at org.openqa.selenium.remote.http.W3CHttpResponseCodec.decode(W3CHttpResponseCodec.java:49)
at org.openqa.selenium.remote.HttpCommandExecutor.execute(HttpCommandExecutor.java:158)
at org.openqa.selenium.remote.service.DriverCommandExecutor.execute(DriverCommandExecutor.java:83)
at org.openqa.selenium.remote.RemoteWebDriver.execute(RemoteWebDriver.java:552)
at org.openqa.selenium.remote.RemoteWebDriver.findElement(RemoteWebDriver.java:323)
at org.openqa.selenium.remote.RemoteWebDriver.findElementByXPath(RemoteWebDriver.java:428)
at org.openqa.selenium.By$ByXPath.findElement(By.java:353)
at org.openqa.selenium.remote.RemoteWebDriver.findElement(RemoteWebDriver.java:315)
at org.openqa.selenium.support.ui.ExpectedConditions$7.apply(ExpectedConditions.java:205)
at org.openqa.selenium.support.ui.ExpectedConditions$7.apply(ExpectedConditions.java:201)
at org.openqa.selenium.support.ui.FluentWait.until(FluentWait.java:249)
at com.pratian.automation.testclasses.Tc061.vadlidateClientPage(Tc061.java:20)
at java.base/jdk.internal.reflect.NativeMethodAccessorImpl.invoke0(Native Method)
at java.base/jdk.internal.reflect.NativeMethodAccessorImpl.invoke(NativeMethodAccessorImpl.java:78)
at java.base/jdk.internal.reflect.DelegatingMethodAccessorImpl.invoke(DelegatingMethodAccessorImpl.java:43)
at java.base/java.lang.reflect.Method.invoke(Method.java:567)
at org.testng.internal.MethodInvocationHelper.invokeMethod(MethodInvocationHelper.java:133)
at org.testng.internal.TestInvoker.invokeMethod(TestInvoker.java:598)
at org.testng.internal.TestInvoker.invokeTestMethod(TestInvoker.java:173)
at org.testng.internal.MethodRunner.runInSequence(MethodRunner.java:46)
at org.testng.internal.TestInvoker$MethodInvocationAgent.invoke(TestInvoker.java:824)
at org.testng.internal.TestInvoker.invokeTestMethods(TestInvoker.java:146)
at org.testng.internal.TestMethodWorker.invokeTestMethods(TestMethodWorker.java:146)
at org.testng.internal.TestMethodWorker.run(TestMethodWorker.java:128)
at java.base/java.util.ArrayList.forEach(ArrayList.java:1511)
at org.testng.TestRunner.privateRun(TestRunner.java:794)
at org.testng.TestRunner.run(TestRunner.java:596)
at org.testng.SuiteRunner.runTest(SuiteRunner.java:377)
at org.testng.SuiteRunner.runSequentially(SuiteRunner.java:371)
at org.testng.SuiteRunner.privateRun(SuiteRunner.java:332)
at org.testng.SuiteRunner.run(SuiteRunner.java:276)
at org.testng.SuiteRunnerWorker.runSuite(SuiteRunnerWorker.java:53)
at org.testng.SuiteRunnerWorker.run(SuiteRunnerWorker.java:96)
at org.testng.TestNG.runSuitesSequentially(TestNG.java:1212)
at org.testng.TestNG.runSuitesLocally(TestNG.java:1134)
at org.testng.TestNG.runSuites(TestNG.java:1063)
at org.testng.TestNG.run(TestNG.java:1031)
at org.testng.remote.AbstractRemoteTestNG.run(AbstractRemoteTestNG.java:115)
at org.testng.remote.RemoteTestNG.initAndRun(RemoteTestNG.java:251)
at org.testng.remote.RemoteTestNG.main(RemoteTestNG.java:77)
]]>
            </full-stacktrace>
          </exception> <!-- org.openqa.selenium.TimeoutException -->
          <reporter-output>
          </reporter-output>
        </test-method> <!-- vadlidateClientPage -->
        <test-method signature="filterStakeholderCategory()[pri:2, instance:com.pratian.automation.testclasses.Tc061@266374ef]" started-at="2021-10-17T00:01:17 IST" name="filterStakeholderCategory" finished-at="2021-10-17T00:01:23 IST" duration-ms="6032" status="FAIL">
          <exception class="org.openqa.selenium.TimeoutException">
            <message>
              <![CDATA[Expected condition failed: waiting for visibility of element located by By.id: maincontent (tried for 6 second(s) with 500 milliseconds interval)]]>
            </message>
            <full-stacktrace>
              <![CDATA[org.openqa.selenium.TimeoutException: Expected condition failed: waiting for visibility of element located by By.id: maincontent (tried for 6 second(s) with 500 milliseconds interval)
at org.openqa.selenium.support.ui.WebDriverWait.timeoutException(WebDriverWait.java:95)
at org.openqa.selenium.support.ui.FluentWait.until(FluentWait.java:272)
at com.pratian.automation.testclasses.Tc061.filterStakeholderCategory(Tc061.java:29)
at java.base/jdk.internal.reflect.NativeMethodAccessorImpl.invoke0(Native Method)
at java.base/jdk.internal.reflect.NativeMethodAccessorImpl.invoke(NativeMethodAccessorImpl.java:78)
at java.base/jdk.internal.reflect.DelegatingMethodAccessorImpl.invoke(DelegatingMethodAccessorImpl.java:43)
at java.base/java.lang.reflect.Method.invoke(Method.java:567)
at org.testng.internal.MethodInvocationHelper.invokeMethod(MethodInvocationHelper.java:133)
at org.testng.internal.TestInvoker.invokeMethod(TestInvoker.java:598)
at org.testng.internal.TestInvoker.invokeTestMethod(TestInvoker.java:173)
at org.testng.internal.MethodRunner.runInSequence(MethodRunner.java:46)
at org.testng.internal.TestInvoker$MethodInvocationAgent.invoke(TestInvoker.java:824)
at org.testng.internal.TestInvoker.invokeTestMethods(TestInvoker.java:146)
at org.testng.internal.TestMethodWorker.invokeTestMethods(TestMethodWorker.java:146)
at org.testng.internal.TestMethodWorker.run(TestMethodWorker.java:128)
at java.base/java.util.ArrayList.forEach(ArrayList.java:1511)
at org.testng.TestRunner.privateRun(TestRunner.java:794)
at org.testng.TestRunner.run(TestRunner.java:596)
at org.testng.SuiteRunner.runTest(SuiteRunner.java:377)
at org.testng.SuiteRunner.runSequentially(SuiteRunner.java:371)
at org.testng.SuiteRunner.privateRun(SuiteRunner.java:332)
at org.testng.SuiteRunner.run(SuiteRunner.java:276)
at org.testng.SuiteRunnerWorker.runSuite(SuiteRunnerWorker.java:53)
at org.testng.SuiteRunnerWorker.run(SuiteRunnerWorker.java:96)
at org.testng.TestNG.runSuitesSequentially(TestNG.java:1212)
at org.testng.TestNG.runSuitesLocally(TestNG.java:1134)
at org.testng.TestNG.runSuites(TestNG.java:1063)
at org.testng.TestNG.run(TestNG.java:1031)
at org.testng.remote.AbstractRemoteTestNG.run(AbstractRemoteTestNG.java:115)
at org.testng.remote.RemoteTestNG.initAndRun(RemoteTestNG.java:251)
at org.testng.remote.RemoteTestNG.main(RemoteTestNG.java:77)
Caused by: org.openqa.selenium.NoSuchElementException: no such element: Unable to locate element: {"method":"css selector","selector":"#maincontent"}
  (Session info: chrome=94.0.4606.81)
For documentation on this error, please visit: https://www.seleniumhq.org/exceptions/no_such_element.html
Build info: version: '3.141.59', revision: 'e82be7d358', time: '2018-11-14T08:17:03'
System info: host: 'DESKTOP-C9JH5PO', ip: '192.168.0.7', os.name: 'Windows 10', os.arch: 'amd64', os.version: '10.0', java.version: '16.0.2'
Driver info: org.openqa.selenium.chrome.ChromeDriver
Capabilities {acceptInsecureCerts: false, browserName: chrome, browserVersion: 94.0.4606.81, chrome: {chromedriverVersion: 94.0.4606.61 (418b78f5838ed..., userDataDir: C:\Users\DELL\AppData\Local...}, goog:chromeOptions: {debuggerAddress: localhost:59406}, javascriptEnabled: true, networkConnectionEnabled: false, pageLoadStrategy: normal, platform: WINDOWS, platformName: WINDOWS, proxy: Proxy(), setWindowRect: true, strictFileInteractability: false, timeouts: {implicit: 0, pageLoad: 300000, script: 30000}, unhandledPromptBehavior: dismiss and notify, webauthn:extension:credBlob: true, webauthn:extension:largeBlob: true, webauthn:virtualAuthenticators: true}
Session ID: da460c8919b8ef78bad03145e5fbf4a2
*** Element info: {Using=id, value=maincontent}
at jdk.internal.reflect.GeneratedConstructorAccessor32.newInstance(Unknown Source)
at java.base/jdk.internal.reflect.DelegatingConstructorAccessorImpl.newInstance(DelegatingConstructorAccessorImpl.java:45)
at java.base/java.lang.reflect.Constructor.newInstanceWithCaller(Constructor.java:499)
at java.base/java.lang.reflect.Constructor.newInstance(Constructor.java:480)
at org.openqa.selenium.remote.http.W3CHttpResponseCodec.createException(W3CHttpResponseCodec.java:187)
at org.openqa.selenium.remote.http.W3CHttpResponseCodec.decode(W3CHttpResponseCodec.java:122)
at org.openqa.selenium.remote.http.W3CHttpResponseCodec.decode(W3CHttpResponseCodec.java:49)
at org.openqa.selenium.remote.HttpCommandExecutor.execute(HttpCommandExecutor.java:158)
at org.openqa.selenium.remote.service.DriverCommandExecutor.execute(DriverCommandExecutor.java:83)
at org.openqa.selenium.remote.RemoteWebDriver.execute(RemoteWebDriver.java:552)
at org.openqa.selenium.remote.RemoteWebDriver.findElement(RemoteWebDriver.java:323)
at org.openqa.selenium.remote.RemoteWebDriver.findElementById(RemoteWebDriver.java:372)
at org.openqa.selenium.By$ById.findElement(By.java:188)
at org.openqa.selenium.remote.RemoteWebDriver.findElement(RemoteWebDriver.java:315)
at org.openqa.selenium.support.ui.ExpectedConditions$7.apply(ExpectedConditions.java:205)
at org.openqa.selenium.support.ui.ExpectedConditions$7.apply(ExpectedConditions.java:201)
at org.openqa.selenium.support.ui.FluentWait.until(FluentWait.java:249)
... 29 more
]]>
            </full-stacktrace>
          </exception> <!-- org.openqa.selenium.TimeoutException -->
          <reporter-output>
          </reporter-output>
        </test-method> <!-- filterStakeholderCategory -->
        <test-method is-config="true" signature="tearDown()[pri:0, instance:com.pratian.automation.testclasses.Tc061@266374ef]" started-at="2021-10-17T00:01:23 IST" name="tearDown" finished-at="2021-10-17T00:01:24 IST" duration-ms="807" status="PASS">
          <reporter-output>
          </reporter-output>
        </test-method> <!-- tearDown -->
      </class> <!-- com.pratian.automation.testclasses.Tc061 -->
      <class name="com.pratian.automation.testclasses.Tc060">
        <test-method is-config="true" signature="setUp(java.lang.String)[pri:0, instance:com.pratian.automation.testclasses.Tc060@5d99c6b5]" started-at="2021-10-16T23:59:35 IST" name="setUp" finished-at="2021-10-16T23:59:54 IST" duration-ms="19169" status="PASS">
          <params>
            <param index="0">
              <value>
                <![CDATA[chrome]]>
              </value>
            </param>
          </params>
          <reporter-output>
          </reporter-output>
        </test-method> <!-- setUp -->
        <test-method signature="Login(java.lang.String,java.lang.String)[pri:0, instance:com.pratian.automation.testclasses.Tc060@5d99c6b5]" started-at="2021-10-16T23:59:54 IST" name="Login" data-provider="login" finished-at="2021-10-17T00:00:01 IST" duration-ms="6959" status="PASS">
          <params>
            <param index="0">
              <value>
                <![CDATA[prahas.kattimani@pratian.com]]>
              </value>
            </param>
            <param index="1">
              <value>
                <![CDATA[Qwerty123]]>
              </value>
            </param>
          </params>
          <reporter-output>
          </reporter-output>
        </test-method> <!-- Login -->
        <test-method signature="vadlidateClientPage()[pri:1, instance:com.pratian.automation.testclasses.Tc060@5d99c6b5]" started-at="2021-10-17T00:00:01 IST" name="vadlidateClientPage" finished-at="2021-10-17T00:00:16 IST" duration-ms="15045" status="PASS">
          <reporter-output>
          </reporter-output>
        </test-method> <!-- vadlidateClientPage -->
        <test-method signature="filterStakeholderInvestor()[pri:2, instance:com.pratian.automation.testclasses.Tc060@5d99c6b5]" started-at="2021-10-17T00:00:16 IST" name="filterStakeholderInvestor" finished-at="2021-10-17T00:00:24 IST" duration-ms="7871" status="FAIL">
          <exception class="org.openqa.selenium.TimeoutException">
            <message>
              <![CDATA[Expected condition failed: waiting for visibility of element located by By.xpath: viewStakeholder_filterBtn (tried for 6 second(s) with 500 milliseconds interval)]]>
            </message>
            <full-stacktrace>
              <![CDATA[org.openqa.selenium.TimeoutException: Expected condition failed: waiting for visibility of element located by By.xpath: viewStakeholder_filterBtn (tried for 6 second(s) with 500 milliseconds interval)
at org.openqa.selenium.support.ui.WebDriverWait.timeoutException(WebDriverWait.java:95)
at org.openqa.selenium.support.ui.FluentWait.until(FluentWait.java:272)
at com.pratian.automation.testclasses.Tc060.filterStakeholderInvestor(Tc060.java:34)
at java.base/jdk.internal.reflect.NativeMethodAccessorImpl.invoke0(Native Method)
at java.base/jdk.internal.reflect.NativeMethodAccessorImpl.invoke(NativeMethodAccessorImpl.java:78)
at java.base/jdk.internal.reflect.DelegatingMethodAccessorImpl.invoke(DelegatingMethodAccessorImpl.java:43)
at java.base/java.lang.reflect.Method.invoke(Method.java:567)
at org.testng.internal.MethodInvocationHelper.invokeMethod(MethodInvocationHelper.java:133)
at org.testng.internal.TestInvoker.invokeMethod(TestInvoker.java:598)
at org.testng.internal.TestInvoker.invokeTestMethod(TestInvoker.java:173)
at org.testng.internal.MethodRunner.runInSequence(MethodRunner.java:46)
at org.testng.internal.TestInvoker$MethodInvocationAgent.invoke(TestInvoker.java:824)
at org.testng.internal.TestInvoker.invokeTestMethods(TestInvoker.java:146)
at org.testng.internal.TestMethodWorker.invokeTestMethods(TestMethodWorker.java:146)
at org.testng.internal.TestMethodWorker.run(TestMethodWorker.java:128)
at java.base/java.util.ArrayList.forEach(ArrayList.java:1511)
at org.testng.TestRunner.privateRun(TestRunner.java:794)
at org.testng.TestRunner.run(TestRunner.java:596)
at org.testng.SuiteRunner.runTest(SuiteRunner.java:377)
at org.testng.SuiteRunner.runSequentially(SuiteRunner.java:371)
at org.testng.SuiteRunner.privateRun(SuiteRunner.java:332)
at org.testng.SuiteRunner.run(SuiteRunner.java:276)
at org.testng.SuiteRunnerWorker.runSuite(SuiteRunnerWorker.java:53)
at org.testng.SuiteRunnerWorker.run(SuiteRunnerWorker.java:96)
at org.testng.TestNG.runSuitesSequentially(TestNG.java:1212)
at org.testng.TestNG.runSuitesLocally(TestNG.java:1134)
at org.testng.TestNG.runSuites(TestNG.java:1063)
at org.testng.TestNG.run(TestNG.java:1031)
at org.testng.remote.AbstractRemoteTestNG.run(AbstractRemoteTestNG.java:115)
at org.testng.remote.RemoteTestNG.initAndRun(RemoteTestNG.java:251)
at org.testng.remote.RemoteTestNG.main(RemoteTestNG.java:77)
Caused by: org.openqa.selenium.NoSuchElementException: no such element: Unable to locate element: {"method":"xpath","selector":"viewStakeholder_filterBtn"}
  (Session info: chrome=94.0.4606.81)
For documentation on this error, please visit: https://www.seleniumhq.org/exceptions/no_such_element.html
Build info: version: '3.141.59', revision: 'e82be7d358', time: '2018-11-14T08:17:03'
System info: host: 'DESKTOP-C9JH5PO', ip: '192.168.0.7', os.name: 'Windows 10', os.arch: 'amd64', os.version: '10.0', java.version: '16.0.2'
Driver info: org.openqa.selenium.chrome.ChromeDriver
Capabilities {acceptInsecureCerts: false, browserName: chrome, browserVersion: 94.0.4606.81, chrome: {chromedriverVersion: 94.0.4606.61 (418b78f5838ed..., userDataDir: C:\Users\DELL\AppData\Local...}, goog:chromeOptions: {debuggerAddress: localhost:64842}, javascriptEnabled: true, networkConnectionEnabled: false, pageLoadStrategy: normal, platform: WINDOWS, platformName: WINDOWS, proxy: Proxy(), setWindowRect: true, strictFileInteractability: false, timeouts: {implicit: 0, pageLoad: 300000, script: 30000}, unhandledPromptBehavior: dismiss and notify, webauthn:extension:credBlob: true, webauthn:extension:largeBlob: true, webauthn:virtualAuthenticators: true}
Session ID: 8b9d5b63fd2097ff2be1e51de6494bdc
*** Element info: {Using=xpath, value=viewStakeholder_filterBtn}
at jdk.internal.reflect.GeneratedConstructorAccessor32.newInstance(Unknown Source)
at java.base/jdk.internal.reflect.DelegatingConstructorAccessorImpl.newInstance(DelegatingConstructorAccessorImpl.java:45)
at java.base/java.lang.reflect.Constructor.newInstanceWithCaller(Constructor.java:499)
at java.base/java.lang.reflect.Constructor.newInstance(Constructor.java:480)
at org.openqa.selenium.remote.http.W3CHttpResponseCodec.createException(W3CHttpResponseCodec.java:187)
at org.openqa.selenium.remote.http.W3CHttpResponseCodec.decode(W3CHttpResponseCodec.java:122)
at org.openqa.selenium.remote.http.W3CHttpResponseCodec.decode(W3CHttpResponseCodec.java:49)
at org.openqa.selenium.remote.HttpCommandExecutor.execute(HttpCommandExecutor.java:158)
at org.openqa.selenium.remote.service.DriverCommandExecutor.execute(DriverCommandExecutor.java:83)
at org.openqa.selenium.remote.RemoteWebDriver.execute(RemoteWebDriver.java:552)
at org.openqa.selenium.remote.RemoteWebDriver.findElement(RemoteWebDriver.java:323)
at org.openqa.selenium.remote.RemoteWebDriver.findElementByXPath(RemoteWebDriver.java:428)
at org.openqa.selenium.By$ByXPath.findElement(By.java:353)
at org.openqa.selenium.remote.RemoteWebDriver.findElement(RemoteWebDriver.java:315)
at org.openqa.selenium.support.ui.ExpectedConditions$7.apply(ExpectedConditions.java:205)
at org.openqa.selenium.support.ui.ExpectedConditions$7.apply(ExpectedConditions.java:201)
at org.openqa.selenium.support.ui.FluentWait.until(FluentWait.java:249)
... 29 more
]]>
            </full-stacktrace>
          </exception> <!-- org.openqa.selenium.TimeoutException -->
          <reporter-output>
          </reporter-output>
        </test-method> <!-- filterStakeholderInvestor -->
        <test-method is-config="true" signature="tearDown()[pri:0, instance:com.pratian.automation.testclasses.Tc060@5d99c6b5]" started-at="2021-10-17T00:00:24 IST" name="tearDown" finished-at="2021-10-17T00:00:29 IST" duration-ms="5210" status="PASS">
          <reporter-output>
          </reporter-output>
        </test-method> <!-- tearDown -->
      </class> <!-- com.pratian.automation.testclasses.Tc060 -->
      <class name="com.pratian.automation.testclasses.AddInvalidInternal">
        <test-method is-config="true" signature="setUp(java.lang.String)[pri:0, instance:com.pratian.automation.testclasses.AddInvalidInternal@4bf48f6]" started-at="2021-10-16T23:52:59 IST" name="setUp" finished-at="2021-10-16T23:53:21 IST" duration-ms="22407" status="PASS">
          <params>
            <param index="0">
              <value>
                <![CDATA[chrome]]>
              </value>
            </param>
          </params>
          <reporter-output>
          </reporter-output>
        </test-method> <!-- setUp -->
        <test-method signature="Login(java.lang.String,java.lang.String)[pri:0, instance:com.pratian.automation.testclasses.AddInvalidInternal@4bf48f6]" started-at="2021-10-16T23:53:21 IST" name="Login" data-provider="login" finished-at="2021-10-16T23:53:28 IST" duration-ms="6734" status="PASS">
          <params>
            <param index="0">
              <value>
                <![CDATA[prahas.kattimani@pratian.com]]>
              </value>
            </param>
            <param index="1">
              <value>
                <![CDATA[Qwerty123]]>
              </value>
            </param>
          </params>
          <reporter-output>
          </reporter-output>
        </test-method> <!-- Login -->
        <test-method signature="vadlidateClientPage()[pri:1, instance:com.pratian.automation.testclasses.AddInvalidInternal@4bf48f6]" started-at="2021-10-16T23:53:28 IST" name="vadlidateClientPage" finished-at="2021-10-16T23:54:00 IST" duration-ms="32195" status="PASS">
          <reporter-output>
          </reporter-output>
        </test-method> <!-- vadlidateClientPage -->
        <test-method signature="addInvalid()[pri:2, instance:com.pratian.automation.testclasses.AddInvalidInternal@4bf48f6]" started-at="2021-10-16T23:54:00 IST" name="addInvalid" finished-at="2021-10-16T23:54:11 IST" duration-ms="10510" status="PASS">
          <reporter-output>
          </reporter-output>
        </test-method> <!-- addInvalid -->
        <test-method is-config="true" signature="tearDown()[pri:0, instance:com.pratian.automation.testclasses.AddInvalidInternal@4bf48f6]" started-at="2021-10-16T23:54:11 IST" name="tearDown" finished-at="2021-10-16T23:54:39 IST" duration-ms="27596" status="PASS">
          <reporter-output>
          </reporter-output>
        </test-method> <!-- tearDown -->
      </class> <!-- com.pratian.automation.testclasses.AddInvalidInternal -->
      <class name="com.pratian.automation.testclasses.Tc028">
        <test-method is-config="true" signature="setUp(java.lang.String)[pri:0, instance:com.pratian.automation.testclasses.Tc028@4c012563]" started-at="2021-10-16T23:29:47 IST" name="setUp" finished-at="2021-10-16T23:30:04 IST" duration-ms="17192" status="PASS">
          <params>
            <param index="0">
              <value>
                <![CDATA[chrome]]>
              </value>
            </param>
          </params>
          <reporter-output>
          </reporter-output>
        </test-method> <!-- setUp -->
        <test-method signature="Login(java.lang.String,java.lang.String)[pri:0, instance:com.pratian.automation.testclasses.Tc028@4c012563]" started-at="2021-10-16T23:30:04 IST" name="Login" data-provider="login" finished-at="2021-10-16T23:30:10 IST" duration-ms="6612" status="PASS">
          <params>
            <param index="0">
              <value>
                <![CDATA[prahas.kattimani@pratian.com]]>
              </value>
            </param>
            <param index="1">
              <value>
                <![CDATA[Qwerty123]]>
              </value>
            </param>
          </params>
          <reporter-output>
          </reporter-output>
        </test-method> <!-- Login -->
        <test-method signature="vadlidateClientPage()[pri:1, instance:com.pratian.automation.testclasses.Tc028@4c012563]" started-at="2021-10-16T23:30:10 IST" name="vadlidateClientPage" finished-at="2021-10-16T23:31:16 IST" duration-ms="65653" status="PASS">
          <reporter-output>
          </reporter-output>
        </test-method> <!-- vadlidateClientPage -->
        <test-method is-config="true" signature="tearDown()[pri:0, instance:com.pratian.automation.testclasses.Tc028@4c012563]" started-at="2021-10-16T23:31:16 IST" name="tearDown" finished-at="2021-10-16T23:31:19 IST" duration-ms="3022" status="PASS">
          <reporter-output>
          </reporter-output>
        </test-method> <!-- tearDown -->
      </class> <!-- com.pratian.automation.testclasses.Tc028 -->
      <class name="com.pratian.automation.testclasses.ActiveStatus">
        <test-method is-config="true" signature="setUp(java.lang.String)[pri:0, instance:com.pratian.automation.testclasses.ActiveStatus@20d7d6fb]" started-at="2021-10-16T23:40:24 IST" name="setUp" finished-at="2021-10-16T23:40:46 IST" duration-ms="21931" status="PASS">
          <params>
            <param index="0">
              <value>
                <![CDATA[chrome]]>
              </value>
            </param>
          </params>
          <reporter-output>
          </reporter-output>
        </test-method> <!-- setUp -->
        <test-method signature="Login(java.lang.String,java.lang.String)[pri:0, instance:com.pratian.automation.testclasses.ActiveStatus@20d7d6fb]" started-at="2021-10-16T23:40:46 IST" name="Login" data-provider="login" finished-at="2021-10-16T23:40:53 IST" duration-ms="7245" status="PASS">
          <params>
            <param index="0">
              <value>
                <![CDATA[prahas.kattimani@pratian.com]]>
              </value>
            </param>
            <param index="1">
              <value>
                <![CDATA[Qwerty123]]>
              </value>
            </param>
          </params>
          <reporter-output>
          </reporter-output>
        </test-method> <!-- Login -->
        <test-method is-config="true" signature="tearDown()[pri:0, instance:com.pratian.automation.testclasses.ActiveStatus@20d7d6fb]" started-at="2021-10-16T23:40:53 IST" name="tearDown" finished-at="2021-10-16T23:40:55 IST" duration-ms="1953" status="PASS">
          <reporter-output>
          </reporter-output>
        </test-method> <!-- tearDown -->
      </class> <!-- com.pratian.automation.testclasses.ActiveStatus -->
    </test> <!-- Chrome Test -->
  </suite> <!-- Suite -->
</testng-results>
